{"meta": {"format": 3, "version": "7.10.5", "timestamp": "2025-12-29T12:41:09.677883", "branch_coverage": true, "show_contexts": false}, "files": {"src\\taskman_api\\__init__.py": {"executed_lines": [], "summary": {"covered_lines": 0, "num_statements": 0, "percent_covered": 100.0, "percent_covered_display": "100.00", "missing_lines": 0, "excluded_lines": 0, "num_branches": 0, "num_partial_branches": 0, "covered_branches": 0, "missing_branches": 0}, "missing_lines": [], "excluded_lines": [], "executed_branches": [], "missing_branches": [], "functions": {"": {"executed_lines": [], "summary": {"covered_lines": 0, "num_statements": 0, "percent_covered": 100.0, "percent_covered_display": "100.00", "missing_lines": 0, "excluded_lines": 0, "num_branches": 0, "num_partial_branches": 0, "covered_branches": 0, "missing_branches": 0}, "missing_lines": [], "excluded_lines": [], "executed_branches": [], "missing_branches": []}}, "classes": {"": {"executed_lines": [], "summary": {"covered_lines": 0, "num_statements": 0, "percent_covered": 100.0, "percent_covered_display": "100.00", "missing_lines": 0, "excluded_lines": 0, "num_branches": 0, "num_partial_branches": 0, "covered_branches": 0, "missing_branches": 0}, "missing_lines": [], "excluded_lines": [], "executed_branches": [], "missing_branches": []}}}, "src\\taskman_api\\auth.py": {"executed_lines": [1, 7, 8, 9, 11, 12, 13, 14, 16, 21, 22, 23, 25, 31, 32, 34, 46, 50, 54, 67, 102, 130, 182, 218], "summary": {"covered_lines": 22, "num_statements": 61, "percent_covered": 31.884057971014492, "percent_covered_display": "31.88", "missing_lines": 39, "excluded_lines": 0, "num_branches": 8, "num_partial_branches": 0, "covered_branches": 0, "missing_branches": 8}, "missing_lines": [41, 42, 43, 44, 48, 52, 56, 85, 86, 87, 95, 96, 99, 115, 116, 117, 118, 119, 120, 156, 157, 160, 161, 163, 164, 165, 171, 178, 179, 200, 201, 206, 211, 212, 232, 233, 239, 245, 246], "excluded_lines": [], "executed_branches": [], "missing_branches": [[163, 164], [163, 171], [200, 201], [200, 211], [232, 233], [232, 245], [245, -218], [245, 246]], "functions": {"User.__init__": {"executed_lines": [], "summary": {"covered_lines": 0, "num_statements": 4, "percent_covered": 0.0, "percent_covered_display": "0.00", "missing_lines": 4, "excluded_lines": 0, "num_branches": 0, "num_partial_branches": 0, "covered_branches": 0, "missing_branches": 0}, "missing_lines": [41, 42, 43, 44], "excluded_lines": [], "executed_branches": [], "missing_branches": []}, "User.is_admin": {"executed_lines": [], "summary": {"covered_lines": 0, "num_statements": 1, "percent_covered": 0.0, "percent_covered_display": "0.00", "missing_lines": 1, "excluded_lines": 0, "num_branches": 0, "num_partial_branches": 0, "covered_branches": 0, "missing_branches": 0}, "missing_lines": [48], "excluded_lines": [], "executed_branches": [], "missing_branches": []}, "User.has_permission": {"executed_lines": [], "summary": {"covered_lines": 0, "num_statements": 1, "percent_covered": 0.0, "percent_covered_display": "0.00", "missing_lines": 1, "excluded_lines": 0, "num_branches": 0, "num_partial_branches": 0, "covered_branches": 0, "missing_branches": 0}, "missing_lines": [52], "excluded_lines": [], "executed_branches": [], "missing_branches": []}, "User.to_dict": {"executed_lines": [], "summary": {"covered_lines": 0, "num_statements": 1, "percent_covered": 0.0, "percent_covered_display": "0.00", "missing_lines": 1, "excluded_lines": 0, "num_branches": 0, "num_partial_branches": 0, "covered_branches": 0, "missing_branches": 0}, "missing_lines": [56], "excluded_lines": [], "executed_branches": [], "missing_branches": []}, "create_access_token": {"executed_lines": [], "summary": {"covered_lines": 0, "num_statements": 6, "percent_covered": 0.0, "percent_covered_display": "0.00", "missing_lines": 6, "excluded_lines": 0, "num_branches": 0, "num_partial_branches": 0, "covered_branches": 0, "missing_branches": 0}, "missing_lines": [85, 86, 87, 95, 96, 99], "excluded_lines": [], "executed_branches": [], "missing_branches": []}, "verify_token": {"executed_lines": [], "summary": {"covered_lines": 0, "num_statements": 6, "percent_covered": 0.0, "percent_covered_display": "0.00", "missing_lines": 6, "excluded_lines": 0, "num_branches": 0, "num_partial_branches": 0, "covered_branches": 0, "missing_branches": 0}, "missing_lines": [115, 116, 117, 118, 119, 120], "excluded_lines": [], "executed_branches": [], "missing_branches": []}, "get_current_user": {"executed_lines": [], "summary": {"covered_lines": 0, "num_statements": 10, "percent_covered": 0.0, "percent_covered_display": "0.00", "missing_lines": 10, "excluded_lines": 0, "num_branches": 2, "num_partial_branches": 0, "covered_branches": 0, "missing_branches": 2}, "missing_lines": [156, 157, 160, 161, 163, 164, 165, 171, 178, 179], "excluded_lines": [], "executed_branches": [], "missing_branches": [[163, 164], [163, 171]]}, "get_current_admin_user": {"executed_lines": [], "summary": {"covered_lines": 0, "num_statements": 5, "percent_covered": 0.0, "percent_covered_display": "0.00", "missing_lines": 5, "excluded_lines": 0, "num_branches": 2, "num_partial_branches": 0, "covered_branches": 0, "missing_branches": 2}, "missing_lines": [200, 201, 206, 211, 212], "excluded_lines": [], "executed_branches": [], "missing_branches": [[200, 201], [200, 211]]}, "check_ownership": {"executed_lines": [], "summary": {"covered_lines": 0, "num_statements": 5, "percent_covered": 0.0, "percent_covered_display": "0.00", "missing_lines": 5, "excluded_lines": 0, "num_branches": 4, "num_partial_branches": 0, "covered_branches": 0, "missing_branches": 4}, "missing_lines": [232, 233, 239, 245, 246], "excluded_lines": [], "executed_branches": [], "missing_branches": [[232, 233], [232, 245], [245, -218], [245, 246]]}, "": {"executed_lines": [1, 7, 8, 9, 11, 12, 13, 14, 16, 21, 22, 23, 25, 31, 32, 34, 46, 50, 54, 67, 102, 130, 182, 218], "summary": {"covered_lines": 22, "num_statements": 22, "percent_covered": 100.0, "percent_covered_display": "100.00", "missing_lines": 0, "excluded_lines": 0, "num_branches": 0, "num_partial_branches": 0, "covered_branches": 0, "missing_branches": 0}, "missing_lines": [], "excluded_lines": [], "executed_branches": [], "missing_branches": []}}, "classes": {"User": {"executed_lines": [], "summary": {"covered_lines": 0, "num_statements": 7, "percent_covered": 0.0, "percent_covered_display": "0.00", "missing_lines": 7, "excluded_lines": 0, "num_branches": 0, "num_partial_branches": 0, "covered_branches": 0, "missing_branches": 0}, "missing_lines": [41, 42, 43, 44, 48, 52, 56], "excluded_lines": [], "executed_branches": [], "missing_branches": []}, "": {"executed_lines": [1, 7, 8, 9, 11, 12, 13, 14, 16, 21, 22, 23, 25, 31, 32, 34, 46, 50, 54, 67, 102, 130, 182, 218], "summary": {"covered_lines": 22, "num_statements": 54, "percent_covered": 35.483870967741936, "percent_covered_display": "35.48", "missing_lines": 32, "excluded_lines": 0, "num_branches": 8, "num_partial_branches": 0, "covered_branches": 0, "missing_branches": 8}, "missing_lines": [85, 86, 87, 95, 96, 99, 115, 116, 117, 118, 119, 120, 156, 157, 160, 161, 163, 164, 165, 171, 178, 179, 200, 201, 206, 211, 212, 232, 233, 239, 245, 246], "excluded_lines": [], "executed_branches": [], "missing_branches": [[163, 164], [163, 171], [200, 201], [200, 211], [232, 233], [232, 245], [245, -218], [245, 246]]}}}, "src\\taskman_api\\config.py": {"executed_lines": [1, 30, 31, 33, 34, 37, 38, 45, 49, 55, 59, 62, 66, 72, 76, 82, 89, 90, 91, 102, 103, 105, 106, 107, 114, 115, 118, 119, 125, 130, 136, 144, 145, 169, 179, 183, 189, 192, 198, 202, 207, 208, 209, 224, 226, 227, 234, 236, 237, 238, 243, 245, 246, 247, 249, 251, 252, 253, 255, 257, 258, 259, 261, 264, 265, 290], "summary": {"covered_lines": 62, "num_statements": 62, "percent_covered": 100.0, "percent_covered_display": "100.00", "missing_lines": 0, "excluded_lines": 0, "num_branches": 6, "num_partial_branches": 0, "covered_branches": 6, "missing_branches": 0}, "missing_lines": [], "excluded_lines": [], "executed_branches": [[226, 227], [226, 243], [236, 237], [236, 243], [237, 236], [237, 238]], "missing_branches": [], "functions": {"DatabaseConfig.connection_string": {"executed_lines": [102, 103], "summary": {"covered_lines": 2, "num_statements": 2, "percent_covered": 100.0, "percent_covered_display": "100.00", "missing_lines": 0, "excluded_lines": 0, "num_branches": 0, "num_partial_branches": 0, "covered_branches": 0, "missing_branches": 0}, "missing_lines": [], "excluded_lines": [], "executed_branches": [], "missing_branches": []}, "DatabaseConfig.async_connection_string": {"executed_lines": [114, 115], "summary": {"covered_lines": 2, "num_statements": 2, "percent_covered": 100.0, "percent_covered_display": "100.00", "missing_lines": 0, "excluded_lines": 0, "num_branches": 0, "num_partial_branches": 0, "covered_branches": 0, "missing_branches": 0}, "missing_lines": [], "excluded_lines": [], "executed_branches": [], "missing_branches": []}, "Settings.validate_production_secrets": {"executed_lines": [224, 226, 227, 234, 236, 237, 238, 243], "summary": {"covered_lines": 8, "num_statements": 8, "percent_covered": 100.0, "percent_covered_display": "100.00", "missing_lines": 0, "excluded_lines": 0, "num_branches": 6, "num_partial_branches": 0, "covered_branches": 6, "missing_branches": 0}, "missing_lines": [], "excluded_lines": [], "executed_branches": [[226, 227], [226, 243], [236, 237], [236, 243], [237, 236], [237, 238]], "missing_branches": []}, "Settings.is_production": {"executed_lines": [249], "summary": {"covered_lines": 1, "num_statements": 1, "percent_covered": 100.0, "percent_covered_display": "100.00", "missing_lines": 0, "excluded_lines": 0, "num_branches": 0, "num_partial_branches": 0, "covered_branches": 0, "missing_branches": 0}, "missing_lines": [], "excluded_lines": [], "executed_branches": [], "missing_branches": []}, "Settings.is_testing": {"executed_lines": [255], "summary": {"covered_lines": 1, "num_statements": 1, "percent_covered": 100.0, "percent_covered_display": "100.00", "missing_lines": 0, "excluded_lines": 0, "num_branches": 0, "num_partial_branches": 0, "covered_branches": 0, "missing_branches": 0}, "missing_lines": [], "excluded_lines": [], "executed_branches": [], "missing_branches": []}, "Settings.debug": {"executed_lines": [261], "summary": {"covered_lines": 1, "num_statements": 1, "percent_covered": 100.0, "percent_covered_display": "100.00", "missing_lines": 0, "excluded_lines": 0, "num_branches": 0, "num_partial_branches": 0, "covered_branches": 0, "missing_branches": 0}, "missing_lines": [], "excluded_lines": [], "executed_branches": [], "missing_branches": []}, "get_settings": {"executed_lines": [290], "summary": {"covered_lines": 1, "num_statements": 1, "percent_covered": 100.0, "percent_covered_display": "100.00", "missing_lines": 0, "excluded_lines": 0, "num_branches": 0, "num_partial_branches": 0, "covered_branches": 0, "missing_branches": 0}, "missing_lines": [], "excluded_lines": [], "executed_branches": [], "missing_branches": []}, "": {"executed_lines": [1, 30, 31, 33, 34, 37, 38, 45, 49, 55, 59, 62, 66, 72, 76, 82, 89, 90, 91, 105, 106, 107, 118, 119, 125, 130, 136, 144, 145, 169, 179, 183, 189, 192, 198, 202, 207, 208, 209, 245, 246, 247, 251, 252, 253, 257, 258, 259, 264, 265], "summary": {"covered_lines": 46, "num_statements": 46, "percent_covered": 100.0, "percent_covered_display": "100.00", "missing_lines": 0, "excluded_lines": 0, "num_branches": 0, "num_partial_branches": 0, "covered_branches": 0, "missing_branches": 0}, "missing_lines": [], "excluded_lines": [], "executed_branches": [], "missing_branches": []}}, "classes": {"DatabaseConfig": {"executed_lines": [102, 103, 114, 115], "summary": {"covered_lines": 4, "num_statements": 4, "percent_covered": 100.0, "percent_covered_display": "100.00", "missing_lines": 0, "excluded_lines": 0, "num_branches": 0, "num_partial_branches": 0, "covered_branches": 0, "missing_branches": 0}, "missing_lines": [], "excluded_lines": [], "executed_branches": [], "missing_branches": []}, "RedisConfig": {"executed_lines": [], "summary": {"covered_lines": 0, "num_statements": 0, "percent_covered": 100.0, "percent_covered_display": "100.00", "missing_lines": 0, "excluded_lines": 0, "num_branches": 0, "num_partial_branches": 0, "covered_branches": 0, "missing_branches": 0}, "missing_lines": [], "excluded_lines": [], "executed_branches": [], "missing_branches": []}, "Settings": {"executed_lines": [224, 226, 227, 234, 236, 237, 238, 243, 249, 255, 261], "summary": {"covered_lines": 11, "num_statements": 11, "percent_covered": 100.0, "percent_covered_display": "100.00", "missing_lines": 0, "excluded_lines": 0, "num_branches": 6, "num_partial_branches": 0, "covered_branches": 6, "missing_branches": 0}, "missing_lines": [], "excluded_lines": [], "executed_branches": [[226, 227], [226, 243], [236, 237], [236, 243], [237, 236], [237, 238]], "missing_branches": []}, "": {"executed_lines": [1, 30, 31, 33, 34, 37, 38, 45, 49, 55, 59, 62, 66, 72, 76, 82, 89, 90, 91, 105, 106, 107, 118, 119, 125, 130, 136, 144, 145, 169, 179, 183, 189, 192, 198, 202, 207, 208, 209, 245, 246, 247, 251, 252, 253, 257, 258, 259, 264, 265, 290], "summary": {"covered_lines": 47, "num_statements": 47, "percent_covered": 100.0, "percent_covered_display": "100.00", "missing_lines": 0, "excluded_lines": 0, "num_branches": 0, "num_partial_branches": 0, "covered_branches": 0, "missing_branches": 0}, "missing_lines": [], "excluded_lines": [], "executed_branches": [], "missing_branches": []}}}, "src\\taskman_api\\core\\__init__.py": {"executed_lines": [1, 9, 20, 27, 29], "summary": {"covered_lines": 4, "num_statements": 4, "percent_covered": 100.0, "percent_covered_display": "100.00", "missing_lines": 0, "excluded_lines": 0, "num_branches": 0, "num_partial_branches": 0, "covered_branches": 0, "missing_branches": 0}, "missing_lines": [], "excluded_lines": [], "executed_branches": [], "missing_branches": [], "functions": {"": {"executed_lines": [1, 9, 20, 27, 29], "summary": {"covered_lines": 4, "num_statements": 4, "percent_covered": 100.0, "percent_covered_display": "100.00", "missing_lines": 0, "excluded_lines": 0, "num_branches": 0, "num_partial_branches": 0, "covered_branches": 0, "missing_branches": 0}, "missing_lines": [], "excluded_lines": [], "executed_branches": [], "missing_branches": []}}, "classes": {"": {"executed_lines": [1, 9, 20, 27, 29], "summary": {"covered_lines": 4, "num_statements": 4, "percent_covered": 100.0, "percent_covered_display": "100.00", "missing_lines": 0, "excluded_lines": 0, "num_branches": 0, "num_partial_branches": 0, "covered_branches": 0, "missing_branches": 0}, "missing_lines": [], "excluded_lines": [], "executed_branches": [], "missing_branches": []}}}, "src\\taskman_api\\core\\enums.py": {"executed_lines": [1, 6, 9, 10, 16, 17, 18, 19, 20, 21, 22, 23, 26, 27, 31, 32, 33, 34, 37, 38, 42, 43, 44, 45, 48, 49, 54, 55, 56, 57, 58, 59, 60, 61, 62, 63, 66, 67, 72, 73, 74, 75, 76, 77, 78, 79, 80, 81, 84, 85, 89, 90, 91, 92, 95, 96, 100, 101, 102, 103, 104, 105, 106, 109, 110, 115, 116, 117, 118, 119, 120, 123, 124, 128, 129, 130, 133, 134, 138, 139, 140, 143, 144, 148, 149, 150, 151, 154, 155, 159, 160, 161, 164, 165, 169, 170, 173, 174, 178, 179, 182, 183, 188, 189, 190, 191, 192, 195, 196, 201, 202, 205, 206, 207, 208, 209, 210, 211, 214, 215, 216, 217, 218, 219, 220], "summary": {"covered_lines": 106, "num_statements": 106, "percent_covered": 100.0, "percent_covered_display": "100.00", "missing_lines": 0, "excluded_lines": 0, "num_branches": 0, "num_partial_branches": 0, "covered_branches": 0, "missing_branches": 0}, "missing_lines": [], "excluded_lines": [], "executed_branches": [], "missing_branches": [], "functions": {"": {"executed_lines": [1, 6, 9, 10, 16, 17, 18, 19, 20, 21, 22, 23, 26, 27, 31, 32, 33, 34, 37, 38, 42, 43, 44, 45, 48, 49, 54, 55, 56, 57, 58, 59, 60, 61, 62, 63, 66, 67, 72, 73, 74, 75, 76, 77, 78, 79, 80, 81, 84, 85, 89, 90, 91, 92, 95, 96, 100, 101, 102, 103, 104, 105, 106, 109, 110, 115, 116, 117, 118, 119, 120, 123, 124, 128, 129, 130, 133, 134, 138, 139, 140, 143, 144, 148, 149, 150, 151, 154, 155, 159, 160, 161, 164, 165, 169, 170, 173, 174, 178, 179, 182, 183, 188, 189, 190, 191, 192, 195, 196, 201, 202, 205, 206, 207, 208, 209, 210, 211, 214, 215, 216, 217, 218, 219, 220], "summary": {"covered_lines": 106, "num_statements": 106, "percent_covered": 100.0, "percent_covered_display": "100.00", "missing_lines": 0, "excluded_lines": 0, "num_branches": 0, "num_partial_branches": 0, "covered_branches": 0, "missing_branches": 0}, "missing_lines": [], "excluded_lines": [], "executed_branches": [], "missing_branches": []}}, "classes": {"TaskStatus": {"executed_lines": [], "summary": {"covered_lines": 0, "num_statements": 0, "percent_covered": 100.0, "percent_covered_display": "100.00", "missing_lines": 0, "excluded_lines": 0, "num_branches": 0, "num_partial_branches": 0, "covered_branches": 0, "missing_branches": 0}, "missing_lines": [], "excluded_lines": [], "executed_branches": [], "missing_branches": []}, "Priority": {"executed_lines": [], "summary": {"covered_lines": 0, "num_statements": 0, "percent_covered": 100.0, "percent_covered_display": "100.00", "missing_lines": 0, "excluded_lines": 0, "num_branches": 0, "num_partial_branches": 0, "covered_branches": 0, "missing_branches": 0}, "missing_lines": [], "excluded_lines": [], "executed_branches": [], "missing_branches": []}, "Severity": {"executed_lines": [], "summary": {"covered_lines": 0, "num_statements": 0, "percent_covered": 100.0, "percent_covered_display": "100.00", "missing_lines": 0, "excluded_lines": 0, "num_branches": 0, "num_partial_branches": 0, "covered_branches": 0, "missing_branches": 0}, "missing_lines": [], "excluded_lines": [], "executed_branches": [], "missing_branches": []}, "ProjectStatus": {"executed_lines": [], "summary": {"covered_lines": 0, "num_statements": 0, "percent_covered": 100.0, "percent_covered_display": "100.00", "missing_lines": 0, "excluded_lines": 0, "num_branches": 0, "num_partial_branches": 0, "covered_branches": 0, "missing_branches": 0}, "missing_lines": [], "excluded_lines": [], "executed_branches": [], "missing_branches": []}, "SprintStatus": {"executed_lines": [], "summary": {"covered_lines": 0, "num_statements": 0, "percent_covered": 100.0, "percent_covered_display": "100.00", "missing_lines": 0, "excluded_lines": 0, "num_branches": 0, "num_partial_branches": 0, "covered_branches": 0, "missing_branches": 0}, "missing_lines": [], "excluded_lines": [], "executed_branches": [], "missing_branches": []}, "SprintCadence": {"executed_lines": [], "summary": {"covered_lines": 0, "num_statements": 0, "percent_covered": 100.0, "percent_covered_display": "100.00", "missing_lines": 0, "excluded_lines": 0, "num_branches": 0, "num_partial_branches": 0, "covered_branches": 0, "missing_branches": 0}, "missing_lines": [], "excluded_lines": [], "executed_branches": [], "missing_branches": []}, "WorkType": {"executed_lines": [], "summary": {"covered_lines": 0, "num_statements": 0, "percent_covered": 100.0, "percent_covered_display": "100.00", "missing_lines": 0, "excluded_lines": 0, "num_branches": 0, "num_partial_branches": 0, "covered_branches": 0, "missing_branches": 0}, "missing_lines": [], "excluded_lines": [], "executed_branches": [], "missing_branches": []}, "GeometryShape": {"executed_lines": [], "summary": {"covered_lines": 0, "num_statements": 0, "percent_covered": 100.0, "percent_covered_display": "100.00", "missing_lines": 0, "excluded_lines": 0, "num_branches": 0, "num_partial_branches": 0, "covered_branches": 0, "missing_branches": 0}, "missing_lines": [], "excluded_lines": [], "executed_branches": [], "missing_branches": []}, "HealthStatus": {"executed_lines": [], "summary": {"covered_lines": 0, "num_statements": 0, "percent_covered": 100.0, "percent_covered_display": "100.00", "missing_lines": 0, "excluded_lines": 0, "num_branches": 0, "num_partial_branches": 0, "covered_branches": 0, "missing_branches": 0}, "missing_lines": [], "excluded_lines": [], "executed_branches": [], "missing_branches": []}, "RiskLevel": {"executed_lines": [], "summary": {"covered_lines": 0, "num_statements": 0, "percent_covered": 100.0, "percent_covered_display": "100.00", "missing_lines": 0, "excluded_lines": 0, "num_branches": 0, "num_partial_branches": 0, "covered_branches": 0, "missing_branches": 0}, "missing_lines": [], "excluded_lines": [], "executed_branches": [], "missing_branches": []}, "MilestoneStatus": {"executed_lines": [], "summary": {"covered_lines": 0, "num_statements": 0, "percent_covered": 100.0, "percent_covered_display": "100.00", "missing_lines": 0, "excluded_lines": 0, "num_branches": 0, "num_partial_branches": 0, "covered_branches": 0, "missing_branches": 0}, "missing_lines": [], "excluded_lines": [], "executed_branches": [], "missing_branches": []}, "ScopeChangeType": {"executed_lines": [], "summary": {"covered_lines": 0, "num_statements": 0, "percent_covered": 100.0, "percent_covered_display": "100.00", "missing_lines": 0, "excluded_lines": 0, "num_branches": 0, "num_partial_branches": 0, "covered_branches": 0, "missing_branches": 0}, "missing_lines": [], "excluded_lines": [], "executed_branches": [], "missing_branches": []}, "QualityGateResult": {"executed_lines": [], "summary": {"covered_lines": 0, "num_statements": 0, "percent_covered": 100.0, "percent_covered_display": "100.00", "missing_lines": 0, "excluded_lines": 0, "num_branches": 0, "num_partial_branches": 0, "covered_branches": 0, "missing_branches": 0}, "missing_lines": [], "excluded_lines": [], "executed_branches": [], "missing_branches": []}, "VerificationResult": {"executed_lines": [], "summary": {"covered_lines": 0, "num_statements": 0, "percent_covered": 100.0, "percent_covered_display": "100.00", "missing_lines": 0, "excluded_lines": 0, "num_branches": 0, "num_partial_branches": 0, "covered_branches": 0, "missing_branches": 0}, "missing_lines": [], "excluded_lines": [], "executed_branches": [], "missing_branches": []}, "PhaseStatus": {"executed_lines": [], "summary": {"covered_lines": 0, "num_statements": 0, "percent_covered": 100.0, "percent_covered_display": "100.00", "missing_lines": 0, "excluded_lines": 0, "num_branches": 0, "num_partial_branches": 0, "covered_branches": 0, "missing_branches": 0}, "missing_lines": [], "excluded_lines": [], "executed_branches": [], "missing_branches": []}, "ActionListStatus": {"executed_lines": [], "summary": {"covered_lines": 0, "num_statements": 0, "percent_covered": 100.0, "percent_covered_display": "100.00", "missing_lines": 0, "excluded_lines": 0, "num_branches": 0, "num_partial_branches": 0, "covered_branches": 0, "missing_branches": 0}, "missing_lines": [], "excluded_lines": [], "executed_branches": [], "missing_branches": []}, "Shape": {"executed_lines": [], "summary": {"covered_lines": 0, "num_statements": 0, "percent_covered": 100.0, "percent_covered_display": "100.00", "missing_lines": 0, "excluded_lines": 0, "num_branches": 0, "num_partial_branches": 0, "covered_branches": 0, "missing_branches": 0}, "missing_lines": [], "excluded_lines": [], "executed_branches": [], "missing_branches": []}, "Stage": {"executed_lines": [], "summary": {"covered_lines": 0, "num_statements": 0, "percent_covered": 100.0, "percent_covered_display": "100.00", "missing_lines": 0, "excluded_lines": 0, "num_branches": 0, "num_partial_branches": 0, "covered_branches": 0, "missing_branches": 0}, "missing_lines": [], "excluded_lines": [], "executed_branches": [], "missing_branches": []}, "": {"executed_lines": [1, 6, 9, 10, 16, 17, 18, 19, 20, 21, 22, 23, 26, 27, 31, 32, 33, 34, 37, 38, 42, 43, 44, 45, 48, 49, 54, 55, 56, 57, 58, 59, 60, 61, 62, 63, 66, 67, 72, 73, 74, 75, 76, 77, 78, 79, 80, 81, 84, 85, 89, 90, 91, 92, 95, 96, 100, 101, 102, 103, 104, 105, 106, 109, 110, 115, 116, 117, 118, 119, 120, 123, 124, 128, 129, 130, 133, 134, 138, 139, 140, 143, 144, 148, 149, 150, 151, 154, 155, 159, 160, 161, 164, 165, 169, 170, 173, 174, 178, 179, 182, 183, 188, 189, 190, 191, 192, 195, 196, 201, 202, 205, 206, 207, 208, 209, 210, 211, 214, 215, 216, 217, 218, 219, 220], "summary": {"covered_lines": 106, "num_statements": 106, "percent_covered": 100.0, "percent_covered_display": "100.00", "missing_lines": 0, "excluded_lines": 0, "num_branches": 0, "num_partial_branches": 0, "covered_branches": 0, "missing_branches": 0}, "missing_lines": [], "excluded_lines": [], "executed_branches": [], "missing_branches": []}}}, "src\\taskman_api\\core\\errors.py": {"executed_lines": [1, 7, 10, 11, 22, 31, 32, 33, 34, 35, 36, 37, 39, 48, 56, 57, 60, 61, 66, 72, 73, 74, 75, 76, 78, 88, 89, 94, 101, 102, 103, 104, 105, 106, 109, 119, 120, 125, 135, 136, 138, 140, 141, 142, 143, 144, 146, 147, 149, 159, 160, 165, 190, 191, 196, 218, 219, 224, 243, 244, 250], "summary": {"covered_lines": 52, "num_statements": 80, "percent_covered": 59.32203389830509, "percent_covered_display": "59.32", "missing_lines": 28, "excluded_lines": 0, "num_branches": 38, "num_partial_branches": 4, "covered_branches": 18, "missing_branches": 20}, "missing_lines": [107, 137, 139, 145, 172, 173, 174, 175, 176, 177, 178, 180, 202, 203, 204, 205, 206, 208, 229, 230, 231, 233, 256, 257, 258, 259, 260, 262], "excluded_lines": [], "executed_branches": [[73, 74], [73, 75], [75, 76], [75, 78], [102, 103], [102, 104], [104, 105], [104, 106], [106, 109], [136, 138], [138, 140], [140, 141], [140, 142], [142, 143], [142, 144], [144, 146], [146, 147], [146, 149]], "missing_branches": [[106, 107], [136, 137], [138, 139], [144, 145], [173, 174], [173, 175], [175, 176], [175, 177], [177, 178], [177, 180], [203, 204], [203, 205], [205, 206], [205, 208], [230, 231], [230, 233], [257, 258], [257, 259], [259, 260], [259, 262]], "functions": {"AppError.__init__": {"executed_lines": [31, 32, 33, 34, 35, 36, 37], "summary": {"covered_lines": 7, "num_statements": 7, "percent_covered": 100.0, "percent_covered_display": "100.00", "missing_lines": 0, "excluded_lines": 0, "num_branches": 0, "num_partial_branches": 0, "covered_branches": 0, "missing_branches": 0}, "missing_lines": [], "excluded_lines": [], "executed_branches": [], "missing_branches": []}, "AppError.to_problem_details": {"executed_lines": [48, 56, 57], "summary": {"covered_lines": 3, "num_statements": 3, "percent_covered": 100.0, "percent_covered_display": "100.00", "missing_lines": 0, "excluded_lines": 0, "num_branches": 0, "num_partial_branches": 0, "covered_branches": 0, "missing_branches": 0}, "missing_lines": [], "excluded_lines": [], "executed_branches": [], "missing_branches": []}, "NotFoundError.__init__": {"executed_lines": [72, 73, 74, 75, 76, 78], "summary": {"covered_lines": 6, "num_statements": 6, "percent_covered": 100.0, "percent_covered_display": "100.00", "missing_lines": 0, "excluded_lines": 0, "num_branches": 4, "num_partial_branches": 0, "covered_branches": 4, "missing_branches": 0}, "missing_lines": [], "excluded_lines": [], "executed_branches": [[73, 74], [73, 75], [75, 76], [75, 78]], "missing_branches": []}, "ValidationError.__init__": {"executed_lines": [101, 102, 103, 104, 105, 106, 109], "summary": {"covered_lines": 7, "num_statements": 8, "percent_covered": 85.71428571428571, "percent_covered_display": "85.71", "missing_lines": 1, "excluded_lines": 0, "num_branches": 6, "num_partial_branches": 1, "covered_branches": 5, "missing_branches": 1}, "missing_lines": [107], "excluded_lines": [], "executed_branches": [[102, 103], [102, 104], [104, 105], [104, 106], [106, 109]], "missing_branches": [[106, 107]]}, "ConflictError.__init__": {"executed_lines": [135, 136, 138, 140, 141, 142, 143, 144, 146, 147, 149], "summary": {"covered_lines": 11, "num_statements": 14, "percent_covered": 76.92307692307692, "percent_covered_display": "76.92", "missing_lines": 3, "excluded_lines": 0, "num_branches": 12, "num_partial_branches": 3, "covered_branches": 9, "missing_branches": 3}, "missing_lines": [137, 139, 145], "excluded_lines": [], "executed_branches": [[136, 138], [138, 140], [140, 141], [140, 142], [142, 143], [142, 144], [144, 146], [146, 147], [146, 149]], "missing_branches": [[136, 137], [138, 139], [144, 145]]}, "DatabaseError.__init__": {"executed_lines": [], "summary": {"covered_lines": 0, "num_statements": 8, "percent_covered": 0.0, "percent_covered_display": "0.00", "missing_lines": 8, "excluded_lines": 0, "num_branches": 6, "num_partial_branches": 0, "covered_branches": 0, "missing_branches": 6}, "missing_lines": [172, 173, 174, 175, 176, 177, 178, 180], "excluded_lines": [], "executed_branches": [], "missing_branches": [[173, 174], [173, 175], [175, 176], [175, 177], [177, 178], [177, 180]]}, "AuthorizationError.__init__": {"executed_lines": [], "summary": {"covered_lines": 0, "num_statements": 6, "percent_covered": 0.0, "percent_covered_display": "0.00", "missing_lines": 6, "excluded_lines": 0, "num_branches": 4, "num_partial_branches": 0, "covered_branches": 0, "missing_branches": 4}, "missing_lines": [202, 203, 204, 205, 206, 208], "excluded_lines": [], "executed_branches": [], "missing_branches": [[203, 204], [203, 205], [205, 206], [205, 208]]}, "AuthenticationError.__init__": {"executed_lines": [], "summary": {"covered_lines": 0, "num_statements": 4, "percent_covered": 0.0, "percent_covered_display": "0.00", "missing_lines": 4, "excluded_lines": 0, "num_branches": 2, "num_partial_branches": 0, "covered_branches": 0, "missing_branches": 2}, "missing_lines": [229, 230, 231, 233], "excluded_lines": [], "executed_branches": [], "missing_branches": [[230, 231], [230, 233]]}, "ConcurrencyError.__init__": {"executed_lines": [], "summary": {"covered_lines": 0, "num_statements": 6, "percent_covered": 0.0, "percent_covered_display": "0.00", "missing_lines": 6, "excluded_lines": 0, "num_branches": 4, "num_partial_branches": 0, "covered_branches": 0, "missing_branches": 4}, "missing_lines": [256, 257, 258, 259, 260, 262], "excluded_lines": [], "executed_branches": [], "missing_branches": [[257, 258], [257, 259], [259, 260], [259, 262]]}, "": {"executed_lines": [1, 7, 10, 11, 22, 39, 60, 61, 66, 88, 89, 94, 119, 120, 125, 159, 160, 165, 190, 191, 196, 218, 219, 224, 243, 244, 250], "summary": {"covered_lines": 18, "num_statements": 18, "percent_covered": 100.0, "percent_covered_display": "100.00", "missing_lines": 0, "excluded_lines": 0, "num_branches": 0, "num_partial_branches": 0, "covered_branches": 0, "missing_branches": 0}, "missing_lines": [], "excluded_lines": [], "executed_branches": [], "missing_branches": []}}, "classes": {"AppError": {"executed_lines": [31, 32, 33, 34, 35, 36, 37, 48, 56, 57], "summary": {"covered_lines": 10, "num_statements": 10, "percent_covered": 100.0, "percent_covered_display": "100.00", "missing_lines": 0, "excluded_lines": 0, "num_branches": 0, "num_partial_branches": 0, "covered_branches": 0, "missing_branches": 0}, "missing_lines": [], "excluded_lines": [], "executed_branches": [], "missing_branches": []}, "NotFoundError": {"executed_lines": [72, 73, 74, 75, 76, 78], "summary": {"covered_lines": 6, "num_statements": 6, "percent_covered": 100.0, "percent_covered_display": "100.00", "missing_lines": 0, "excluded_lines": 0, "num_branches": 4, "num_partial_branches": 0, "covered_branches": 4, "missing_branches": 0}, "missing_lines": [], "excluded_lines": [], "executed_branches": [[73, 74], [73, 75], [75, 76], [75, 78]], "missing_branches": []}, "ValidationError": {"executed_lines": [101, 102, 103, 104, 105, 106, 109], "summary": {"covered_lines": 7, "num_statements": 8, "percent_covered": 85.71428571428571, "percent_covered_display": "85.71", "missing_lines": 1, "excluded_lines": 0, "num_branches": 6, "num_partial_branches": 1, "covered_branches": 5, "missing_branches": 1}, "missing_lines": [107], "excluded_lines": [], "executed_branches": [[102, 103], [102, 104], [104, 105], [104, 106], [106, 109]], "missing_branches": [[106, 107]]}, "ConflictError": {"executed_lines": [135, 136, 138, 140, 141, 142, 143, 144, 146, 147, 149], "summary": {"covered_lines": 11, "num_statements": 14, "percent_covered": 76.92307692307692, "percent_covered_display": "76.92", "missing_lines": 3, "excluded_lines": 0, "num_branches": 12, "num_partial_branches": 3, "covered_branches": 9, "missing_branches": 3}, "missing_lines": [137, 139, 145], "excluded_lines": [], "executed_branches": [[136, 138], [138, 140], [140, 141], [140, 142], [142, 143], [142, 144], [144, 146], [146, 147], [146, 149]], "missing_branches": [[136, 137], [138, 139], [144, 145]]}, "DatabaseError": {"executed_lines": [], "summary": {"covered_lines": 0, "num_statements": 8, "percent_covered": 0.0, "percent_covered_display": "0.00", "missing_lines": 8, "excluded_lines": 0, "num_branches": 6, "num_partial_branches": 0, "covered_branches": 0, "missing_branches": 6}, "missing_lines": [172, 173, 174, 175, 176, 177, 178, 180], "excluded_lines": [], "executed_branches": [], "missing_branches": [[173, 174], [173, 175], [175, 176], [175, 177], [177, 178], [177, 180]]}, "AuthorizationError": {"executed_lines": [], "summary": {"covered_lines": 0, "num_statements": 6, "percent_covered": 0.0, "percent_covered_display": "0.00", "missing_lines": 6, "excluded_lines": 0, "num_branches": 4, "num_partial_branches": 0, "covered_branches": 0, "missing_branches": 4}, "missing_lines": [202, 203, 204, 205, 206, 208], "excluded_lines": [], "executed_branches": [], "missing_branches": [[203, 204], [203, 205], [205, 206], [205, 208]]}, "AuthenticationError": {"executed_lines": [], "summary": {"covered_lines": 0, "num_statements": 4, "percent_covered": 0.0, "percent_covered_display": "0.00", "missing_lines": 4, "excluded_lines": 0, "num_branches": 2, "num_partial_branches": 0, "covered_branches": 0, "missing_branches": 2}, "missing_lines": [229, 230, 231, 233], "excluded_lines": [], "executed_branches": [], "missing_branches": [[230, 231], [230, 233]]}, "ConcurrencyError": {"executed_lines": [], "summary": {"covered_lines": 0, "num_statements": 6, "percent_covered": 0.0, "percent_covered_display": "0.00", "missing_lines": 6, "excluded_lines": 0, "num_branches": 4, "num_partial_branches": 0, "covered_branches": 0, "missing_branches": 4}, "missing_lines": [256, 257, 258, 259, 260, 262], "excluded_lines": [], "executed_branches": [], "missing_branches": [[257, 258], [257, 259], [259, 260], [259, 262]]}, "": {"executed_lines": [1, 7, 10, 11, 22, 39, 60, 61, 66, 88, 89, 94, 119, 120, 125, 159, 160, 165, 190, 191, 196, 218, 219, 224, 243, 244, 250], "summary": {"covered_lines": 18, "num_statements": 18, "percent_covered": 100.0, "percent_covered_display": "100.00", "missing_lines": 0, "excluded_lines": 0, "num_branches": 0, "num_partial_branches": 0, "covered_branches": 0, "missing_branches": 0}, "missing_lines": [], "excluded_lines": [], "executed_branches": [], "missing_branches": []}}}, "src\\taskman_api\\core\\result.py": {"executed_lines": [1, 22, 24, 25, 28, 29, 31, 33, 34, 36, 37, 39, 40, 42, 43, 46, 47, 48, 50, 51, 53, 55, 57, 58, 60, 62, 65, 66, 68, 70, 71, 73, 74, 76, 77, 79, 80, 83, 84, 85, 87, 88, 90, 92, 94, 95, 97, 99, 103, 106], "summary": {"covered_lines": 47, "num_statements": 49, "percent_covered": 95.91836734693878, "percent_covered_display": "95.92", "missing_lines": 2, "excluded_lines": 0, "num_branches": 0, "num_partial_branches": 0, "covered_branches": 0, "missing_branches": 0}, "missing_lines": [44, 81], "excluded_lines": [], "executed_branches": [], "missing_branches": [], "functions": {"Ok.__init__": {"executed_lines": [34], "summary": {"covered_lines": 1, "num_statements": 1, "percent_covered": 100.0, "percent_covered_display": "100.00", "missing_lines": 0, "excluded_lines": 0, "num_branches": 0, "num_partial_branches": 0, "covered_branches": 0, "missing_branches": 0}, "missing_lines": [], "excluded_lines": [], "executed_branches": [], "missing_branches": []}, "Ok.is_ok": {"executed_lines": [37], "summary": {"covered_lines": 1, "num_statements": 1, "percent_covered": 100.0, "percent_covered_display": "100.00", "missing_lines": 0, "excluded_lines": 0, "num_branches": 0, "num_partial_branches": 0, "covered_branches": 0, "missing_branches": 0}, "missing_lines": [], "excluded_lines": [], "executed_branches": [], "missing_branches": []}, "Ok.is_err": {"executed_lines": [40], "summary": {"covered_lines": 1, "num_statements": 1, "percent_covered": 100.0, "percent_covered_display": "100.00", "missing_lines": 0, "excluded_lines": 0, "num_branches": 0, "num_partial_branches": 0, "covered_branches": 0, "missing_branches": 0}, "missing_lines": [], "excluded_lines": [], "executed_branches": [], "missing_branches": []}, "Ok.is_success": {"executed_lines": [], "summary": {"covered_lines": 0, "num_statements": 1, "percent_covered": 0.0, "percent_covered_display": "0.00", "missing_lines": 1, "excluded_lines": 0, "num_branches": 0, "num_partial_branches": 0, "covered_branches": 0, "missing_branches": 0}, "missing_lines": [44], "excluded_lines": [], "executed_branches": [], "missing_branches": []}, "Ok.is_failure": {"executed_lines": [48], "summary": {"covered_lines": 1, "num_statements": 1, "percent_covered": 100.0, "percent_covered_display": "100.00", "missing_lines": 0, "excluded_lines": 0, "num_branches": 0, "num_partial_branches": 0, "covered_branches": 0, "missing_branches": 0}, "missing_lines": [], "excluded_lines": [], "executed_branches": [], "missing_branches": []}, "Ok.unwrap": {"executed_lines": [51], "summary": {"covered_lines": 1, "num_statements": 1, "percent_covered": 100.0, "percent_covered_display": "100.00", "missing_lines": 0, "excluded_lines": 0, "num_branches": 0, "num_partial_branches": 0, "covered_branches": 0, "missing_branches": 0}, "missing_lines": [], "excluded_lines": [], "executed_branches": [], "missing_branches": []}, "Ok.ok": {"executed_lines": [55], "summary": {"covered_lines": 1, "num_statements": 1, "percent_covered": 100.0, "percent_covered_display": "100.00", "missing_lines": 0, "excluded_lines": 0, "num_branches": 0, "num_partial_branches": 0, "covered_branches": 0, "missing_branches": 0}, "missing_lines": [], "excluded_lines": [], "executed_branches": [], "missing_branches": []}, "Ok.unwrap_err": {"executed_lines": [58], "summary": {"covered_lines": 1, "num_statements": 1, "percent_covered": 100.0, "percent_covered_display": "100.00", "missing_lines": 0, "excluded_lines": 0, "num_branches": 0, "num_partial_branches": 0, "covered_branches": 0, "missing_branches": 0}, "missing_lines": [], "excluded_lines": [], "executed_branches": [], "missing_branches": []}, "Ok.err": {"executed_lines": [62], "summary": {"covered_lines": 1, "num_statements": 1, "percent_covered": 100.0, "percent_covered_display": "100.00", "missing_lines": 0, "excluded_lines": 0, "num_branches": 0, "num_partial_branches": 0, "covered_branches": 0, "missing_branches": 0}, "missing_lines": [], "excluded_lines": [], "executed_branches": [], "missing_branches": []}, "Err.__init__": {"executed_lines": [71], "summary": {"covered_lines": 1, "num_statements": 1, "percent_covered": 100.0, "percent_covered_display": "100.00", "missing_lines": 0, "excluded_lines": 0, "num_branches": 0, "num_partial_branches": 0, "covered_branches": 0, "missing_branches": 0}, "missing_lines": [], "excluded_lines": [], "executed_branches": [], "missing_branches": []}, "Err.is_ok": {"executed_lines": [74], "summary": {"covered_lines": 1, "num_statements": 1, "percent_covered": 100.0, "percent_covered_display": "100.00", "missing_lines": 0, "excluded_lines": 0, "num_branches": 0, "num_partial_branches": 0, "covered_branches": 0, "missing_branches": 0}, "missing_lines": [], "excluded_lines": [], "executed_branches": [], "missing_branches": []}, "Err.is_err": {"executed_lines": [77], "summary": {"covered_lines": 1, "num_statements": 1, "percent_covered": 100.0, "percent_covered_display": "100.00", "missing_lines": 0, "excluded_lines": 0, "num_branches": 0, "num_partial_branches": 0, "covered_branches": 0, "missing_branches": 0}, "missing_lines": [], "excluded_lines": [], "executed_branches": [], "missing_branches": []}, "Err.is_success": {"executed_lines": [], "summary": {"covered_lines": 0, "num_statements": 1, "percent_covered": 0.0, "percent_covered_display": "0.00", "missing_lines": 1, "excluded_lines": 0, "num_branches": 0, "num_partial_branches": 0, "covered_branches": 0, "missing_branches": 0}, "missing_lines": [81], "excluded_lines": [], "executed_branches": [], "missing_branches": []}, "Err.is_failure": {"executed_lines": [85], "summary": {"covered_lines": 1, "num_statements": 1, "percent_covered": 100.0, "percent_covered_display": "100.00", "missing_lines": 0, "excluded_lines": 0, "num_branches": 0, "num_partial_branches": 0, "covered_branches": 0, "missing_branches": 0}, "missing_lines": [], "excluded_lines": [], "executed_branches": [], "missing_branches": []}, "Err.unwrap": {"executed_lines": [88], "summary": {"covered_lines": 1, "num_statements": 1, "percent_covered": 100.0, "percent_covered_display": "100.00", "missing_lines": 0, "excluded_lines": 0, "num_branches": 0, "num_partial_branches": 0, "covered_branches": 0, "missing_branches": 0}, "missing_lines": [], "excluded_lines": [], "executed_branches": [], "missing_branches": []}, "Err.ok": {"executed_lines": [92], "summary": {"covered_lines": 1, "num_statements": 1, "percent_covered": 100.0, "percent_covered_display": "100.00", "missing_lines": 0, "excluded_lines": 0, "num_branches": 0, "num_partial_branches": 0, "covered_branches": 0, "missing_branches": 0}, "missing_lines": [], "excluded_lines": [], "executed_branches": [], "missing_branches": []}, "Err.unwrap_err": {"executed_lines": [95], "summary": {"covered_lines": 1, "num_statements": 1, "percent_covered": 100.0, "percent_covered_display": "100.00", "missing_lines": 0, "excluded_lines": 0, "num_branches": 0, "num_partial_branches": 0, "covered_branches": 0, "missing_branches": 0}, "missing_lines": [], "excluded_lines": [], "executed_branches": [], "missing_branches": []}, "Err.err": {"executed_lines": [99], "summary": {"covered_lines": 1, "num_statements": 1, "percent_covered": 100.0, "percent_covered_display": "100.00", "missing_lines": 0, "excluded_lines": 0, "num_branches": 0, "num_partial_branches": 0, "covered_branches": 0, "missing_branches": 0}, "missing_lines": [], "excluded_lines": [], "executed_branches": [], "missing_branches": []}, "": {"executed_lines": [1, 22, 24, 25, 28, 29, 31, 33, 36, 39, 42, 43, 46, 47, 50, 53, 57, 60, 65, 66, 68, 70, 73, 76, 79, 80, 83, 84, 87, 90, 94, 97, 103, 106], "summary": {"covered_lines": 31, "num_statements": 31, "percent_covered": 100.0, "percent_covered_display": "100.00", "missing_lines": 0, "excluded_lines": 0, "num_branches": 0, "num_partial_branches": 0, "covered_branches": 0, "missing_branches": 0}, "missing_lines": [], "excluded_lines": [], "executed_branches": [], "missing_branches": []}}, "classes": {"Ok": {"executed_lines": [34, 37, 40, 48, 51, 55, 58, 62], "summary": {"covered_lines": 8, "num_statements": 9, "percent_covered": 88.88888888888889, "percent_covered_display": "88.89", "missing_lines": 1, "excluded_lines": 0, "num_branches": 0, "num_partial_branches": 0, "covered_branches": 0, "missing_branches": 0}, "missing_lines": [44], "excluded_lines": [], "executed_branches": [], "missing_branches": []}, "Err": {"executed_lines": [71, 74, 77, 85, 88, 92, 95, 99], "summary": {"covered_lines": 8, "num_statements": 9, "percent_covered": 88.88888888888889, "percent_covered_display": "88.89", "missing_lines": 1, "excluded_lines": 0, "num_branches": 0, "num_partial_branches": 0, "covered_branches": 0, "missing_branches": 0}, "missing_lines": [81], "excluded_lines": [], "executed_branches": [], "missing_branches": []}, "": {"executed_lines": [1, 22, 24, 25, 28, 29, 31, 33, 36, 39, 42, 43, 46, 47, 50, 53, 57, 60, 65, 66, 68, 70, 73, 76, 79, 80, 83, 84, 87, 90, 94, 97, 103, 106], "summary": {"covered_lines": 31, "num_statements": 31, "percent_covered": 100.0, "percent_covered_display": "100.00", "missing_lines": 0, "excluded_lines": 0, "num_branches": 0, "num_partial_branches": 0, "covered_branches": 0, "missing_branches": 0}, "missing_lines": [], "excluded_lines": [], "executed_branches": [], "missing_branches": []}}}, "src\\taskman_api\\db\\__init__.py": {"executed_lines": [1, 6, 7, 9], "summary": {"covered_lines": 3, "num_statements": 3, "percent_covered": 100.0, "percent_covered_display": "100.00", "missing_lines": 0, "excluded_lines": 0, "num_branches": 0, "num_partial_branches": 0, "covered_branches": 0, "missing_branches": 0}, "missing_lines": [], "excluded_lines": [], "executed_branches": [], "missing_branches": [], "functions": {"": {"executed_lines": [1, 6, 7, 9], "summary": {"covered_lines": 3, "num_statements": 3, "percent_covered": 100.0, "percent_covered_display": "100.00", "missing_lines": 0, "excluded_lines": 0, "num_branches": 0, "num_partial_branches": 0, "covered_branches": 0, "missing_branches": 0}, "missing_lines": [], "excluded_lines": [], "executed_branches": [], "missing_branches": []}}, "classes": {"": {"executed_lines": [1, 6, 7, 9], "summary": {"covered_lines": 3, "num_statements": 3, "percent_covered": 100.0, "percent_covered_display": "100.00", "missing_lines": 0, "excluded_lines": 0, "num_branches": 0, "num_partial_branches": 0, "covered_branches": 0, "missing_branches": 0}, "missing_lines": [], "excluded_lines": [], "executed_branches": [], "missing_branches": []}}}, "src\\taskman_api\\db\\base.py": {"executed_lines": [1, 10, 11, 13, 14, 17, 18, 23, 29, 38, 39, 51, 53], "summary": {"covered_lines": 10, "num_statements": 11, "percent_covered": 90.9090909090909, "percent_covered_display": "90.91", "missing_lines": 1, "excluded_lines": 0, "num_branches": 0, "num_partial_branches": 0, "covered_branches": 0, "missing_branches": 0}, "missing_lines": [55], "excluded_lines": [], "executed_branches": [], "missing_branches": [], "functions": {"Base.to_dict": {"executed_lines": [], "summary": {"covered_lines": 0, "num_statements": 1, "percent_covered": 0.0, "percent_covered_display": "0.00", "missing_lines": 1, "excluded_lines": 0, "num_branches": 0, "num_partial_branches": 0, "covered_branches": 0, "missing_branches": 0}, "missing_lines": [55], "excluded_lines": [], "executed_branches": [], "missing_branches": []}, "": {"executed_lines": [1, 10, 11, 13, 14, 17, 18, 23, 29, 38, 39, 51, 53], "summary": {"covered_lines": 10, "num_statements": 10, "percent_covered": 100.0, "percent_covered_display": "100.00", "missing_lines": 0, "excluded_lines": 0, "num_branches": 0, "num_partial_branches": 0, "covered_branches": 0, "missing_branches": 0}, "missing_lines": [], "excluded_lines": [], "executed_branches": [], "missing_branches": []}}, "classes": {"TimestampMixin": {"executed_lines": [], "summary": {"covered_lines": 0, "num_statements": 0, "percent_covered": 100.0, "percent_covered_display": "100.00", "missing_lines": 0, "excluded_lines": 0, "num_branches": 0, "num_partial_branches": 0, "covered_branches": 0, "missing_branches": 0}, "missing_lines": [], "excluded_lines": [], "executed_branches": [], "missing_branches": []}, "Base": {"executed_lines": [], "summary": {"covered_lines": 0, "num_statements": 1, "percent_covered": 0.0, "percent_covered_display": "0.00", "missing_lines": 1, "excluded_lines": 0, "num_branches": 0, "num_partial_branches": 0, "covered_branches": 0, "missing_branches": 0}, "missing_lines": [55], "excluded_lines": [], "executed_branches": [], "missing_branches": []}, "": {"executed_lines": [1, 10, 11, 13, 14, 17, 18, 23, 29, 38, 39, 51, 53], "summary": {"covered_lines": 10, "num_statements": 10, "percent_covered": 100.0, "percent_covered_display": "100.00", "missing_lines": 0, "excluded_lines": 0, "num_branches": 0, "num_partial_branches": 0, "covered_branches": 0, "missing_branches": 0}, "missing_lines": [], "excluded_lines": [], "executed_branches": [], "missing_branches": []}}}, "src\\taskman_api\\db\\connection_manager.py": {"executed_lines": [1, 8, 9, 11, 12, 13, 15, 18, 19, 24, 25, 26, 27, 35, 45, 52, 55, 59, 61, 62, 64, 65, 66, 67, 68, 70, 75, 78, 79, 85, 93, 94, 95, 96, 97, 98, 99, 100, 101, 104, 105, 106, 107, 108, 109, 110, 111, 112, 115, 116, 117, 118, 119, 121, 123, 124, 126, 135, 137, 139, 140, 141, 142, 147, 149, 150, 151, 154, 155, 156, 157, 167, 170, 171, 172, 173, 174, 175, 178, 179, 180, 181, 182, 183], "summary": {"covered_lines": 82, "num_statements": 91, "percent_covered": 90.0990099009901, "percent_covered_display": "90.10", "missing_lines": 9, "excluded_lines": 0, "num_branches": 10, "num_partial_branches": 1, "covered_branches": 9, "missing_branches": 1}, "missing_lines": [143, 144, 145, 158, 159, 160, 161, 164, 165], "excluded_lines": [], "executed_branches": [[64, 65], [64, 66], [66, 67], [66, 68], [115, 116], [115, 117], [117, 118], [117, 121], [149, 150]], "missing_branches": [[149, 164]], "functions": {"ConnectionManager.__init__": {"executed_lines": [25, 26, 27, 35, 45, 52, 55, 59], "summary": {"covered_lines": 8, "num_statements": 8, "percent_covered": 100.0, "percent_covered_display": "100.00", "missing_lines": 0, "excluded_lines": 0, "num_branches": 0, "num_partial_branches": 0, "covered_branches": 0, "missing_branches": 0}, "missing_lines": [], "excluded_lines": [], "executed_branches": [], "missing_branches": []}, "ConnectionManager._fix_async_url": {"executed_lines": [64, 65, 66, 67, 68], "summary": {"covered_lines": 5, "num_statements": 5, "percent_covered": 100.0, "percent_covered_display": "100.00", "missing_lines": 0, "excluded_lines": 0, "num_branches": 4, "num_partial_branches": 0, "covered_branches": 4, "missing_branches": 0}, "missing_lines": [], "excluded_lines": [], "executed_branches": [[64, 65], [64, 66], [66, 67], [66, 68]], "missing_branches": []}, "ConnectionManager.check_health": {"executed_lines": [75, 78, 79, 85, 93, 94, 95, 96, 97, 98, 99, 100, 101, 104, 105, 106, 107, 108, 109, 110, 111, 112, 115, 116, 117, 118, 119, 121, 123, 124], "summary": {"covered_lines": 30, "num_statements": 30, "percent_covered": 100.0, "percent_covered_display": "100.00", "missing_lines": 0, "excluded_lines": 0, "num_branches": 4, "num_partial_branches": 0, "covered_branches": 4, "missing_branches": 0}, "missing_lines": [], "excluded_lines": [], "executed_branches": [[115, 116], [115, 117], [117, 118], [117, 121]], "missing_branches": []}, "ConnectionManager.get_session": {"executed_lines": [135, 137, 139, 140, 141, 142, 147, 149, 150, 151, 154, 155, 156, 157], "summary": {"covered_lines": 14, "num_statements": 23, "percent_covered": 60.0, "percent_covered_display": "60.00", "missing_lines": 9, "excluded_lines": 0, "num_branches": 2, "num_partial_branches": 1, "covered_branches": 1, "missing_branches": 1}, "missing_lines": [143, 144, 145, 158, 159, 160, 161, 164, 165], "excluded_lines": [], "executed_branches": [[149, 150]], "missing_branches": [[149, 164]]}, "ConnectionManager.init_models": {"executed_lines": [170, 171, 172, 173, 174, 175, 178, 179, 180, 181, 182, 183], "summary": {"covered_lines": 12, "num_statements": 12, "percent_covered": 100.0, "percent_covered_display": "100.00", "missing_lines": 0, "excluded_lines": 0, "num_branches": 0, "num_partial_branches": 0, "covered_branches": 0, "missing_branches": 0}, "missing_lines": [], "excluded_lines": [], "executed_branches": [], "missing_branches": []}, "": {"executed_lines": [1, 8, 9, 11, 12, 13, 15, 18, 19, 24, 61, 62, 70, 126, 167], "summary": {"covered_lines": 13, "num_statements": 13, "percent_covered": 100.0, "percent_covered_display": "100.00", "missing_lines": 0, "excluded_lines": 0, "num_branches": 0, "num_partial_branches": 0, "covered_branches": 0, "missing_branches": 0}, "missing_lines": [], "excluded_lines": [], "executed_branches": [], "missing_branches": []}}, "classes": {"ConnectionManager": {"executed_lines": [25, 26, 27, 35, 45, 52, 55, 59, 64, 65, 66, 67, 68, 75, 78, 79, 85, 93, 94, 95, 96, 97, 98, 99, 100, 101, 104, 105, 106, 107, 108, 109, 110, 111, 112, 115, 116, 117, 118, 119, 121, 123, 124, 135, 137, 139, 140, 141, 142, 147, 149, 150, 151, 154, 155, 156, 157, 170, 171, 172, 173, 174, 175, 178, 179, 180, 181, 182, 183], "summary": {"covered_lines": 69, "num_statements": 78, "percent_covered": 88.63636363636364, "percent_covered_display": "88.64", "missing_lines": 9, "excluded_lines": 0, "num_branches": 10, "num_partial_branches": 1, "covered_branches": 9, "missing_branches": 1}, "missing_lines": [143, 144, 145, 158, 159, 160, 161, 164, 165], "excluded_lines": [], "executed_branches": [[64, 65], [64, 66], [66, 67], [66, 68], [115, 116], [115, 117], [117, 118], [117, 121], [149, 150]], "missing_branches": [[149, 164]]}, "": {"executed_lines": [1, 8, 9, 11, 12, 13, 15, 18, 19, 24, 61, 62, 70, 126, 167], "summary": {"covered_lines": 13, "num_statements": 13, "percent_covered": 100.0, "percent_covered_display": "100.00", "missing_lines": 0, "excluded_lines": 0, "num_branches": 0, "num_partial_branches": 0, "covered_branches": 0, "missing_branches": 0}, "missing_lines": [], "excluded_lines": [], "executed_branches": [], "missing_branches": []}}}, "src\\taskman_api\\db\\session.py": {"executed_lines": [1, 6, 7, 9, 10, 11, 13, 15, 18, 19, 21, 27, 31, 32, 33, 36, 39, 41, 53, 67, 73, 75, 78, 85], "summary": {"covered_lines": 22, "num_statements": 27, "percent_covered": 70.96774193548387, "percent_covered_display": "70.97", "missing_lines": 5, "excluded_lines": 0, "num_branches": 4, "num_partial_branches": 0, "covered_branches": 0, "missing_branches": 4}, "missing_lines": [48, 49, 50, 63, 64], "excluded_lines": [], "executed_branches": [], "missing_branches": [[48, 49], [48, 50], [63, -53], [63, 64]], "functions": {"AsyncSessionLocal": {"executed_lines": [], "summary": {"covered_lines": 0, "num_statements": 3, "percent_covered": 0.0, "percent_covered_display": "0.00", "missing_lines": 3, "excluded_lines": 0, "num_branches": 2, "num_partial_branches": 0, "covered_branches": 0, "missing_branches": 2}, "missing_lines": [48, 49, 50], "excluded_lines": [], "executed_branches": [], "missing_branches": [[48, 49], [48, 50]]}, "get_async_session": {"executed_lines": [], "summary": {"covered_lines": 0, "num_statements": 2, "percent_covered": 0.0, "percent_covered_display": "0.00", "missing_lines": 2, "excluded_lines": 0, "num_branches": 2, "num_partial_branches": 0, "covered_branches": 0, "missing_branches": 2}, "missing_lines": [63, 64], "excluded_lines": [], "executed_branches": [], "missing_branches": [[63, -53], [63, 64]]}, "init_db": {"executed_lines": [73, 75], "summary": {"covered_lines": 2, "num_statements": 2, "percent_covered": 100.0, "percent_covered_display": "100.00", "missing_lines": 0, "excluded_lines": 0, "num_branches": 0, "num_partial_branches": 0, "covered_branches": 0, "missing_branches": 0}, "missing_lines": [], "excluded_lines": [], "executed_branches": [], "missing_branches": []}, "check_db_health": {"executed_lines": [85], "summary": {"covered_lines": 1, "num_statements": 1, "percent_covered": 100.0, "percent_covered_display": "100.00", "missing_lines": 0, "excluded_lines": 0, "num_branches": 0, "num_partial_branches": 0, "covered_branches": 0, "missing_branches": 0}, "missing_lines": [], "excluded_lines": [], "executed_branches": [], "missing_branches": []}, "": {"executed_lines": [1, 6, 7, 9, 10, 11, 13, 15, 18, 19, 21, 27, 31, 32, 33, 36, 39, 41, 53, 67, 78], "summary": {"covered_lines": 19, "num_statements": 19, "percent_covered": 100.0, "percent_covered_display": "100.00", "missing_lines": 0, "excluded_lines": 0, "num_branches": 0, "num_partial_branches": 0, "covered_branches": 0, "missing_branches": 0}, "missing_lines": [], "excluded_lines": [], "executed_branches": [], "missing_branches": []}}, "classes": {"DatabaseSettings": {"executed_lines": [], "summary": {"covered_lines": 0, "num_statements": 0, "percent_covered": 100.0, "percent_covered_display": "100.00", "missing_lines": 0, "excluded_lines": 0, "num_branches": 0, "num_partial_branches": 0, "covered_branches": 0, "missing_branches": 0}, "missing_lines": [], "excluded_lines": [], "executed_branches": [], "missing_branches": []}, "": {"executed_lines": [1, 6, 7, 9, 10, 11, 13, 15, 18, 19, 21, 27, 31, 32, 33, 36, 39, 41, 53, 67, 73, 75, 78, 85], "summary": {"covered_lines": 22, "num_statements": 27, "percent_covered": 70.96774193548387, "percent_covered_display": "70.97", "missing_lines": 5, "excluded_lines": 0, "num_branches": 4, "num_partial_branches": 0, "covered_branches": 0, "missing_branches": 4}, "missing_lines": [48, 49, 50, 63, 64], "excluded_lines": [], "executed_branches": [], "missing_branches": [[48, 49], [48, 50], [63, -53], [63, 64]]}}}, "src\\taskman_api\\dependencies.py": {"executed_lines": [1, 7, 8, 10, 11, 13, 14, 15, 16, 17, 18, 19, 20, 21, 22, 23, 24, 25, 26, 29, 46, 50, 55, 60, 65, 71, 73, 76, 78, 81, 83, 86, 88, 91, 93, 96, 98, 101, 106, 108, 112, 113, 114, 115, 118, 119, 120, 121, 124], "summary": {"covered_lines": 48, "num_statements": 57, "percent_covered": 84.21052631578948, "percent_covered_display": "84.21", "missing_lines": 9, "excluded_lines": 0, "num_branches": 0, "num_partial_branches": 0, "covered_branches": 0, "missing_branches": 0}, "missing_lines": [38, 39, 40, 42, 52, 57, 62, 67, 103], "excluded_lines": [], "executed_branches": [], "missing_branches": [], "functions": {"get_db_session": {"executed_lines": [], "summary": {"covered_lines": 0, "num_statements": 4, "percent_covered": 0.0, "percent_covered_display": "0.00", "missing_lines": 4, "excluded_lines": 0, "num_branches": 0, "num_partial_branches": 0, "covered_branches": 0, "missing_branches": 0}, "missing_lines": [38, 39, 40, 42], "excluded_lines": [], "executed_branches": [], "missing_branches": []}, "get_task_repository": {"executed_lines": [], "summary": {"covered_lines": 0, "num_statements": 1, "percent_covered": 0.0, "percent_covered_display": "0.00", "missing_lines": 1, "excluded_lines": 0, "num_branches": 0, "num_partial_branches": 0, "covered_branches": 0, "missing_branches": 0}, "missing_lines": [52], "excluded_lines": [], "executed_branches": [], "missing_branches": []}, "get_project_repository": {"executed_lines": [], "summary": {"covered_lines": 0, "num_statements": 1, "percent_covered": 0.0, "percent_covered_display": "0.00", "missing_lines": 1, "excluded_lines": 0, "num_branches": 0, "num_partial_branches": 0, "covered_branches": 0, "missing_branches": 0}, "missing_lines": [57], "excluded_lines": [], "executed_branches": [], "missing_branches": []}, "get_sprint_repository": {"executed_lines": [], "summary": {"covered_lines": 0, "num_statements": 1, "percent_covered": 0.0, "percent_covered_display": "0.00", "missing_lines": 1, "excluded_lines": 0, "num_branches": 0, "num_partial_branches": 0, "covered_branches": 0, "missing_branches": 0}, "missing_lines": [62], "excluded_lines": [], "executed_branches": [], "missing_branches": []}, "get_action_list_repository": {"executed_lines": [], "summary": {"covered_lines": 0, "num_statements": 1, "percent_covered": 0.0, "percent_covered_display": "0.00", "missing_lines": 1, "excluded_lines": 0, "num_branches": 0, "num_partial_branches": 0, "covered_branches": 0, "missing_branches": 0}, "missing_lines": [67], "excluded_lines": [], "executed_branches": [], "missing_branches": []}, "get_task_service": {"executed_lines": [73], "summary": {"covered_lines": 1, "num_statements": 1, "percent_covered": 100.0, "percent_covered_display": "100.00", "missing_lines": 0, "excluded_lines": 0, "num_branches": 0, "num_partial_branches": 0, "covered_branches": 0, "missing_branches": 0}, "missing_lines": [], "excluded_lines": [], "executed_branches": [], "missing_branches": []}, "get_project_service": {"executed_lines": [78], "summary": {"covered_lines": 1, "num_statements": 1, "percent_covered": 100.0, "percent_covered_display": "100.00", "missing_lines": 0, "excluded_lines": 0, "num_branches": 0, "num_partial_branches": 0, "covered_branches": 0, "missing_branches": 0}, "missing_lines": [], "excluded_lines": [], "executed_branches": [], "missing_branches": []}, "get_sprint_service": {"executed_lines": [83], "summary": {"covered_lines": 1, "num_statements": 1, "percent_covered": 100.0, "percent_covered_display": "100.00", "missing_lines": 0, "excluded_lines": 0, "num_branches": 0, "num_partial_branches": 0, "covered_branches": 0, "missing_branches": 0}, "missing_lines": [], "excluded_lines": [], "executed_branches": [], "missing_branches": []}, "get_action_list_service": {"executed_lines": [88], "summary": {"covered_lines": 1, "num_statements": 1, "percent_covered": 100.0, "percent_covered_display": "100.00", "missing_lines": 0, "excluded_lines": 0, "num_branches": 0, "num_partial_branches": 0, "covered_branches": 0, "missing_branches": 0}, "missing_lines": [], "excluded_lines": [], "executed_branches": [], "missing_branches": []}, "get_checklist_service": {"executed_lines": [93], "summary": {"covered_lines": 1, "num_statements": 1, "percent_covered": 100.0, "percent_covered_display": "100.00", "missing_lines": 0, "excluded_lines": 0, "num_branches": 0, "num_partial_branches": 0, "covered_branches": 0, "missing_branches": 0}, "missing_lines": [], "excluded_lines": [], "executed_branches": [], "missing_branches": []}, "get_conversation_service": {"executed_lines": [98], "summary": {"covered_lines": 1, "num_statements": 1, "percent_covered": 100.0, "percent_covered_display": "100.00", "missing_lines": 0, "excluded_lines": 0, "num_branches": 0, "num_partial_branches": 0, "covered_branches": 0, "missing_branches": 0}, "missing_lines": [], "excluded_lines": [], "executed_branches": [], "missing_branches": []}, "get_phase_service": {"executed_lines": [], "summary": {"covered_lines": 0, "num_statements": 1, "percent_covered": 0.0, "percent_covered_display": "0.00", "missing_lines": 1, "excluded_lines": 0, "num_branches": 0, "num_partial_branches": 0, "covered_branches": 0, "missing_branches": 0}, "missing_lines": [103], "excluded_lines": [], "executed_branches": [], "missing_branches": []}, "get_plan_service": {"executed_lines": [108], "summary": {"covered_lines": 1, "num_statements": 1, "percent_covered": 100.0, "percent_covered_display": "100.00", "missing_lines": 0, "excluded_lines": 0, "num_branches": 0, "num_partial_branches": 0, "covered_branches": 0, "missing_branches": 0}, "missing_lines": [], "excluded_lines": [], "executed_branches": [], "missing_branches": []}, "": {"executed_lines": [1, 7, 8, 10, 11, 13, 14, 15, 16, 17, 18, 19, 20, 21, 22, 23, 24, 25, 26, 29, 46, 50, 55, 60, 65, 71, 76, 81, 86, 91, 96, 101, 106, 112, 113, 114, 115, 118, 119, 120, 121, 124], "summary": {"covered_lines": 41, "num_statements": 41, "percent_covered": 100.0, "percent_covered_display": "100.00", "missing_lines": 0, "excluded_lines": 0, "num_branches": 0, "num_partial_branches": 0, "covered_branches": 0, "missing_branches": 0}, "missing_lines": [], "excluded_lines": [], "executed_branches": [], "missing_branches": []}}, "classes": {"": {"executed_lines": [1, 7, 8, 10, 11, 13, 14, 15, 16, 17, 18, 19, 20, 21, 22, 23, 24, 25, 26, 29, 46, 50, 55, 60, 65, 71, 73, 76, 78, 81, 83, 86, 88, 91, 93, 96, 98, 101, 106, 108, 112, 113, 114, 115, 118, 119, 120, 121, 124], "summary": {"covered_lines": 48, "num_statements": 57, "percent_covered": 84.21052631578948, "percent_covered_display": "84.21", "missing_lines": 9, "excluded_lines": 0, "num_branches": 0, "num_partial_branches": 0, "covered_branches": 0, "missing_branches": 0}, "missing_lines": [38, 39, 40, 42, 52, 57, 62, 67, 103], "excluded_lines": [], "executed_branches": [], "missing_branches": []}}}, "src\\taskman_api\\main.py": {"executed_lines": [1, 6, 7, 9, 10, 11, 12, 13, 14, 15, 17, 18, 19, 20, 37, 38, 40, 47, 48, 49, 52, 55, 57, 62, 65, 71, 72, 76, 80, 85, 88, 91, 98, 101, 111, 112, 114, 116, 119, 122, 123, 128, 129, 130, 131, 140, 148, 151, 153, 158, 159, 161, 168, 174, 182, 207, 213, 214, 216, 217, 218, 219, 222, 223, 225, 226, 232, 233, 272, 273, 301, 302, 312, 313, 324, 325, 327, 334, 340, 341, 360, 361, 363, 369, 375, 376, 391, 392, 405, 406, 407, 408, 409, 413, 414, 415, 416, 417, 420, 421, 422, 423, 426], "summary": {"covered_lines": 98, "num_statements": 127, "percent_covered": 71.03448275862068, "percent_covered_display": "71.03", "missing_lines": 29, "excluded_lines": 3, "num_branches": 18, "num_partial_branches": 5, "covered_branches": 5, "missing_branches": 13}, "missing_lines": [66, 73, 77, 83, 124, 125, 136, 137, 241, 244, 245, 246, 248, 249, 250, 251, 252, 253, 254, 256, 280, 303, 314, 343, 348, 378, 385, 394, 396], "excluded_lines": [426, 427, 429], "executed_branches": [[65, 71], [72, 76], [76, 80], [80, 85], [123, 128]], "missing_branches": [[65, 66], [72, 73], [76, 77], [80, 83], [123, 124], [124, 125], [124, 128], [249, 250], [249, 251], [251, 252], [251, 253], [253, 254], [253, 256]], "functions": {"Settings.validate_startup": {"executed_lines": [62, 65, 71, 72, 76, 80, 85], "summary": {"covered_lines": 7, "num_statements": 11, "percent_covered": 57.89473684210526, "percent_covered_display": "57.89", "missing_lines": 4, "excluded_lines": 0, "num_branches": 8, "num_partial_branches": 4, "covered_branches": 4, "missing_branches": 4}, "missing_lines": [66, 73, 77, 83], "excluded_lines": [], "executed_branches": [[65, 71], [72, 76], [76, 80], [80, 85]], "missing_branches": [[65, 66], [72, 73], [76, 77], [80, 83]]}, "lifespan": {"executed_lines": [114, 116, 119, 122, 123, 128, 129, 130, 131, 140, 148, 151, 153, 158, 159, 161, 168], "summary": {"covered_lines": 17, "num_statements": 21, "percent_covered": 72.0, "percent_covered_display": "72.00", "missing_lines": 4, "excluded_lines": 0, "num_branches": 4, "num_partial_branches": 1, "covered_branches": 1, "missing_branches": 3}, "missing_lines": [124, 125, 136, 137], "excluded_lines": [], "executed_branches": [[123, 128]], "missing_branches": [[123, 124], [124, 125], [124, 128]]}, "health_check": {"executed_lines": [], "summary": {"covered_lines": 0, "num_statements": 12, "percent_covered": 0.0, "percent_covered_display": "0.00", "missing_lines": 12, "excluded_lines": 0, "num_branches": 6, "num_partial_branches": 0, "covered_branches": 0, "missing_branches": 6}, "missing_lines": [241, 244, 245, 246, 248, 249, 250, 251, 252, 253, 254, 256], "excluded_lines": [], "executed_branches": [], "missing_branches": [[249, 250], [249, 251], [251, 252], [251, 253], [253, 254], [253, 256]]}, "root": {"executed_lines": [], "summary": {"covered_lines": 0, "num_statements": 1, "percent_covered": 0.0, "percent_covered_display": "0.00", "missing_lines": 1, "excluded_lines": 0, "num_branches": 0, "num_partial_branches": 0, "covered_branches": 0, "missing_branches": 0}, "missing_lines": [280], "excluded_lines": [], "executed_branches": [], "missing_branches": []}, "api_root": {"executed_lines": [], "summary": {"covered_lines": 0, "num_statements": 1, "percent_covered": 0.0, "percent_covered_display": "0.00", "missing_lines": 1, "excluded_lines": 0, "num_branches": 0, "num_partial_branches": 0, "covered_branches": 0, "missing_branches": 0}, "missing_lines": [303], "excluded_lines": [], "executed_branches": [], "missing_branches": []}, "api_health": {"executed_lines": [], "summary": {"covered_lines": 0, "num_statements": 1, "percent_covered": 0.0, "percent_covered_display": "0.00", "missing_lines": 1, "excluded_lines": 0, "num_branches": 0, "num_partial_branches": 0, "covered_branches": 0, "missing_branches": 0}, "missing_lines": [314], "excluded_lines": [], "executed_branches": [], "missing_branches": []}, "not_found_exception_handler": {"executed_lines": [327, 334], "summary": {"covered_lines": 2, "num_statements": 2, "percent_covered": 100.0, "percent_covered_display": "100.00", "missing_lines": 0, "excluded_lines": 0, "num_branches": 0, "num_partial_branches": 0, "covered_branches": 0, "missing_branches": 0}, "missing_lines": [], "excluded_lines": [], "executed_branches": [], "missing_branches": []}, "integrity_error_handler": {"executed_lines": [], "summary": {"covered_lines": 0, "num_statements": 2, "percent_covered": 0.0, "percent_covered_display": "0.00", "missing_lines": 2, "excluded_lines": 0, "num_branches": 0, "num_partial_branches": 0, "covered_branches": 0, "missing_branches": 0}, "missing_lines": [343, 348], "excluded_lines": [], "executed_branches": [], "missing_branches": []}, "conflict_error_handler": {"executed_lines": [363, 369], "summary": {"covered_lines": 2, "num_statements": 2, "percent_covered": 100.0, "percent_covered_display": "100.00", "missing_lines": 0, "excluded_lines": 0, "num_branches": 0, "num_partial_branches": 0, "covered_branches": 0, "missing_branches": 0}, "missing_lines": [], "excluded_lines": [], "executed_branches": [], "missing_branches": []}, "app_error_handler": {"executed_lines": [], "summary": {"covered_lines": 0, "num_statements": 2, "percent_covered": 0.0, "percent_covered_display": "0.00", "missing_lines": 2, "excluded_lines": 0, "num_branches": 0, "num_partial_branches": 0, "covered_branches": 0, "missing_branches": 0}, "missing_lines": [378, 385], "excluded_lines": [], "executed_branches": [], "missing_branches": []}, "global_exception_handler": {"executed_lines": [], "summary": {"covered_lines": 0, "num_statements": 2, "percent_covered": 0.0, "percent_covered_display": "0.00", "missing_lines": 2, "excluded_lines": 0, "num_branches": 0, "num_partial_branches": 0, "covered_branches": 0, "missing_branches": 0}, "missing_lines": [394, 396], "excluded_lines": [], "executed_branches": [], "missing_branches": []}, "": {"executed_lines": [1, 6, 7, 9, 10, 11, 12, 13, 14, 15, 17, 18, 19, 20, 37, 38, 40, 47, 48, 49, 52, 55, 57, 88, 91, 98, 101, 111, 112, 174, 182, 207, 213, 214, 216, 217, 218, 219, 222, 223, 225, 226, 232, 233, 272, 273, 301, 302, 312, 313, 324, 325, 340, 341, 360, 361, 375, 376, 391, 392, 405, 406, 407, 408, 409, 413, 414, 415, 416, 417, 420, 421, 422, 423, 426], "summary": {"covered_lines": 70, "num_statements": 70, "percent_covered": 100.0, "percent_covered_display": "100.00", "missing_lines": 0, "excluded_lines": 3, "num_branches": 0, "num_partial_branches": 0, "covered_branches": 0, "missing_branches": 0}, "missing_lines": [], "excluded_lines": [426, 427, 429], "executed_branches": [], "missing_branches": []}}, "classes": {"Settings": {"executed_lines": [62, 65, 71, 72, 76, 80, 85], "summary": {"covered_lines": 7, "num_statements": 11, "percent_covered": 57.89473684210526, "percent_covered_display": "57.89", "missing_lines": 4, "excluded_lines": 0, "num_branches": 8, "num_partial_branches": 4, "covered_branches": 4, "missing_branches": 4}, "missing_lines": [66, 73, 77, 83], "excluded_lines": [], "executed_branches": [[65, 71], [72, 76], [76, 80], [80, 85]], "missing_branches": [[65, 66], [72, 73], [76, 77], [80, 83]]}, "HealthResponse": {"executed_lines": [], "summary": {"covered_lines": 0, "num_statements": 0, "percent_covered": 100.0, "percent_covered_display": "100.00", "missing_lines": 0, "excluded_lines": 0, "num_branches": 0, "num_partial_branches": 0, "covered_branches": 0, "missing_branches": 0}, "missing_lines": [], "excluded_lines": [], "executed_branches": [], "missing_branches": []}, "ErrorResponse": {"executed_lines": [], "summary": {"covered_lines": 0, "num_statements": 0, "percent_covered": 100.0, "percent_covered_display": "100.00", "missing_lines": 0, "excluded_lines": 0, "num_branches": 0, "num_partial_branches": 0, "covered_branches": 0, "missing_branches": 0}, "missing_lines": [], "excluded_lines": [], "executed_branches": [], "missing_branches": []}, "": {"executed_lines": [1, 6, 7, 9, 10, 11, 12, 13, 14, 15, 17, 18, 19, 20, 37, 38, 40, 47, 48, 49, 52, 55, 57, 88, 91, 98, 101, 111, 112, 114, 116, 119, 122, 123, 128, 129, 130, 131, 140, 148, 151, 153, 158, 159, 161, 168, 174, 182, 207, 213, 214, 216, 217, 218, 219, 222, 223, 225, 226, 232, 233, 272, 273, 301, 302, 312, 313, 324, 325, 327, 334, 340, 341, 360, 361, 363, 369, 375, 376, 391, 392, 405, 406, 407, 408, 409, 413, 414, 415, 416, 417, 420, 421, 422, 423, 426], "summary": {"covered_lines": 91, "num_statements": 116, "percent_covered": 73.01587301587301, "percent_covered_display": "73.02", "missing_lines": 25, "excluded_lines": 3, "num_branches": 10, "num_partial_branches": 1, "covered_branches": 1, "missing_branches": 9}, "missing_lines": [124, 125, 136, 137, 241, 244, 245, 246, 248, 249, 250, 251, 252, 253, 254, 256, 280, 303, 314, 343, 348, 378, 385, 394, 396], "excluded_lines": [426, 427, 429], "executed_branches": [[123, 128]], "missing_branches": [[123, 124], [124, 125], [124, 128], [249, 250], [249, 251], [251, 252], [251, 253], [253, 254], [253, 256]]}}}, "src\\taskman_api\\middleware\\__init__.py": {"executed_lines": [1, 7, 9], "summary": {"covered_lines": 2, "num_statements": 2, "percent_covered": 100.0, "percent_covered_display": "100.00", "missing_lines": 0, "excluded_lines": 0, "num_branches": 0, "num_partial_branches": 0, "covered_branches": 0, "missing_branches": 0}, "missing_lines": [], "excluded_lines": [], "executed_branches": [], "missing_branches": [], "functions": {"": {"executed_lines": [1, 7, 9], "summary": {"covered_lines": 2, "num_statements": 2, "percent_covered": 100.0, "percent_covered_display": "100.00", "missing_lines": 0, "excluded_lines": 0, "num_branches": 0, "num_partial_branches": 0, "covered_branches": 0, "missing_branches": 0}, "missing_lines": [], "excluded_lines": [], "executed_branches": [], "missing_branches": []}}, "classes": {"": {"executed_lines": [1, 7, 9], "summary": {"covered_lines": 2, "num_statements": 2, "percent_covered": 100.0, "percent_covered_display": "100.00", "missing_lines": 0, "excluded_lines": 0, "num_branches": 0, "num_partial_branches": 0, "covered_branches": 0, "missing_branches": 0}, "missing_lines": [], "excluded_lines": [], "executed_branches": [], "missing_branches": []}}}, "src\\taskman_api\\middleware\\logging_middleware.py": {"executed_lines": [1, 19, 21, 22, 23, 24, 26, 27, 28, 29, 30, 32, 36, 39, 49, 66, 75, 76, 78, 81, 90, 91, 93, 94, 95, 96, 97, 100, 104, 107, 119, 120, 125, 126, 130, 131, 136, 137, 159, 161, 162, 168, 170, 176, 177, 179, 192, 193, 194, 197, 198, 199, 200, 201, 204, 207, 210, 211, 212, 222, 223, 241, 244, 245, 248, 249, 250, 251, 252, 253, 254, 255, 258, 259, 260, 263, 272], "summary": {"covered_lines": 74, "num_statements": 85, "percent_covered": 80.34188034188034, "percent_covered_display": "80.34", "missing_lines": 11, "excluded_lines": 2, "num_branches": 32, "num_partial_branches": 12, "covered_branches": 20, "missing_branches": 12}, "missing_lines": [77, 98, 102, 123, 127, 133, 224, 226, 229, 238, 261], "excluded_lines": [32, 33], "executed_branches": [[76, 78], [90, 91], [90, 93], [94, 95], [94, 104], [95, 96], [97, 100], [120, 125], [126, 130], [130, 131], [193, 194], [211, 212], [248, 249], [248, 258], [250, 251], [252, 253], [252, 258], [254, 255], [258, 259], [260, 263]], "missing_branches": [[76, 77], [95, 102], [97, 98], [120, 123], [126, 127], [130, 133], [193, 197], [211, 222], [250, 252], [254, 258], [258, 272], [260, 261]], "functions": {"_should_log_path": {"executed_lines": [75, 76, 78], "summary": {"covered_lines": 3, "num_statements": 4, "percent_covered": 66.66666666666667, "percent_covered_display": "66.67", "missing_lines": 1, "excluded_lines": 0, "num_branches": 2, "num_partial_branches": 1, "covered_branches": 1, "missing_branches": 1}, "missing_lines": [77], "excluded_lines": [], "executed_branches": [[76, 78]], "missing_branches": [[76, 77]]}, "_redact_query_params": {"executed_lines": [90, 91, 93, 94, 95, 96, 97, 100, 104], "summary": {"covered_lines": 9, "num_statements": 11, "percent_covered": 78.94736842105263, "percent_covered_display": "78.95", "missing_lines": 2, "excluded_lines": 0, "num_branches": 8, "num_partial_branches": 2, "covered_branches": 6, "missing_branches": 2}, "missing_lines": [98, 102], "excluded_lines": [], "executed_branches": [[90, 91], [90, 93], [94, 95], [94, 104], [95, 96], [97, 100]], "missing_branches": [[95, 102], [97, 98]]}, "_get_client_ip": {"executed_lines": [119, 120, 125, 126, 130, 131], "summary": {"covered_lines": 6, "num_statements": 9, "percent_covered": 60.0, "percent_covered_display": "60.00", "missing_lines": 3, "excluded_lines": 0, "num_branches": 6, "num_partial_branches": 3, "covered_branches": 3, "missing_branches": 3}, "missing_lines": [123, 127, 133], "excluded_lines": [], "executed_branches": [[120, 125], [126, 130], [130, 131]], "missing_branches": [[120, 123], [126, 127], [130, 133]]}, "LoggingMiddleware.set_metrics": {"executed_lines": [168], "summary": {"covered_lines": 1, "num_statements": 1, "percent_covered": 100.0, "percent_covered_display": "100.00", "missing_lines": 0, "excluded_lines": 0, "num_branches": 0, "num_partial_branches": 0, "covered_branches": 0, "missing_branches": 0}, "missing_lines": [], "excluded_lines": [], "executed_branches": [], "missing_branches": []}, "LoggingMiddleware.__init__": {"executed_lines": [176, 177], "summary": {"covered_lines": 2, "num_statements": 2, "percent_covered": 100.0, "percent_covered_display": "100.00", "missing_lines": 0, "excluded_lines": 0, "num_branches": 0, "num_partial_branches": 0, "covered_branches": 0, "missing_branches": 0}, "missing_lines": [], "excluded_lines": [], "executed_branches": [], "missing_branches": []}, "LoggingMiddleware.dispatch": {"executed_lines": [192, 193, 194, 197, 198, 199, 200, 201, 204, 207, 210, 211, 212, 222, 223, 241, 244, 245, 248, 249, 250, 251, 252, 253, 254, 255, 258, 259, 260, 263, 272], "summary": {"covered_lines": 31, "num_statements": 36, "percent_covered": 78.84615384615384, "percent_covered_display": "78.85", "missing_lines": 5, "excluded_lines": 0, "num_branches": 16, "num_partial_branches": 6, "covered_branches": 10, "missing_branches": 6}, "missing_lines": [224, 226, 229, 238, 261], "excluded_lines": [], "executed_branches": [[193, 194], [211, 212], [248, 249], [248, 258], [250, 251], [252, 253], [252, 258], [254, 255], [258, 259], [260, 263]], "missing_branches": [[193, 197], [211, 222], [250, 252], [254, 258], [258, 272], [260, 261]]}, "": {"executed_lines": [1, 19, 21, 22, 23, 24, 26, 27, 28, 29, 30, 32, 36, 39, 49, 66, 81, 107, 136, 137, 159, 161, 162, 170, 179], "summary": {"covered_lines": 22, "num_statements": 22, "percent_covered": 100.0, "percent_covered_display": "100.00", "missing_lines": 0, "excluded_lines": 2, "num_branches": 0, "num_partial_branches": 0, "covered_branches": 0, "missing_branches": 0}, "missing_lines": [], "excluded_lines": [32, 33], "executed_branches": [], "missing_branches": []}}, "classes": {"LoggingMiddleware": {"executed_lines": [168, 176, 177, 192, 193, 194, 197, 198, 199, 200, 201, 204, 207, 210, 211, 212, 222, 223, 241, 244, 245, 248, 249, 250, 251, 252, 253, 254, 255, 258, 259, 260, 263, 272], "summary": {"covered_lines": 34, "num_statements": 39, "percent_covered": 80.0, "percent_covered_display": "80.00", "missing_lines": 5, "excluded_lines": 0, "num_branches": 16, "num_partial_branches": 6, "covered_branches": 10, "missing_branches": 6}, "missing_lines": [224, 226, 229, 238, 261], "excluded_lines": [], "executed_branches": [[193, 194], [211, 212], [248, 249], [248, 258], [250, 251], [252, 253], [252, 258], [254, 255], [258, 259], [260, 263]], "missing_branches": [[193, 197], [211, 222], [250, 252], [254, 258], [258, 272], [260, 261]]}, "": {"executed_lines": [1, 19, 21, 22, 23, 24, 26, 27, 28, 29, 30, 32, 36, 39, 49, 66, 75, 76, 78, 81, 90, 91, 93, 94, 95, 96, 97, 100, 104, 107, 119, 120, 125, 126, 130, 131, 136, 137, 159, 161, 162, 170, 179], "summary": {"covered_lines": 40, "num_statements": 46, "percent_covered": 80.64516129032258, "percent_covered_display": "80.65", "missing_lines": 6, "excluded_lines": 2, "num_branches": 16, "num_partial_branches": 6, "covered_branches": 10, "missing_branches": 6}, "missing_lines": [77, 98, 102, 123, 127, 133], "excluded_lines": [32, 33], "executed_branches": [[76, 78], [90, 91], [90, 93], [94, 95], [94, 104], [95, 96], [97, 100], [120, 125], [126, 130], [130, 131]], "missing_br
[...]
442, 468, 502, 506, 507, 508, 511, 512, 513, 535, 537, 538, 539, 542, 543, 544, 568, 570, 571, 572, 575, 576, 577], "excluded_lines": [], "executed_branches": [[170, 171], [170, 173], [177, 178], [177, 179], [184, 185], [211, 213], [213, 214], [222, 224], [224, 226], [264, 266], [266, 267], [275, 277], [277, 279], [289, 291], [291, 292], [374, 375], [406, 407], [467, 469], [469, 471]], "missing_branches": [[115, 116], [115, 117], [117, 118], [117, 120], [138, 140], [138, 143], [184, 186], [211, 212], [213, 217], [222, 223], [224, -188], [264, 265], [266, 270], [275, 276], [277, -231], [289, 290], [291, -231], [374, 379], [379, -347], [379, 380], [406, 411], [411, -382], [411, 412], [436, 437], [436, 441], [441, -414], [441, 442], [467, 468], [469, -444], [507, 508], [507, 512], [512, -478], [512, 513], [538, 539], [538, 543], [543, -515], [543, 544], [571, 572], [571, 576], [576, -546], [576, 577]], "functions": {"SprintService.__init__": {"executed_lines": [54, 55, 56, 57, 58, 59], "summary": {"covered_lines": 6, "num_statements": 6, "percent_covered": 100.0, "percent_covered_display": "100.00", "missing_lines": 0, "excluded_lines": 0, "num_branches": 0, "num_partial_branches": 0, "covered_branches": 0, "missing_branches": 0}, "missing_lines": [], "excluded_lines": [], "executed_branches": [], "missing_branches": []}, "SprintService.search": {"executed_lines": [], "summary": {"covered_lines": 0, "num_statements": 7, "percent_covered": 0.0, "percent_covered_display": "0.00", "missing_lines": 7, "excluded_lines": 0, "num_branches": 0, "num_partial_branches": 0, "covered_branches": 0, "missing_branches": 0}, "missing_lines": [79, 80, 82, 89, 94, 95, 96], "excluded_lines": [], "executed_branches": [], "missing_branches": []}, "SprintService.get_progress": {"executed_lines": [113, 125, 131, 132], "summary": {"covered_lines": 4, "num_statements": 21, "percent_covered": 14.814814814814815, "percent_covered_display": "14.81", "missing_lines": 17, "excluded_lines": 0, "num_branches": 6, "num_partial_branches": 0, "covered_branches": 0, "missing_branches": 6}, "missing_lines": [114, 115, 116, 117, 118, 120, 127, 128, 129, 134, 137, 138, 140, 141, 143, 156, 157], "excluded_lines": [], "executed_branches": [], "missing_branches": [[115, 116], [115, 117], [117, 118], [117, 120], [138, 140], [138, 143]]}, "SprintService.create": {"executed_lines": [169, 170, 171, 173], "summary": {"covered_lines": 4, "num_statements": 4, "percent_covered": 100.0, "percent_covered_display": "100.00", "missing_lines": 0, "excluded_lines": 0, "num_branches": 2, "num_partial_branches": 0, "covered_branches": 2, "missing_branches": 0}, "missing_lines": [], "excluded_lines": [], "executed_branches": [[170, 171], [170, 173]], "missing_branches": []}, "SprintService._serialize_json_fields": {"executed_lines": [177, 178, 179], "summary": {"covered_lines": 3, "num_statements": 3, "percent_covered": 100.0, "percent_covered_display": "100.00", "missing_lines": 0, "excluded_lines": 0, "num_branches": 2, "num_partial_branches": 0, "covered_branches": 2, "missing_branches": 0}, "missing_lines": [], "excluded_lines": [], "executed_branches": [[177, 178], [177, 179]], "missing_branches": []}, "SprintService._deserialize_json_fields": {"executed_lines": [183, 184, 185, 186], "summary": {"covered_lines": 4, "num_statements": 4, "percent_covered": 83.33333333333333, "percent_covered_display": "83.33", "missing_lines": 0, "excluded_lines": 0, "num_branches": 2, "num_partial_branches": 1, "covered_branches": 1, "missing_branches": 1}, "missing_lines": [], "excluded_lines": [], "executed_branches": [[184, 185]], "missing_branches": [[184, 186]]}, "SprintService.calculate_velocity": {"executed_lines": [209, 210, 211, 213, 214, 217, 221, 222, 224, 226, 229], "summary": {"covered_lines": 11, "num_statements": 13, "percent_covered": 71.42857142857143, "percent_covered_display": "71.43", "missing_lines": 2, "excluded_lines": 0, "num_branches": 8, "num_partial_branches": 4, "covered_branches": 4, "missing_branches": 4}, "missing_lines": [212, 223], "excluded_lines": [], "executed_branches": [[211, 213], [213, 214], [222, 224], [224, 226]], "missing_branches": [[211, 212], [213, 217], [222, 223], [224, -188]]}, "SprintService.get_burndown": {"executed_lines": [262, 263, 264, 266, 267, 270, 274, 275, 277, 279, 284, 288, 289, 291, 292, 297, 300, 301, 302, 303, 306, 309, 313, 325], "summary": {"covered_lines": 24, "num_statements": 27, "percent_covered": 76.92307692307692, "percent_covered_display": "76.92", "missing_lines": 3, "excluded_lines": 0, "num_branches": 12, "num_partial_branches": 6, "covered_branches": 6, "missing_branches": 6}, "missing_lines": [265, 276, 290], "excluded_lines": [], "executed_branches": [[264, 266], [266, 267], [275, 277], [277, 279], [289, 291], [291, 292]], "missing_branches": [[264, 265], [266, 270], [275, 276], [277, -231], [289, 290], [291, -231]]}, "SprintService.change_status": {"executed_lines": [344, 345], "summary": {"covered_lines": 2, "num_statements": 2, "percent_covered": 100.0, "percent_covered_display": "100.00", "missing_lines": 0, "excluded_lines": 0, "num_branches": 0, "num_partial_branches": 0, "covered_branches": 0, "missing_branches": 0}, "missing_lines": [], "excluded_lines": [], "executed_branches": [], "missing_branches": []}, "SprintService.get_current_sprints": {"executed_lines": [369, 373, 374, 375, 378], "summary": {"covered_lines": 5, "num_statements": 7, "percent_covered": 54.54545454545455, "percent_covered_display": "54.55", "missing_lines": 2, "excluded_lines": 0, "num_branches": 4, "num_partial_branches": 1, "covered_branches": 1, "missing_branches": 3}, "missing_lines": [379, 380], "excluded_lines": [], "executed_branches": [[374, 375]], "missing_branches": [[374, 379], [379, -347], [379, 380]]}, "SprintService.get_by_project": {"executed_lines": [401, 405, 406, 407, 410], "summary": {"covered_lines": 5, "num_statements": 7, "percent_covered": 54.54545454545455, "percent_covered_display": "54.55", "missing_lines": 2, "excluded_lines": 0, "num_branches": 4, "num_partial_branches": 1, "covered_branches": 1, "missing_branches": 3}, "missing_lines": [411, 412], "excluded_lines": [], "executed_branches": [[406, 407]], "missing_branches": [[406, 411], [411, -382], [411, 412]]}, "SprintService.get_by_status": {"executed_lines": [], "summary": {"covered_lines": 0, "num_statements": 7, "percent_covered": 0.0, "percent_covered_display": "0.00", "missing_lines": 7, "excluded_lines": 0, "num_branches": 4, "num_partial_branches": 0, "covered_branches": 0, "missing_branches": 4}, "missing_lines": [433, 435, 436, 437, 440, 441, 442], "excluded_lines": [], "executed_branches": [], "missing_branches": [[436, 437], [436, 441], [441, -414], [441, 442]]}, "SprintService.update_metrics": {"executed_lines": [464, 466, 467, 469, 471, 472], "summary": {"covered_lines": 6, "num_statements": 7, "percent_covered": 72.72727272727273, "percent_covered_display": "72.73", "missing_lines": 1, "excluded_lines": 0, "num_branches": 4, "num_partial_branches": 2, "covered_branches": 2, "missing_branches": 2}, "missing_lines": [468], "excluded_lines": [], "executed_branches": [[467, 469], [469, 471]], "missing_branches": [[467, 468], [469, -444]]}, "SprintService.get_by_phase_status": {"executed_lines": [], "summary": {"covered_lines": 0, "num_statements": 7, "percent_covered": 0.0, "percent_covered_display": "0.00", "missing_lines": 7, "excluded_lines": 0, "num_branches": 4, "num_partial_branches": 0, "covered_branches": 0, "missing_branches": 4}, "missing_lines": [502, 506, 507, 508, 511, 512, 513], "excluded_lines": [], "executed_branches": [], "missing_branches": [[507, 508], [507, 512], [512, -478], [512, 513]]}, "SprintService.get_with_blocked_phases": {"executed_lines": [], "summary": {"covered_lines": 0, "num_statements": 7, "percent_covered": 0.0, "percent_covered_display": "0.00", "missing_lines": 7, "excluded_lines": 0, "num_branches": 4, "num_partial_branches": 0, "covered_branches": 0, "missing_branches": 4}, "missing_lines": [535, 537, 538, 539, 542, 543, 544], "excluded_lines": [], "executed_branches": [], "missing_branches": [[538, 539], [538, 543], [543, -515], [543, 544]]}, "SprintService.get_by_current_phase": {"executed_lines": [], "summary": {"covered_lines": 0, "num_statements": 7, "percent_covered": 0.0, "percent_covered_display": "0.00", "missing_lines": 7, "excluded_lines": 0, "num_branches": 4, "num_partial_branches": 0, "covered_branches": 0, "missing_branches": 4}, "missing_lines": [568, 570, 571, 572, 575, 576, 577], "excluded_lines": [], "executed_branches": [], "missing_branches": [[571, 572], [571, 576], [576, -546], [576, 577]]}, "": {"executed_lines": [1, 6, 7, 9, 11, 12, 13, 14, 15, 16, 17, 18, 25, 28, 31, 48, 61, 98, 159, 175, 181, 188, 231, 327, 347, 382, 414, 444, 478, 515, 546], "summary": {"covered_lines": 29, "num_statements": 29, "percent_covered": 100.0, "percent_covered_display": "100.00", "missing_lines": 0, "excluded_lines": 0, "num_branches": 0, "num_partial_branches": 0, "covered_branches": 0, "missing_branches": 0}, "missing_lines": [], "excluded_lines": [], "executed_branches": [], "missing_branches": []}}, "classes": {"SprintService": {"executed_lines": [54, 55, 56, 57, 58, 59, 113, 125, 131, 132, 169, 170, 171, 173, 177, 178, 179, 183, 184, 185, 186, 209, 210, 211, 213, 214, 217, 221, 222, 224, 226, 229, 262, 263, 264, 266, 267, 270, 274, 275, 277, 279, 284, 288, 289, 291, 292, 297, 300, 301, 302, 303, 306, 309, 313, 325, 344, 345, 369, 373, 374, 375, 378, 401, 405, 406, 407, 410, 464, 466, 467, 469, 471, 472], "summary": {"covered_lines": 74, "num_statements": 136, "percent_covered": 47.44897959183673, "percent_covered_display": "47.45", "missing_lines": 62, "excluded_lines": 0, "num_branches": 60, "num_partial_branches": 15, "covered_branches": 19, "missing_branches": 41}, "missing_lines": [79, 80, 82, 89, 94, 95, 96, 114, 115, 116, 117, 118, 120, 127, 128, 129, 134, 137, 138, 140, 141, 143, 156, 157, 212, 223, 265, 276, 290, 379, 380, 411, 412, 433, 435, 436, 437, 440, 441, 442, 468, 502, 506, 507, 508, 511, 512, 513, 535, 537, 538, 539, 542, 543, 544, 568, 570, 571, 572, 575, 576, 577], "excluded_lines": [], "executed_branches": [[170, 171], [170, 173], [177, 178], [177, 179], [184, 185], [211, 213], [213, 214], [222, 224], [224, 226], [264, 266], [266, 267], [275, 277], [277, 279], [289, 291], [291, 292], [374, 375], [406, 407], [467, 469], [469, 471]], "missing_branches": [[115, 116], [115, 117], [117, 118], [117, 120], [138, 140], [138, 143], [184, 186], [211, 212], [213, 217], [222, 223], [224, -188], [264, 265], [266, 270], [275, 276], [277, -231], [289, 290], [291, -231], [374, 379], [379, -347], [379, 380], [406, 411], [411, -382], [411, 412], [436, 437], [436, 441], [441, -414], [441, 442], [467, 468], [469, -444], [507, 508], [507, 512], [512, -478], [512, 513], [538, 539], [538, 543], [543, -515], [543, 544], [571, 572], [571, 576], [576, -546], [576, 577]]}, "": {"executed_lines": [1, 6, 7, 9, 11, 12, 13, 14, 15, 16, 17, 18, 25, 28, 31, 48, 61, 98, 159, 175, 181, 188, 231, 327, 347, 382, 414, 444, 478, 515, 546], "summary": {"covered_lines": 29, "num_statements": 29, "percent_covered": 100.0, "percent_covered_display": "100.00", "missing_lines": 0, "excluded_lines": 0, "num_branches": 0, "num_partial_branches": 0, "covered_branches": 0, "missing_branches": 0}, "missing_lines": [], "excluded_lines": [], "executed_branches": [], "missing_branches": []}}}, "src\\taskman_api\\services\\task_service.py": {"executed_lines": [1, 6, 8, 10, 11, 17, 18, 19, 20, 21, 22, 24, 27, 28, 47, 53, 54, 55, 56, 57, 59, 71, 72, 73, 82, 83, 84, 92, 94, 109, 110, 111, 112, 121, 122, 123, 124, 132, 134, 166, 168, 169, 170, 171, 173, 174, 175, 184, 185, 187, 210, 229, 231, 255, 256, 258, 280, 281, 283, 310, 312, 314, 317, 320, 322, 323, 324, 325, 327, 329, 331, 359, 372, 373, 375, 386, 391, 396, 416, 417, 418, 422, 426, 447, 451, 452, 453, 456], "summary": {"covered_lines": 86, "num_statements": 92, "percent_covered": 90.83333333333333, "percent_covered_display": "90.83", "missing_lines": 6, "excluded_lines": 0, "num_branches": 28, "num_partial_branches": 3, "covered_branches": 23, "missing_branches": 5}, "missing_lines": [393, 394, 423, 424, 457, 458], "excluded_lines": [], "executed_branches": [[72, 73], [72, 82], [83, 84], [83, 92], [109, 110], [109, 121], [111, 112], [111, 121], [121, 122], [121, 132], [123, 124], [123, 132], [169, 170], [169, 171], [171, 173], [174, 175], [174, 184], [312, 314], [312, 329], [323, 324], [323, 325], [325, 327], [452, 453]], "missing_branches": [[171, -134], [325, 312], [452, 457], [457, -426], [457, 458]], "functions": {"TaskService.__init__": {"executed_lines": [53, 54, 55, 56, 57], "summary": {"covered_lines": 5, "num_statements": 5, "percent_covered": 100.0, "percent_covered_display": "100.00", "missing_lines": 0, "excluded_lines": 0, "num_branches": 0, "num_partial_branches": 0, "covered_branches": 0, "missing_branches": 0}, "missing_lines": [], "excluded_lines": [], "executed_branches": [], "missing_branches": []}, "TaskService.create": {"executed_lines": [71, 72, 73, 82, 83, 84, 92], "summary": {"covered_lines": 7, "num_statements": 7, "percent_covered": 100.0, "percent_covered_display": "100.00", "missing_lines": 0, "excluded_lines": 0, "num_branches": 4, "num_partial_branches": 0, "covered_branches": 4, "missing_branches": 0}, "missing_lines": [], "excluded_lines": [], "executed_branches": [[72, 73], [72, 82], [83, 84], [83, 92]], "missing_branches": []}, "TaskService.update": {"executed_lines": [109, 110, 111, 112, 121, 122, 123, 124, 132], "summary": {"covered_lines": 9, "num_statements": 9, "percent_covered": 100.0, "percent_covered_display": "100.00", "missing_lines": 0, "excluded_lines": 0, "num_branches": 8, "num_partial_branches": 0, "covered_branches": 8, "missing_branches": 0}, "missing_lines": [], "excluded_lines": [], "executed_branches": [[109, 110], [109, 121], [111, 112], [111, 121], [121, 122], [121, 132], [123, 124], [123, 132]], "missing_branches": []}, "TaskService.change_status": {"executed_lines": [166, 168, 169, 170, 171, 173, 174, 175, 184, 185], "summary": {"covered_lines": 10, "num_statements": 10, "percent_covered": 93.75, "percent_covered_display": "93.75", "missing_lines": 0, "excluded_lines": 0, "num_branches": 6, "num_partial_branches": 1, "covered_branches": 5, "missing_branches": 1}, "missing_lines": [], "excluded_lines": [], "executed_branches": [[169, 170], [169, 171], [171, 173], [174, 175], [174, 184]], "missing_branches": [[171, -134]]}, "TaskService._is_valid_transition": {"executed_lines": [210, 229], "summary": {"covered_lines": 2, "num_statements": 2, "percent_covered": 100.0, "percent_covered_display": "100.00", "missing_lines": 0, "excluded_lines": 0, "num_branches": 0, "num_partial_branches": 0, "covered_branches": 0, "missing_branches": 0}, "missing_lines": [], "excluded_lines": [], "executed_branches": [], "missing_branches": []}, "TaskService.assign_to_sprint": {"executed_lines": [255, 256], "summary": {"covered_lines": 2, "num_statements": 2, "percent_covered": 100.0, "percent_covered_display": "100.00", "missing_lines": 0, "excluded_lines": 0, "num_branches": 0, "num_partial_branches": 0, "covered_branches": 0, "missing_branches": 0}, "missing_lines": [], "excluded_lines": [], "executed_branches": [], "missing_branches": []}, "TaskService.assign_to_project": {"executed_lines": [280, 281], "summary": {"covered_lines": 2, "num_statements": 2, "percent_covered": 100.0, "percent_covered_display": "100.00", "missing_lines": 0, "excluded_lines": 0, "num_branches": 0, "num_partial_branches": 0, "covered_branches": 0, "missing_branches": 0}, "missing_lines": [], "excluded_lines": [], "executed_branches": [], "missing_branches": []}, "TaskService.bulk_update": {"executed_lines": [310, 312, 314, 317, 320, 322, 323, 324, 325, 327, 329], "summary": {"covered_lines": 11, "num_statements": 11, "percent_covered": 94.11764705882354, "percent_covered_display": "94.12", "missing_lines": 0, "excluded_lines": 0, "num_branches": 6, "num_partial_branches": 1, "covered_branches": 5, "missing_branches": 1}, "missing_lines": [], "excluded_lines": [], "executed_branches": [[312, 314], [312, 329], [323, 324], [323, 325], [325, 327]], "missing_branches": [[325, 312]]}, "TaskService.search": {"executed_lines": [359, 372, 373, 375, 386, 391], "summary": {"covered_lines": 6, "num_statements": 8, "percent_covered": 75.0, "percent_covered_display": "75.00", "missing_lines": 2, "excluded_lines": 0, "num_branches": 0, "num_partial_branches": 0, "covered_branches": 0, "missing_branches": 0}, "missing_lines": [393, 394], "excluded_lines": [], "executed_branches": [], "missing_branches": []}, "TaskService.get_high_priority_tasks": {"executed_lines": [416, 417, 418, 422], "summary": {"covered_lines": 4, "num_statements": 6, "percent_covered": 66.66666666666667, "percent_covered_display": "66.67", "missing_lines": 2, "excluded_lines": 0, "num_branches": 0, "num_partial_branches": 0, "covered_branches": 0, "missing_branches": 0}, "missing_lines": [423, 424], "excluded_lines": [], "executed_branches": [], "missing_branches": []}, "TaskService.get_blocked_tasks": {"executed_lines": [447, 451, 452, 453, 456], "summary": {"covered_lines": 5, "num_statements": 7, "percent_covered": 54.54545454545455, "percent_covered_display": "54.55", "missing_lines": 2, "excluded_lines": 0, "num_branches": 4, "num_partial_branches": 1, "covered_branches": 1, "missing_branches": 3}, "missing_lines": [457, 458], "excluded_lines": [], "executed_branches": [[452, 453]], "missing_branches": [[452, 457], [457, -426], [457, 458]]}, "": {"executed_lines": [1, 6, 8, 10, 11, 17, 18, 19, 20, 21, 22, 24, 27, 28, 47, 59, 94, 134, 187, 231, 258, 283, 331, 396, 426], "summary": {"covered_lines": 23, "num_statements": 23, "percent_covered": 100.0, "percent_covered_display": "100.00", "missing_lines": 0, "excluded_lines": 0, "num_branches": 0, "num_partial_branches": 0, "covered_branches": 0, "missing_branches": 0}, "missing_lines": [], "excluded_lines": [], "executed_branches": [], "missing_branches": []}}, "classes": {"TaskService": {"executed_lines": [53, 54, 55, 56, 57, 71, 72, 73, 82, 83, 84, 92, 109, 110, 111, 112, 121, 122, 123, 124, 132, 166, 168, 169, 170, 171, 173, 174, 175, 184, 185, 210, 229, 255, 256, 280, 281, 310, 312, 314, 317, 320, 322, 323, 324, 325, 327, 329, 359, 372, 373, 375, 386, 391, 416, 417, 418, 422, 447, 451, 452, 453, 456], "summary": {"covered_lines": 63, "num_statements": 69, "percent_covered": 88.65979381443299, "percent_covered_display": "88.66", "missing_lines": 6, "excluded_lines": 0, "num_branches": 28, "num_partial_branches": 3, "covered_branches": 23, "missing_branches": 5}, "missing_lines": [393, 394, 423, 424, 457, 458], "excluded_lines": [], "executed_branches": [[72, 73], [72, 82], [83, 84], [83, 92], [109, 110], [109, 121], [111, 112], [111, 121], [121, 122], [121, 132], [123, 124], [123, 132], [169, 170], [169, 171], [171, 173], [174, 175], [174, 184], [312, 314], [312, 329], [323, 324], [323, 325], [325, 327], [452, 453]], "missing_branches": [[171, -134], [325, 312], [452, 457], [457, -426], [457, 458]]}, "": {"executed_lines": [1, 6, 8, 10, 11, 17, 18, 19, 20, 21, 22, 24, 27, 28, 47, 59, 94, 134, 187, 231, 258, 283, 331, 396, 426], "summary": {"covered_lines": 23, "num_statements": 23, "percent_covered": 100.0, "percent_covered_display": "100.00", "missing_lines": 0, "excluded_lines": 0, "num_branches": 0, "num_partial_branches": 0, "covered_branches": 0, "missing_branches": 0}, "missing_lines": [], "excluded_lines": [], "executed_branches": [], "missing_branches": []}}}}, "totals": {"covered_lines": 3704, "num_statements": 5481, "percent_covered": 59.94471118870944, "percent_covered_display": "59.94", "missing_lines": 1777, "excluded_lines": 16, "num_branches": 1392, "num_partial_branches": 174, "covered_branches": 416, "missing_branches": 976}}