warning: `VIRTUAL_ENV=C:\Users\James\Documents\Github\GHrepos\SCCMScripts\.venv` does not match the project environment path `.venv` and will be ignored; use `--active` to target the active environment instead
================================================= test session starts =================================================
platform win32 -- Python 3.11.9, pytest-8.4.2, pluggy-1.6.0 -- C:\Users\James\Documents\Github\GHrepos\SCCMScripts\TaskMan-v2\backend-api\.venv\Scripts\python.exe
cachedir: .pytest_cache
rootdir: C:\Users\James\Documents\Github\GHrepos\SCCMScripts\TaskMan-v2\backend-api
configfile: pyproject.toml
plugins: anyio-4.12.0, Faker-30.10.0, asyncio-0.26.0, cov-5.0.0, mock-3.15.1
asyncio: mode=Mode.AUTO, asyncio_default_fixture_loop_scope=function, asyncio_default_test_loop_scope=function
collecting ... collected 16 items

tests/unit/core/test_result.py::TestOk::test_ok_is_ok_returns_true PASSED
tests/unit/core/test_result.py::TestOk::test_ok_is_err_returns_false PASSED
tests/unit/core/test_result.py::TestOk::test_ok_unwrap_returns_value PASSED
tests/unit/core/test_result.py::TestOk::test_ok_ok_returns_value PASSED
tests/unit/core/test_result.py::TestOk::test_ok_unwrap_err_raises PASSED
tests/unit/core/test_result.py::TestOk::test_ok_err_raises PASSED
tests/unit/core/test_result.py::TestOk::test_ok_match_args PASSED
tests/unit/core/test_result.py::TestErr::test_err_is_ok_returns_false PASSED
tests/unit/core/test_result.py::TestErr::test_err_is_err_returns_true PASSED
tests/unit/core/test_result.py::TestErr::test_err_unwrap_raises PASSED
tests/unit/core/test_result.py::TestErr::test_err_ok_raises PASSED
tests/unit/core/test_result.py::TestErr::test_err_unwrap_err_returns_error PASSED
tests/unit/core/test_result.py::TestErr::test_err_err_returns_error PASSED
tests/unit/core/test_result.py::TestErr::test_err_match_args PASSED
tests/unit/core/test_result.py::TestResultPatternMatching::test_pattern_match_ok PASSED
tests/unit/core/test_result.py::TestResultPatternMatching::test_pattern_match_err PASSED
INTERNALERROR> Traceback (most recent call last):
INTERNALERROR>   File "C:\Users\James\Documents\Github\GHrepos\SCCMScripts\TaskMan-v2\backend-api\.venv\Lib\site-packages\pluggy\_callers.py", line 43, in run_old_style_hookwrapper
INTERNALERROR>     teardown.send(result)
INTERNALERROR>   File "c:\Users\James\Documents\Github\GHrepos\SCCMScripts\TaskMan-v2\backend-api\.venv\Lib\site-packages\pytest_cov\plugin.py", line 339, in pytest_runtestloop
INTERNALERROR>     self.cov_controller.finish()
INTERNALERROR>   File "C:\Users\James\Documents\Github\GHrepos\SCCMScripts\TaskMan-v2\backend-api\.venv\Lib\site-packages\pytest_cov\engine.py", line 46, in ensure_topdir_wrapper
INTERNALERROR>     return meth(self, *args, **kwargs)
INTERNALERROR>            ^^^^^^^^^^^^^^^^^^^^^^^^^^^
INTERNALERROR>   File "C:\Users\James\Documents\Github\GHrepos\SCCMScripts\TaskMan-v2\backend-api\.venv\Lib\site-packages\pytest_cov\engine.py", line 256, in finish
INTERNALERROR>     self.cov.save()
INTERNALERROR>   File "C:\Users\James\Documents\Github\GHrepos\SCCMScripts\TaskMan-v2\backend-api\.venv\Lib\site-packages\coverage\control.py", line 854, in save
INTERNALERROR>     data = self.get_data()
INTERNALERROR>            ^^^^^^^^^^^^^^^
INTERNALERROR>   File "C:\Users\James\Documents\Github\GHrepos\SCCMScripts\TaskMan-v2\backend-api\.venv\Lib\site-packages\coverage\control.py", line 935, in get_data
INTERNALERROR>     self._post_save_work()
INTERNALERROR>   File "C:\Users\James\Documents\Github\GHrepos\SCCMScripts\TaskMan-v2\backend-api\.venv\Lib\site-packages\coverage\control.py", line 953, in _post_save_work
INTERNALERROR>     self._inorout.warn_unimported_source()
INTERNALERROR>   File "C:\Users\James\Documents\Github\GHrepos\SCCMScripts\TaskMan-v2\backend-api\.venv\Lib\site-packages\coverage\inorout.py", line 511, in warn_unimported_source
INTERNALERROR>     self._warn_about_unmeasured_code(pkg)
INTERNALERROR>   File "C:\Users\James\Documents\Github\GHrepos\SCCMScripts\TaskMan-v2\backend-api\.venv\Lib\site-packages\coverage\inorout.py", line 537, in _warn_about_unmeasured_code
INTERNALERROR>     self.warn(msg, slug="module-not-measured")
INTERNALERROR>   File "C:\Users\James\Documents\Github\GHrepos\SCCMScripts\TaskMan-v2\backend-api\.venv\Lib\site-packages\coverage\control.py", line 496, in _warn
INTERNALERROR>     warnings.warn(msg, category=CoverageWarning, stacklevel=2)
INTERNALERROR> coverage.exceptions.CoverageWarning: Module taskman_api was previously imported, but not measured (module-not-measured); see https://coverage.readthedocs.io/en/7.13.0/messages.html#warning-module-not-measured
INTERNALERROR> 
INTERNALERROR> During handling of the above exception, another exception occurred:
INTERNALERROR> 
INTERNALERROR> Traceback (most recent call last):
INTERNALERROR>   File "C:\Users\James\Documents\Github\GHrepos\SCCMScripts\TaskMan-v2\backend-api\.venv\Lib\site-packages\_pytest\main.py", line 289, in wrap_session
INTERNALERROR>     session.exitstatus = doit(config, session) or 0
INTERNALERROR>                          ^^^^^^^^^^^^^^^^^^^^^
INTERNALERROR>   File "C:\Users\James\Documents\Github\GHrepos\SCCMScripts\TaskMan-v2\backend-api\.venv\Lib\site-packages\_pytest\main.py", line 343, in _main
INTERNALERROR>     config.hook.pytest_runtestloop(session=session)
INTERNALERROR>   File "C:\Users\James\Documents\Github\GHrepos\SCCMScripts\TaskMan-v2\backend-api\.venv\Lib\site-packages\pluggy\_hooks.py", line 512, in __call__
INTERNALERROR>     return self._hookexec(self.name, self._hookimpls.copy(), kwargs, firstresult)
INTERNALERROR>            ^^^^^^^^^^^^^^^^^^^^^^^^^^^^^^^^^^^^^^^^^^^^^^^^^^^^^^^^^^^^^^^^^^^^^^
INTERNALERROR>   File "C:\Users\James\Documents\Github\GHrepos\SCCMScripts\TaskMan-v2\backend-api\.venv\Lib\site-packages\pluggy\_manager.py", line 120, in _hookexec
INTERNALERROR>     return self._inner_hookexec(hook_name, methods, kwargs, firstresult)
INTERNALERROR>            ^^^^^^^^^^^^^^^^^^^^^^^^^^^^^^^^^^^^^^^^^^^^^^^^^^^^^^^^^^^^^
INTERNALERROR>   File "C:\Users\James\Documents\Github\GHrepos\SCCMScripts\TaskMan-v2\backend-api\.venv\Lib\site-packages\pluggy\_callers.py", line 167, in _multicall
INTERNALERROR>     raise exception
INTERNALERROR>   File "C:\Users\James\Documents\Github\GHrepos\SCCMScripts\TaskMan-v2\backend-api\.venv\Lib\site-packages\pluggy\_callers.py", line 139, in _multicall
INTERNALERROR>     teardown.throw(exception)
INTERNALERROR>   File "C:\Users\James\Documents\Github\GHrepos\SCCMScripts\TaskMan-v2\backend-api\.venv\Lib\site-packages\_pytest\logging.py", line 801, in pytest_runtestloop
INTERNALERROR>     return (yield)  # Run all the tests.
INTERNALERROR>             ^^^^^
INTERNALERROR>   File "C:\Users\James\Documents\Github\GHrepos\SCCMScripts\TaskMan-v2\backend-api\.venv\Lib\site-packages\pluggy\_callers.py", line 139, in _multicall
INTERNALERROR>     teardown.throw(exception)
INTERNALERROR>   File "C:\Users\James\Documents\Github\GHrepos\SCCMScripts\TaskMan-v2\backend-api\.venv\Lib\site-packages\_pytest\terminal.py", line 688, in pytest_runtestloop
INTERNALERROR>     result = yield
INTERNALERROR>              ^^^^^
INTERNALERROR>   File "C:\Users\James\Documents\Github\GHrepos\SCCMScripts\TaskMan-v2\backend-api\.venv\Lib\site-packages\pluggy\_callers.py", line 152, in _multicall
INTERNALERROR>     teardown.send(result)
INTERNALERROR>   File "C:\Users\James\Documents\Github\GHrepos\SCCMScripts\TaskMan-v2\backend-api\.venv\Lib\site-packages\pluggy\_callers.py", line 47, in run_old_style_hookwrapper
INTERNALERROR>     _warn_teardown_exception(hook_name, hook_impl, e)
INTERNALERROR>   File "C:\Users\James\Documents\Github\GHrepos\SCCMScripts\TaskMan-v2\backend-api\.venv\Lib\site-packages\pluggy\_callers.py", line 73, in _warn_teardown_exception
INTERNALERROR>     warnings.warn(PluggyTeardownRaisedWarning(msg), stacklevel=6)
INTERNALERROR> pluggy.PluggyTeardownRaisedWarning: A plugin raised an exception during an old-style hookwrapper teardown.
INTERNALERROR> Plugin: _cov, Hook: pytest_runtestloop
INTERNALERROR> CoverageWarning: Module taskman_api was previously imported, but not measured (module-not-measured); see https://coverage.readthedocs.io/en/7.13.0/messages.html#warning-module-not-measured
INTERNALERROR> For more information see https://pluggy.readthedocs.io/en/stable/api_reference.html#pluggy.PluggyTeardownRaisedWarning

================================================= 16 passed in 0.44s ==================================================
