================================================= test session starts =================================================
platform win32 -- Python 3.11.9, pytest-8.4.2, pluggy-1.6.0 -- C:\Users\James\Documents\Github\GHrepos\SCCMScripts\TaskMan-v2\backend-api\.venv\Scripts\python.exe
cachedir: .pytest_cache
rootdir: C:\Users\James\Documents\Github\GHrepos\SCCMScripts\TaskMan-v2\backend-api
configfile: pyproject.toml
plugins: anyio-4.12.0, Faker-30.10.0, asyncio-0.26.0, cov-5.0.0, mock-3.15.1
asyncio: mode=Mode.AUTO, asyncio_default_fixture_loop_scope=function, asyncio_default_test_loop_scope=function
collecting ... collected 31 items

tests/integration/api/test_action_lists_api.py::TestActionListIntegration::test_action_list_lifecycle FAILED     [  3%]
tests/integration/api/test_action_lists_api.py::TestActionListIntegration::test_validation_errors FAILED         [  6%]
tests/integration/api/test_projects_api.py::TestProjectIntegration::test_project_crud_lifecycle PASSED           [  9%]
tests/integration/api/test_projects_api.py::TestProjectIntegration::test_project_validation_errors PASSED        [ 12%]
tests/integration/api/test_projects_api.py::TestProjectIntegration::test_project_metrics_endpoint PASSED         [ 16%]
tests/integration/api/test_projects_api.py::TestProjectIntegration::test_duplicate_project_id PASSED             [ 19%]
tests/integration/api/test_sprints_api.py::TestSprintIntegration::test_sprint_management PASSED                  [ 22%]
tests/integration/api/test_sprints_api.py::TestSprintIntegration::test_sprint_validation_errors PASSED           [ 25%]
tests/integration/api/test_sprints_api.py::TestSprintIntegration::test_sprint_velocity_calculation PASSED        [ 29%]
tests/integration/api/test_tasks_api.py::TestTaskIntegration::test_create_task_full_lifecycle PASSED             [ 32%]
tests/integration/api/test_tasks_api.py::TestTaskIntegration::test_task_validation_errors PASSED                 [ 35%]
tests/integration/api/test_tasks_api.py::TestTaskIntegration::test_list_tasks_pagination_and_filtering PASSED    [ 38%]
tests/integration/api/test_tasks_api.py::TestTaskIntegration::test_duplicate_task_id PASSED                      [ 41%]
tests/integration/services/test_cross_service_ops.py::test_full_workflow_simulation PASSED                       [ 45%]
tests/integration/services/test_project_sprint_flow.py::test_project_sprint_task_hierarchy PASSED                [ 48%]
tests/integration/services/test_project_sprint_flow.py::test_orphan_prevention PASSED                            [ 51%]
tests/integration/services/test_task_sprint_flow.py::test_task_movement_between_sprints PASSED                   [ 54%]
tests/integration/services/test_task_sprint_flow.py::test_sprint_closure_logic PASSED                            [ 58%]
tests/integration/services/test_task_validation.py::test_create_task_with_invalid_project PASSED                 [ 61%]
tests/integration/services/test_task_validation.py::test_create_task_with_invalid_sprint PASSED                  [ 64%]
tests/integration/services/test_task_validation.py::test_update_task_with_invalid_foreign_keys PASSED            [ 67%]
tests/integration/test_action_list_integration.py::TestActionListServiceIntegration::test_create_action_list_persists_to_database FAILED [ 70%]
tests/integration/test_action_list_integration.py::TestActionListServiceIntegration::test_create_with_items_persists_correctly FAILED [ 74%]
tests/integration/test_action_list_integration.py::TestActionListServiceIntegration::test_create_with_task_references FAILED [ 77%]
tests/integration/test_action_list_integration.py::TestActionListServiceIntegration::test_get_by_id_returns_correct_entity FAILED [ 80%]
tests/integration/test_action_list_integration.py::TestActionListServiceIntegration::test_search_with_filters FAILED [ 83%]
tests/integration/test_action_list_integration.py::TestActionListServiceIntegration::test_update_modifies_database_entity FAILED [ 87%]
tests/integration/test_action_list_integration.py::TestActionListServiceIntegration::test_update_preserves_other_fields FAILED [ 90%]
tests/integration/test_action_list_integration.py::TestActionListServiceIntegration::test_delete_removes_from_database FAILED [ 93%]
tests/integration/test_action_list_integration.py::TestActionListServiceIntegration::test_transaction_rollback_on_error FAILED [ 96%]
tests/integration/test_action_list_integration.py::TestActionListServiceIntegration::test_pagination_returns_correct_slice FAILED [100%]

====================================================== FAILURES =======================================================
________________________________ TestActionListIntegration.test_action_list_lifecycle _________________________________
  + Exception Group Traceback (most recent call last):
  |   File "C:\Users\James\Documents\Github\GHrepos\SCCMScripts\TaskMan-v2\backend-api\.venv\Lib\site-packages\starlette\_utils.py", line 76, in collapse_excgroups
  |     yield
  |   File "C:\Users\James\Documents\Github\GHrepos\SCCMScripts\TaskMan-v2\backend-api\.venv\Lib\site-packages\starlette\middleware\base.py", line 177, in __call__
  |     async with anyio.create_task_group() as task_group:
  |   File "c:\Users\James\Documents\Github\GHrepos\SCCMScripts\TaskMan-v2\backend-api\.venv\Lib\site-packages\anyio\_backends\_asyncio.py", line 783, in __aexit__
  |     raise BaseExceptionGroup(
  | ExceptionGroup: unhandled errors in a TaskGroup (1 sub-exception)
  +-+---------------- 1 ----------------
    | Traceback (most recent call last):
    |   File "C:\Users\James\Documents\Github\GHrepos\SCCMScripts\TaskMan-v2\backend-api\.venv\Lib\site-packages\_pytest\runner.py", line 344, in from_call
    |     result: TResult | None = func()
    |                              ^^^^^^
    |   File "C:\Users\James\Documents\Github\GHrepos\SCCMScripts\TaskMan-v2\backend-api\.venv\Lib\site-packages\_pytest\runner.py", line 246, in <lambda>
    |     lambda: runtest_hook(item=item, **kwds), when=when, reraise=reraise
    |             ^^^^^^^^^^^^^^^^^^^^^^^^^^^^^^^
    |   File "C:\Users\James\Documents\Github\GHrepos\SCCMScripts\TaskMan-v2\backend-api\.venv\Lib\site-packages\pluggy\_hooks.py", line 512, in __call__
    |     return self._hookexec(self.name, self._hookimpls.copy(), kwargs, firstresult)
    |            ^^^^^^^^^^^^^^^^^^^^^^^^^^^^^^^^^^^^^^^^^^^^^^^^^^^^^^^^^^^^^^^^^^^^^^
    |   File "C:\Users\James\Documents\Github\GHrepos\SCCMScripts\TaskMan-v2\backend-api\.venv\Lib\site-packages\pluggy\_manager.py", line 120, in _hookexec
    |     return self._inner_hookexec(hook_name, methods, kwargs, firstresult)
    |            ^^^^^^^^^^^^^^^^^^^^^^^^^^^^^^^^^^^^^^^^^^^^^^^^^^^^^^^^^^^^^
    |   File "C:\Users\James\Documents\Github\GHrepos\SCCMScripts\TaskMan-v2\backend-api\.venv\Lib\site-packages\pluggy\_callers.py", line 167, in _multicall
    |     raise exception
    |   File "C:\Users\James\Documents\Github\GHrepos\SCCMScripts\TaskMan-v2\backend-api\.venv\Lib\site-packages\pluggy\_callers.py", line 139, in _multicall
    |     teardown.throw(exception)
    |   File "C:\Users\James\Documents\Github\GHrepos\SCCMScripts\TaskMan-v2\backend-api\.venv\Lib\site-packages\_pytest\logging.py", line 850, in pytest_runtest_call
    |     yield
    |   File "C:\Users\James\Documents\Github\GHrepos\SCCMScripts\TaskMan-v2\backend-api\.venv\Lib\site-packages\pluggy\_callers.py", line 139, in _multicall
    |     teardown.throw(exception)
    |   File "C:\Users\James\Documents\Github\GHrepos\SCCMScripts\TaskMan-v2\backend-api\.venv\Lib\site-packages\pluggy\_callers.py", line 53, in run_old_style_hookwrapper
    |     return result.get_result()
    |            ^^^^^^^^^^^^^^^^^^^
    |   File "C:\Users\James\Documents\Github\GHrepos\SCCMScripts\TaskMan-v2\backend-api\.venv\Lib\site-packages\pluggy\_result.py", line 103, in get_result
    |     raise exc.with_traceback(tb)
    |   File "C:\Users\James\Documents\Github\GHrepos\SCCMScripts\TaskMan-v2\backend-api\.venv\Lib\site-packages\pluggy\_callers.py", line 38, in run_old_style_hookwrapper
    |     res = yield
    |           ^^^^^
    |   File "C:\Users\James\Documents\Github\GHrepos\SCCMScripts\TaskMan-v2\backend-api\.venv\Lib\site-packages\pluggy\_callers.py", line 139, in _multicall
    |     teardown.throw(exception)
    |   File "C:\Users\James\Documents\Github\GHrepos\SCCMScripts\TaskMan-v2\backend-api\.venv\Lib\site-packages\_pytest\capture.py", line 900, in pytest_runtest_call
    |     return (yield)
    |             ^^^^^
    |   File "C:\Users\James\Documents\Github\GHrepos\SCCMScripts\TaskMan-v2\backend-api\.venv\Lib\site-packages\pluggy\_callers.py", line 139, in _multicall
    |     teardown.throw(exception)
    |   File "C:\Users\James\Documents\Github\GHrepos\SCCMScripts\TaskMan-v2\backend-api\.venv\Lib\site-packages\_pytest\skipping.py", line 263, in pytest_runtest_call
    |     return (yield)
    |             ^^^^^
    |   File "C:\Users\James\Documents\Github\GHrepos\SCCMScripts\TaskMan-v2\backend-api\.venv\Lib\site-packages\pluggy\_callers.py", line 121, in _multicall
    |     res = hook_impl.function(*args)
    |           ^^^^^^^^^^^^^^^^^^^^^^^^^
    |   File "C:\Users\James\Documents\Github\GHrepos\SCCMScripts\TaskMan-v2\backend-api\.venv\Lib\site-packages\_pytest\runner.py", line 178, in pytest_runtest_call
    |     item.runtest()
    |   File "c:\Users\James\Documents\Github\GHrepos\SCCMScripts\TaskMan-v2\backend-api\.venv\Lib\site-packages\pytest_asyncio\plugin.py", line 549, in runtest
    |     super().runtest()
    |   File "C:\Users\James\Documents\Github\GHrepos\SCCMScripts\TaskMan-v2\backend-api\.venv\Lib\site-packages\_pytest\python.py", line 1671, in runtest
    |     self.ihook.pytest_pyfunc_call(pyfuncitem=self)
    |   File "C:\Users\James\Documents\Github\GHrepos\SCCMScripts\TaskMan-v2\backend-api\.venv\Lib\site-packages\pluggy\_hooks.py", line 512, in __call__
    |     return self._hookexec(self.name, self._hookimpls.copy(), kwargs, firstresult)
    |            ^^^^^^^^^^^^^^^^^^^^^^^^^^^^^^^^^^^^^^^^^^^^^^^^^^^^^^^^^^^^^^^^^^^^^^
    |   File "C:\Users\James\Documents\Github\GHrepos\SCCMScripts\TaskMan-v2\backend-api\.venv\Lib\site-packages\pluggy\_manager.py", line 120, in _hookexec
    |     return self._inner_hookexec(hook_name, methods, kwargs, firstresult)
    |            ^^^^^^^^^^^^^^^^^^^^^^^^^^^^^^^^^^^^^^^^^^^^^^^^^^^^^^^^^^^^^
    |   File "C:\Users\James\Documents\Github\GHrepos\SCCMScripts\TaskMan-v2\backend-api\.venv\Lib\site-packages\pluggy\_callers.py", line 167, in _multicall
    |     raise exception
    |   File "C:\Users\James\Documents\Github\GHrepos\SCCMScripts\TaskMan-v2\backend-api\.venv\Lib\site-packages\pluggy\_callers.py", line 139, in _multicall
    |     teardown.throw(exception)
    |   File "C:\Users\James\Documents\Github\GHrepos\SCCMScripts\TaskMan-v2\backend-api\.venv\Lib\site-packages\pluggy\_callers.py", line 53, in run_old_style_hookwrapper
    |     return result.get_result()
    |            ^^^^^^^^^^^^^^^^^^^
    |   File "C:\Users\James\Documents\Github\GHrepos\SCCMScripts\TaskMan-v2\backend-api\.venv\Lib\site-packages\pluggy\_result.py", line 103, in get_result
    |     raise exc.with_traceback(tb)
    |   File "C:\Users\James\Documents\Github\GHrepos\SCCMScripts\TaskMan-v2\backend-api\.venv\Lib\site-packages\pluggy\_callers.py", line 38, in run_old_style_hookwrapper
    |     res = yield
    |           ^^^^^
    |   File "C:\Users\James\Documents\Github\GHrepos\SCCMScripts\TaskMan-v2\backend-api\.venv\Lib\site-packages\pluggy\_callers.py", line 121, in _multicall
    |     res = hook_impl.function(*args)
    |           ^^^^^^^^^^^^^^^^^^^^^^^^^
    |   File "C:\Users\James\Documents\Github\GHrepos\SCCMScripts\TaskMan-v2\backend-api\.venv\Lib\site-packages\_pytest\python.py", line 157, in pytest_pyfunc_call
    |     result = testfunction(**testargs)
    |              ^^^^^^^^^^^^^^^^^^^^^^^^
    |   File "c:\Users\James\Documents\Github\GHrepos\SCCMScripts\TaskMan-v2\backend-api\.venv\Lib\site-packages\pytest_asyncio\plugin.py", line 1069, in inner
    |     _loop.run_until_complete(task)
    |   File "C:\Users\James\AppData\Local\Programs\Python\Python311\Lib\asyncio\base_events.py", line 654, in run_until_complete
    |     return future.result()
    |            ^^^^^^^^^^^^^^^
    |   File "C:\Users\James\Documents\Github\GHrepos\SCCMScripts\TaskMan-v2\backend-api\tests\integration\api\test_action_lists_api.py", line 22, in test_action_list_lifecycle
    |     create_res = await client.post("/api/v1/action-lists", json=create_payload)
    |                  ^^^^^^^^^^^^^^^^^^^^^^^^^^^^^^^^^^^^^^^^^^^^^^^^^^^^^^^^^^^^^^
    |   File "C:\Users\James\Documents\Github\GHrepos\SCCMScripts\TaskMan-v2\backend-api\.venv\Lib\site-packages\httpx\_client.py", line 1905, in post
    |     return await self.request(
    |            ^^^^^^^^^^^^^^^^^^^
    |   File "C:\Users\James\Documents\Github\GHrepos\SCCMScripts\TaskMan-v2\backend-api\.venv\Lib\site-packages\httpx\_client.py", line 1585, in request
    |     return await self.send(request, auth=auth, follow_redirects=follow_redirects)
    |            ^^^^^^^^^^^^^^^^^^^^^^^^^^^^^^^^^^^^^^^^^^^^^^^^^^^^^^^^^^^^^^^^^^^^^^
    |   File "C:\Users\James\Documents\Github\GHrepos\SCCMScripts\TaskMan-v2\backend-api\.venv\Lib\site-packages\httpx\_client.py", line 1674, in send
    |     response = await self._send_handling_auth(
    |                ^^^^^^^^^^^^^^^^^^^^^^^^^^^^^^^
    |   File "C:\Users\James\Documents\Github\GHrepos\SCCMScripts\TaskMan-v2\backend-api\.venv\Lib\site-packages\httpx\_client.py", line 1702, in _send_handling_auth
    |     response = await self._send_handling_redirects(
    |                ^^^^^^^^^^^^^^^^^^^^^^^^^^^^^^^^^^^^
    |   File "C:\Users\James\Documents\Github\GHrepos\SCCMScripts\TaskMan-v2\backend-api\.venv\Lib\site-packages\httpx\_client.py", line 1739, in _send_handling_redirects
    |     response = await self._send_single_request(request)
    |                ^^^^^^^^^^^^^^^^^^^^^^^^^^^^^^^^^^^^^^^^
    |   File "C:\Users\James\Documents\Github\GHrepos\SCCMScripts\TaskMan-v2\backend-api\.venv\Lib\site-packages\httpx\_client.py", line 1776, in _send_single_request
    |     response = await transport.handle_async_request(request)
    |                ^^^^^^^^^^^^^^^^^^^^^^^^^^^^^^^^^^^^^^^^^^^^^
    |   File "C:\Users\James\Documents\Github\GHrepos\SCCMScripts\TaskMan-v2\backend-api\.venv\Lib\site-packages\httpx\_transports\asgi.py", line 157, in handle_async_request
    |     await self.app(scope, receive, send)
    |   File "C:\Users\James\Documents\Github\GHrepos\SCCMScripts\TaskMan-v2\backend-api\.venv\Lib\site-packages\fastapi\applications.py", line 1054, in __call__
    |     await super().__call__(scope, receive, send)
    |   File "C:\Users\James\Documents\Github\GHrepos\SCCMScripts\TaskMan-v2\backend-api\.venv\Lib\site-packages\starlette\applications.py", line 112, in __call__
    |     await self.middleware_stack(scope, receive, send)
    |   File "C:\Users\James\Documents\Github\GHrepos\SCCMScripts\TaskMan-v2\backend-api\.venv\Lib\site-packages\starlette\middleware\errors.py", line 187, in __call__
    |     raise exc
    |   File "C:\Users\James\Documents\Github\GHrepos\SCCMScripts\TaskMan-v2\backend-api\.venv\Lib\site-packages\starlette\middleware\errors.py", line 165, in __call__
    |     await self.app(scope, receive, _send)
    |   File "C:\Users\James\Documents\Github\GHrepos\SCCMScripts\TaskMan-v2\backend-api\.venv\Lib\site-packages\starlette\middleware\base.py", line 176, in __call__
    |     with recv_stream, send_stream, collapse_excgroups():
    |   File "C:\Users\James\AppData\Local\Programs\Python\Python311\Lib\contextlib.py", line 158, in __exit__
    |     self.gen.throw(typ, value, traceback)
    |   File "C:\Users\James\Documents\Github\GHrepos\SCCMScripts\TaskMan-v2\backend-api\.venv\Lib\site-packages\starlette\_utils.py", line 82, in collapse_excgroups
    |     raise exc
    |   File "C:\Users\James\Documents\Github\GHrepos\SCCMScripts\TaskMan-v2\backend-api\.venv\Lib\site-packages\starlette\middleware\base.py", line 178, in __call__
    |     response = await self.dispatch_func(request, call_next)
    |                ^^^^^^^^^^^^^^^^^^^^^^^^^^^^^^^^^^^^^^^^^^^^
    |   File "C:\Users\James\Documents\Github\GHrepos\SCCMScripts\TaskMan-v2\backend-api\src\taskman_api\middleware\logging_middleware.py", line 223, in dispatch
    |     response = await call_next(request)
    |                ^^^^^^^^^^^^^^^^^^^^^^^^
    |   File "C:\Users\James\Documents\Github\GHrepos\SCCMScripts\TaskMan-v2\backend-api\.venv\Lib\site-packages\starlette\middleware\base.py", line 156, in call_next
    |     raise app_exc
    |   File "C:\Users\James\Documents\Github\GHrepos\SCCMScripts\TaskMan-v2\backend-api\.venv\Lib\site-packages\starlette\middleware\base.py", line 141, in coro
    |     await self.app(scope, receive_or_disconnect, send_no_error)
    |   File "C:\Users\James\Documents\Github\GHrepos\SCCMScripts\TaskMan-v2\backend-api\.venv\Lib\site-packages\starlette\middleware\cors.py", line 85, in __call__
    |     await self.app(scope, receive, send)
    |   File "C:\Users\James\Documents\Github\GHrepos\SCCMScripts\TaskMan-v2\backend-api\.venv\Lib\site-packages\starlette\middleware\exceptions.py", line 62, in __call__
    |     await wrap_app_handling_exceptions(self.app, conn)(scope, receive, send)
    |   File "C:\Users\James\Documents\Github\GHrepos\SCCMScripts\TaskMan-v2\backend-api\.venv\Lib\site-packages\starlette\_exception_handler.py", line 53, in wrapped_app
    |     raise exc
    |   File "C:\Users\James\Documents\Github\GHrepos\SCCMScripts\TaskMan-v2\backend-api\.venv\Lib\site-packages\starlette\_exception_handler.py", line 42, in wrapped_app
    |     await app(scope, receive, sender)
    |   File "C:\Users\James\Documents\Github\GHrepos\SCCMScripts\TaskMan-v2\backend-api\.venv\Lib\site-packages\starlette\routing.py", line 714, in __call__
    |     await self.middleware_stack(scope, receive, send)
    |   File "C:\Users\James\Documents\Github\GHrepos\SCCMScripts\TaskMan-v2\backend-api\.venv\Lib\site-packages\starlette\routing.py", line 734, in app
    |     await route.handle(scope, receive, send)
    |   File "C:\Users\James\Documents\Github\GHrepos\SCCMScripts\TaskMan-v2\backend-api\.venv\Lib\site-packages\starlette\routing.py", line 288, in handle
    |     await self.app(scope, receive, send)
    |   File "C:\Users\James\Documents\Github\GHrepos\SCCMScripts\TaskMan-v2\backend-api\.venv\Lib\site-packages\starlette\routing.py", line 76, in app
    |     await wrap_app_handling_exceptions(app, request)(scope, receive, send)
    |   File "C:\Users\James\Documents\Github\GHrepos\SCCMScripts\TaskMan-v2\backend-api\.venv\Lib\site-packages\starlette\_exception_handler.py", line 53, in wrapped_app
    |     raise exc
    |   File "C:\Users\James\Documents\Github\GHrepos\SCCMScripts\TaskMan-v2\backend-api\.venv\Lib\site-packages\starlette\_exception_handler.py", line 42, in wrapped_app
    |     await app(scope, receive, sender)
    |   File "C:\Users\James\Documents\Github\GHrepos\SCCMScripts\TaskMan-v2\backend-api\.venv\Lib\site-packages\starlette\routing.py", line 73, in app
    |     response = await f(request)
    |                ^^^^^^^^^^^^^^^^
    |   File "C:\Users\James\Documents\Github\GHrepos\SCCMScripts\TaskMan-v2\backend-api\.venv\Lib\site-packages\fastapi\routing.py", line 301, in app
    |     raw_response = await run_endpoint_function(
    |                    ^^^^^^^^^^^^^^^^^^^^^^^^^^^^
    |   File "C:\Users\James\Documents\Github\GHrepos\SCCMScripts\TaskMan-v2\backend-api\.venv\Lib\site-packages\fastapi\routing.py", line 212, in run_endpoint_function
    |     return await dependant.call(**values)
    |            ^^^^^^^^^^^^^^^^^^^^^^^^^^^^^^
    |   File "C:\Users\James\Documents\Github\GHrepos\SCCMScripts\TaskMan-v2\backend-api\src\taskman_api\routers\action_lists.py", line 80, in create_action_list
    |     result = await service.create_action_list(
    |                    ^^^^^^^^^^^^^^^^^^^^^^^^^^
    | AttributeError: 'ActionListService' object has no attribute 'create_action_list'
    +------------------------------------

During handling of the above exception, another exception occurred:

Traceback (most recent call last):
  File "C:\Users\James\Documents\Github\GHrepos\SCCMScripts\TaskMan-v2\backend-api\tests\integration\api\test_action_lists_api.py", line 22, in test_action_list_lifecycle
    create_res = await client.post("/api/v1/action-lists", json=create_payload)
                 ^^^^^^^^^^^^^^^^^^^^^^^^^^^^^^^^^^^^^^^^^^^^^^^^^^^^^^^^^^^^^^
  File "C:\Users\James\Documents\Github\GHrepos\SCCMScripts\TaskMan-v2\backend-api\.venv\Lib\site-packages\httpx\_client.py", line 1905, in post
    return await self.request(
           ^^^^^^^^^^^^^^^^^^^
  File "C:\Users\James\Documents\Github\GHrepos\SCCMScripts\TaskMan-v2\backend-api\.venv\Lib\site-packages\httpx\_client.py", line 1585, in request
    return await self.send(request, auth=auth, follow_redirects=follow_redirects)
           ^^^^^^^^^^^^^^^^^^^^^^^^^^^^^^^^^^^^^^^^^^^^^^^^^^^^^^^^^^^^^^^^^^^^^^
  File "C:\Users\James\Documents\Github\GHrepos\SCCMScripts\TaskMan-v2\backend-api\.venv\Lib\site-packages\httpx\_client.py", line 1674, in send
    response = await self._send_handling_auth(
               ^^^^^^^^^^^^^^^^^^^^^^^^^^^^^^^
  File "C:\Users\James\Documents\Github\GHrepos\SCCMScripts\TaskMan-v2\backend-api\.venv\Lib\site-packages\httpx\_client.py", line 1702, in _send_handling_auth
    response = await self._send_handling_redirects(
               ^^^^^^^^^^^^^^^^^^^^^^^^^^^^^^^^^^^^
  File "C:\Users\James\Documents\Github\GHrepos\SCCMScripts\TaskMan-v2\backend-api\.venv\Lib\site-packages\httpx\_client.py", line 1739, in _send_handling_redirects
    response = await self._send_single_request(request)
               ^^^^^^^^^^^^^^^^^^^^^^^^^^^^^^^^^^^^^^^^
  File "C:\Users\James\Documents\Github\GHrepos\SCCMScripts\TaskMan-v2\backend-api\.venv\Lib\site-packages\httpx\_client.py", line 1776, in _send_single_request
    response = await transport.handle_async_request(request)
               ^^^^^^^^^^^^^^^^^^^^^^^^^^^^^^^^^^^^^^^^^^^^^
  File "C:\Users\James\Documents\Github\GHrepos\SCCMScripts\TaskMan-v2\backend-api\.venv\Lib\site-packages\httpx\_transports\asgi.py", line 157, in handle_async_request
    await self.app(scope, receive, send)
  File "C:\Users\James\Documents\Github\GHrepos\SCCMScripts\TaskMan-v2\backend-api\.venv\Lib\site-packages\fastapi\applications.py", line 1054, in __call__
    await super().__call__(scope, receive, send)
  File "C:\Users\James\Documents\Github\GHrepos\SCCMScripts\TaskMan-v2\backend-api\.venv\Lib\site-packages\starlette\applications.py", line 112, in __call__
    await self.middleware_stack(scope, receive, send)
  File "C:\Users\James\Documents\Github\GHrepos\SCCMScripts\TaskMan-v2\backend-api\.venv\Lib\site-packages\starlette\middleware\errors.py", line 187, in __call__
    raise exc
  File "C:\Users\James\Documents\Github\GHrepos\SCCMScripts\TaskMan-v2\backend-api\.venv\Lib\site-packages\starlette\middleware\errors.py", line 165, in __call__
    await self.app(scope, receive, _send)
  File "C:\Users\James\Documents\Github\GHrepos\SCCMScripts\TaskMan-v2\backend-api\.venv\Lib\site-packages\starlette\middleware\base.py", line 176, in __call__
    with recv_stream, send_stream, collapse_excgroups():
  File "C:\Users\James\AppData\Local\Programs\Python\Python311\Lib\contextlib.py", line 158, in __exit__
    self.gen.throw(typ, value, traceback)
  File "C:\Users\James\Documents\Github\GHrepos\SCCMScripts\TaskMan-v2\backend-api\.venv\Lib\site-packages\starlette\_utils.py", line 82, in collapse_excgroups
    raise exc
  File "C:\Users\James\Documents\Github\GHrepos\SCCMScripts\TaskMan-v2\backend-api\.venv\Lib\site-packages\starlette\middleware\base.py", line 178, in __call__
    response = await self.dispatch_func(request, call_next)
               ^^^^^^^^^^^^^^^^^^^^^^^^^^^^^^^^^^^^^^^^^^^^
  File "C:\Users\James\Documents\Github\GHrepos\SCCMScripts\TaskMan-v2\backend-api\src\taskman_api\middleware\logging_middleware.py", line 223, in dispatch
    response = await call_next(request)
               ^^^^^^^^^^^^^^^^^^^^^^^^
  File "C:\Users\James\Documents\Github\GHrepos\SCCMScripts\TaskMan-v2\backend-api\.venv\Lib\site-packages\starlette\middleware\base.py", line 156, in call_next
    raise app_exc
  File "C:\Users\James\Documents\Github\GHrepos\SCCMScripts\TaskMan-v2\backend-api\.venv\Lib\site-packages\starlette\middleware\base.py", line 141, in coro
    await self.app(scope, receive_or_disconnect, send_no_error)
  File "C:\Users\James\Documents\Github\GHrepos\SCCMScripts\TaskMan-v2\backend-api\.venv\Lib\site-packages\starlette\middleware\cors.py", line 85, in __call__
    await self.app(scope, receive, send)
  File "C:\Users\James\Documents\Github\GHrepos\SCCMScripts\TaskMan-v2\backend-api\.venv\Lib\site-packages\starlette\middleware\exceptions.py", line 62, in __call__
    await wrap_app_handling_exceptions(self.app, conn)(scope, receive, send)
  File "C:\Users\James\Documents\Github\GHrepos\SCCMScripts\TaskMan-v2\backend-api\.venv\Lib\site-packages\starlette\_exception_handler.py", line 53, in wrapped_app
    raise exc
  File "C:\Users\James\Documents\Github\GHrepos\SCCMScripts\TaskMan-v2\backend-api\.venv\Lib\site-packages\starlette\_exception_handler.py", line 42, in wrapped_app
    await app(scope, receive, sender)
  File "C:\Users\James\Documents\Github\GHrepos\SCCMScripts\TaskMan-v2\backend-api\.venv\Lib\site-packages\starlette\routing.py", line 714, in __call__
    await self.middleware_stack(scope, receive, send)
  File "C:\Users\James\Documents\Github\GHrepos\SCCMScripts\TaskMan-v2\backend-api\.venv\Lib\site-packages\starlette\routing.py", line 734, in app
    await route.handle(scope, receive, send)
  File "C:\Users\James\Documents\Github\GHrepos\SCCMScripts\TaskMan-v2\backend-api\.venv\Lib\site-packages\starlette\routing.py", line 288, in handle
    await self.app(scope, receive, send)
  File "C:\Users\James\Documents\Github\GHrepos\SCCMScripts\TaskMan-v2\backend-api\.venv\Lib\site-packages\starlette\routing.py", line 76, in app
    await wrap_app_handling_exceptions(app, request)(scope, receive, send)
  File "C:\Users\James\Documents\Github\GHrepos\SCCMScripts\TaskMan-v2\backend-api\.venv\Lib\site-packages\starlette\_exception_handler.py", line 53, in wrapped_app
    raise exc
  File "C:\Users\James\Documents\Github\GHrepos\SCCMScripts\TaskMan-v2\backend-api\.venv\Lib\site-packages\starlette\_exception_handler.py", line 42, in wrapped_app
    await app(scope, receive, sender)
  File "C:\Users\James\Documents\Github\GHrepos\SCCMScripts\TaskMan-v2\backend-api\.venv\Lib\site-packages\starlette\routing.py", line 73, in app
    response = await f(request)
               ^^^^^^^^^^^^^^^^
  File "C:\Users\James\Documents\Github\GHrepos\SCCMScripts\TaskMan-v2\backend-api\.venv\Lib\site-packages\fastapi\routing.py", line 301, in app
    raw_response = await run_endpoint_function(
                   ^^^^^^^^^^^^^^^^^^^^^^^^^^^^
  File "C:\Users\James\Documents\Github\GHrepos\SCCMScripts\TaskMan-v2\backend-api\.venv\Lib\site-packages\fastapi\routing.py", line 212, in run_endpoint_function
    return await dependant.call(**values)
           ^^^^^^^^^^^^^^^^^^^^^^^^^^^^^^
  File "C:\Users\James\Documents\Github\GHrepos\SCCMScripts\TaskMan-v2\backend-api\src\taskman_api\routers\action_lists.py", line 80, in create_action_list
    result = await service.create_action_list(
                   ^^^^^^^^^^^^^^^^^^^^^^^^^^
AttributeError: 'ActionListService' object has no attribute 'create_action_list'

During handling of the above exception, another exception occurred:
tests\integration\api\test_action_lists_api.py:22: in test_action_list_lifecycle
    create_res = await client.post("/api/v1/action-lists", json=create_payload)
                 ^^^^^^^^^^^^^^^^^^^^^^^^^^^^^^^^^^^^^^^^^^^^^^^^^^^^^^^^^^^^^^
.venv\Lib\site-packages\httpx\_client.py:1905: in post
    return await self.request(
.venv\Lib\site-packages\httpx\_client.py:1585: in request
    return await self.send(request, auth=auth, follow_redirects=follow_redirects)
           ^^^^^^^^^^^^^^^^^^^^^^^^^^^^^^^^^^^^^^^^^^^^^^^^^^^^^^^^^^^^^^^^^^^^^^
.venv\Lib\site-packages\httpx\_client.py:1674: in send
    response = await self._send_handling_auth(
.venv\Lib\site-packages\httpx\_client.py:1702: in _send_handling_auth
    response = await self._send_handling_redirects(
.venv\Lib\site-packages\httpx\_client.py:1739: in _send_handling_redirects
    response = await self._send_single_request(request)
               ^^^^^^^^^^^^^^^^^^^^^^^^^^^^^^^^^^^^^^^^
.venv\Lib\site-packages\httpx\_client.py:1776: in _send_single_request
    response = await transport.handle_async_request(request)
               ^^^^^^^^^^^^^^^^^^^^^^^^^^^^^^^^^^^^^^^^^^^^^
.venv\Lib\site-packages\httpx\_transports\asgi.py:157: in handle_async_request
    await self.app(scope, receive, send)
.venv\Lib\site-packages\fastapi\applications.py:1054: in __call__
    await super().__call__(scope, receive, send)
.venv\Lib\site-packages\starlette\applications.py:112: in __call__
    await self.middleware_stack(scope, receive, send)
.venv\Lib\site-packages\starlette\middleware\errors.py:187: in __call__
    raise exc
.venv\Lib\site-packages\starlette\middleware\errors.py:165: in __call__
    await self.app(scope, receive, _send)
.venv\Lib\site-packages\starlette\middleware\base.py:176: in __call__
    with recv_stream, send_stream, collapse_excgroups():
C:\Users\James\AppData\Local\Programs\Python\Python311\Lib\contextlib.py:158: in __exit__
    self.gen.throw(typ, value, traceback)
.venv\Lib\site-packages\starlette\_utils.py:82: in collapse_excgroups
    raise exc
.venv\Lib\site-packages\starlette\middleware\base.py:178: in __call__
    response = await self.dispatch_func(request, call_next)
               ^^^^^^^^^^^^^^^^^^^^^^^^^^^^^^^^^^^^^^^^^^^^
src\taskman_api\middleware\logging_middleware.py:223: in dispatch
    response = await call_next(request)
               ^^^^^^^^^^^^^^^^^^^^^^^^
.venv\Lib\site-packages\starlette\middleware\base.py:156: in call_next
    raise app_exc
.venv\Lib\site-packages\starlette\middleware\base.py:141: in coro
    await self.app(scope, receive_or_disconnect, send_no_error)
.venv\Lib\site-packages\starlette\middleware\cors.py:85: in __call__
    await self.app(scope, receive, send)
.venv\Lib\site-packages\starlette\middleware\exceptions.py:62: in __call__
    await wrap_app_handling_exceptions(self.app, conn)(scope, receive, send)
.venv\Lib\site-packages\starlette\_exception_handler.py:53: in wrapped_app
    raise exc
.venv\Lib\site-packages\starlette\_exception_handler.py:42: in wrapped_app
    await app(scope, receive, sender)
.venv\Lib\site-packages\starlette\routing.py:714: in __call__
    await self.middleware_stack(scope, receive, send)
.venv\Lib\site-packages\starlette\routing.py:734: in app
    await route.handle(scope, receive, send)
.venv\Lib\site-packages\starlette\routing.py:288: in handle
    await self.app(scope, receive, send)
.venv\Lib\site-packages\starlette\routing.py:76: in app
    await wrap_app_handling_exceptions(app, request)(scope, receive, send)
.venv\Lib\site-packages\starlette\_exception_handler.py:53: in wrapped_app
    raise exc
.venv\Lib\site-packages\starlette\_exception_handler.py:42: in wrapped_app
    await app(scope, receive, sender)
.venv\Lib\site-packages\starlette\routing.py:73: in app
    response = await f(request)
               ^^^^^^^^^^^^^^^^
.venv\Lib\site-packages\fastapi\routing.py:301: in app
    raw_response = await run_endpoint_function(
.venv\Lib\site-packages\fastapi\routing.py:212: in run_endpoint_function
    return await dependant.call(**values)
           ^^^^^^^^^^^^^^^^^^^^^^^^^^^^^^
src\taskman_api\routers\action_lists.py:80: in create_action_list
    result = await service.create_action_list(
                   ^^^^^^^^^^^^^^^^^^^^^^^^^^
E   AttributeError: 'ActionListService' object has no attribute 'create_action_list'
------------------------------------------------ Captured stdout call -------------------------------------------------
{"method": "POST", "path": "/api/v1/action-lists", "query": null, "correlation_id": "edeb8c42-0906-4944-8978-242cf764f206", "client_ip": "127.0.0.1", "event": "http_request", "timestamp": "2025-12-29T02:57:59.201690Z", "level": "info"}
{"method": "POST", "path": "/api/v1/action-lists", "correlation_id": "edeb8c42-0906-4944-8978-242cf764f206", "duration_ms": 12.77, "error": "'ActionListService' object has no attribute 'create_action_list'", "error_type": "AttributeError", "event": "http_request_error", "timestamp": "2025-12-29T02:57:59.214692Z", "level": "error"}
{"error": "'ActionListService' object has no attribute 'create_action_list'", "path": "/api/v1/action-lists", "event": "unhandled_exception", "timestamp": "2025-12-29T02:57:59.214692Z", "level": "error"}
__________________________________ TestActionListIntegration.test_validation_errors ___________________________________
  + Exception Group Traceback (most recent call last):
  |   File "C:\Users\James\Documents\Github\GHrepos\SCCMScripts\TaskMan-v2\backend-api\.venv\Lib\site-packages\starlette\_utils.py", line 76, in collapse_excgroups
  |     yield
  |   File "C:\Users\James\Documents\Github\GHrepos\SCCMScripts\TaskMan-v2\backend-api\.venv\Lib\site-packages\starlette\middleware\base.py", line 177, in __call__
  |     async with anyio.create_task_group() as task_group:
  |   File "c:\Users\James\Documents\Github\GHrepos\SCCMScripts\TaskMan-v2\backend-api\.venv\Lib\site-packages\anyio\_backends\_asyncio.py", line 783, in __aexit__
  |     raise BaseExceptionGroup(
  | ExceptionGroup: unhandled errors in a TaskGroup (1 sub-exception)
  +-+---------------- 1 ----------------
    | Traceback (most recent call last):
    |   File "C:\Users\James\Documents\Github\GHrepos\SCCMScripts\TaskMan-v2\backend-api\.venv\Lib\site-packages\_pytest\runner.py", line 344, in from_call
    |     result: TResult | None = func()
    |                              ^^^^^^
    |   File "C:\Users\James\Documents\Github\GHrepos\SCCMScripts\TaskMan-v2\backend-api\.venv\Lib\site-packages\_pytest\runner.py", line 246, in <lambda>
    |     lambda: runtest_hook(item=item, **kwds), when=when, reraise=reraise
    |             ^^^^^^^^^^^^^^^^^^^^^^^^^^^^^^^
    |   File "C:\Users\James\Documents\Github\GHrepos\SCCMScripts\TaskMan-v2\backend-api\.venv\Lib\site-packages\pluggy\_hooks.py", line 512, in __call__
    |     return self._hookexec(self.name, self._hookimpls.copy(), kwargs, firstresult)
    |            ^^^^^^^^^^^^^^^^^^^^^^^^^^^^^^^^^^^^^^^^^^^^^^^^^^^^^^^^^^^^^^^^^^^^^^
    |   File "C:\Users\James\Documents\Github\GHrepos\SCCMScripts\TaskMan-v2\backend-api\.venv\Lib\site-packages\pluggy\_manager.py", line 120, in _hookexec
    |     return self._inner_hookexec(hook_name, methods, kwargs, firstresult)
    |            ^^^^^^^^^^^^^^^^^^^^^^^^^^^^^^^^^^^^^^^^^^^^^^^^^^^^^^^^^^^^^
    |   File "C:\Users\James\Documents\Github\GHrepos\SCCMScripts\TaskMan-v2\backend-api\.venv\Lib\site-packages\pluggy\_callers.py", line 167, in _multicall
    |     raise exception
    |   File "C:\Users\James\Documents\Github\GHrepos\SCCMScripts\TaskMan-v2\backend-api\.venv\Lib\site-packages\pluggy\_callers.py", line 139, in _multicall
    |     teardown.throw(exception)
    |   File "C:\Users\James\Documents\Github\GHrepos\SCCMScripts\TaskMan-v2\backend-api\.venv\Lib\site-packages\_pytest\logging.py", line 850, in pytest_runtest_call
    |     yield
    |   File "C:\Users\James\Documents\Github\GHrepos\SCCMScripts\TaskMan-v2\backend-api\.venv\Lib\site-packages\pluggy\_callers.py", line 139, in _multicall
    |     teardown.throw(exception)
    |   File "C:\Users\James\Documents\Github\GHrepos\SCCMScripts\TaskMan-v2\backend-api\.venv\Lib\site-packages\pluggy\_callers.py", line 53, in run_old_style_hookwrapper
    |     return result.get_result()
    |            ^^^^^^^^^^^^^^^^^^^
    |   File "C:\Users\James\Documents\Github\GHrepos\SCCMScripts\TaskMan-v2\backend-api\.venv\Lib\site-packages\pluggy\_result.py", line 103, in get_result
    |     raise exc.with_traceback(tb)
    |   File "C:\Users\James\Documents\Github\GHrepos\SCCMScripts\TaskMan-v2\backend-api\.venv\Lib\site-packages\pluggy\_callers.py", line 38, in run_old_style_hookwrapper
    |     res = yield
    |           ^^^^^
    |   File "C:\Users\James\Documents\Github\GHrepos\SCCMScripts\TaskMan-v2\backend-api\.venv\Lib\site-packages\pluggy\_callers.py", line 139, in _multicall
    |     teardown.throw(exception)
    |   File "C:\Users\James\Documents\Github\GHrepos\SCCMScripts\TaskMan-v2\backend-api\.venv\Lib\site-packages\_pytest\capture.py", line 900, in pytest_runtest_call
    |     return (yield)
    |             ^^^^^
    |   File "C:\Users\James\Documents\Github\GHrepos\SCCMScripts\TaskMan-v2\backend-api\.venv\Lib\site-packages\pluggy\_callers.py", line 139, in _multicall
    |     teardown.throw(exception)
    |   File "C:\Users\James\Documents\Github\GHrepos\SCCMScripts\TaskMan-v2\backend-api\.venv\Lib\site-packages\_pytest\skipping.py", line 263, in pytest_runtest_call
    |     return (yield)
    |             ^^^^^
    |   File "C:\Users\James\Documents\Github\GHrepos\SCCMScripts\TaskMan-v2\backend-api\.venv\Lib\site-packages\pluggy\_callers.py", line 121, in _multicall
    |     res = hook_impl.function(*args)
    |           ^^^^^^^^^^^^^^^^^^^^^^^^^
    |   File "C:\Users\James\Documents\Github\GHrepos\SCCMScripts\TaskMan-v2\backend-api\.venv\Lib\site-packages\_pytest\runner.py", line 178, in pytest_runtest_call
    |     item.runtest()
    |   File "c:\Users\James\Documents\Github\GHrepos\SCCMScripts\TaskMan-v2\backend-api\.venv\Lib\site-packages\pytest_asyncio\plugin.py", line 549, in runtest
    |     super().runtest()
    |   File "C:\Users\James\Documents\Github\GHrepos\SCCMScripts\TaskMan-v2\backend-api\.venv\Lib\site-packages\_pytest\python.py", line 1671, in runtest
    |     self.ihook.pytest_pyfunc_call(pyfuncitem=self)
    |   File "C:\Users\James\Documents\Github\GHrepos\SCCMScripts\TaskMan-v2\backend-api\.venv\Lib\site-packages\pluggy\_hooks.py", line 512, in __call__
    |     return self._hookexec(self.name, self._hookimpls.copy(), kwargs, firstresult)
    |            ^^^^^^^^^^^^^^^^^^^^^^^^^^^^^^^^^^^^^^^^^^^^^^^^^^^^^^^^^^^^^^^^^^^^^^
    |   File "C:\Users\James\Documents\Github\GHrepos\SCCMScripts\TaskMan-v2\backend-api\.venv\Lib\site-packages\pluggy\_manager.py", line 120, in _hookexec
    |     return self._inner_hookexec(hook_name, methods, kwargs, firstresult)
    |            ^^^^^^^^^^^^^^^^^^^^^^^^^^^^^^^^^^^^^^^^^^^^^^^^^^^^^^^^^^^^^
    |   File "C:\Users\James\Documents\Github\GHrepos\SCCMScripts\TaskMan-v2\backend-api\.venv\Lib\site-packages\pluggy\_callers.py", line 167, in _multicall
    |     raise exception
    |   File "C:\Users\James\Documents\Github\GHrepos\SCCMScripts\TaskMan-v2\backend-api\.venv\Lib\site-packages\pluggy\_callers.py", line 139, in _multicall
    |     teardown.throw(exception)
    |   File "C:\Users\James\Documents\Github\GHrepos\SCCMScripts\TaskMan-v2\backend-api\.venv\Lib\site-packages\pluggy\_callers.py", line 53, in run_old_style_hookwrapper
    |     return result.get_result()
    |            ^^^^^^^^^^^^^^^^^^^
    |   File "C:\Users\James\Documents\Github\GHrepos\SCCMScripts\TaskMan-v2\backend-api\.venv\Lib\site-packages\pluggy\_result.py", line 103, in get_result
    |     raise exc.with_traceback(tb)
    |   File "C:\Users\James\Documents\Github\GHrepos\SCCMScripts\TaskMan-v2\backend-api\.venv\Lib\site-packages\pluggy\_callers.py", line 38, in run_old_style_hookwrapper
    |     res = yield
    |           ^^^^^
    |   File "C:\Users\James\Documents\Github\GHrepos\SCCMScripts\TaskMan-v2\backend-api\.venv\Lib\site-packages\pluggy\_callers.py", line 121, in _multicall
    |     res = hook_impl.function(*args)
    |           ^^^^^^^^^^^^^^^^^^^^^^^^^
    |   File "C:\Users\James\Documents\Github\GHrepos\SCCMScripts\TaskMan-v2\backend-api\.venv\Lib\site-packages\_pytest\python.py", line 157, in pytest_pyfunc_call
    |     result = testfunction(**testargs)
    |              ^^^^^^^^^^^^^^^^^^^^^^^^
    |   File "c:\Users\James\Documents\Github\GHrepos\SCCMScripts\TaskMan-v2\backend-api\.venv\Lib\site-packages\pytest_asyncio\plugin.py", line 1069, in inner
    |     _loop.run_until_complete(task)
    |   File "C:\Users\James\AppData\Local\Programs\Python\Python311\Lib\asyncio\base_events.py", line 654, in run_until_complete
    |     return future.result()
    |            ^^^^^^^^^^^^^^^
    |   File "C:\Users\James\Documents\Github\GHrepos\SCCMScripts\TaskMan-v2\backend-api\tests\integration\api\test_action_lists_api.py", line 86, in test_validation_errors
    |     create_res = await client.post("/api/v1/action-lists", json=create_payload)
    |                  ^^^^^^^^^^^^^^^^^^^^^^^^^^^^^^^^^^^^^^^^^^^^^^^^^^^^^^^^^^^^^^
    |   File "C:\Users\James\Documents\Github\GHrepos\SCCMScripts\TaskMan-v2\backend-api\.venv\Lib\site-packages\httpx\_client.py", line 1905, in post
    |     return await self.request(
    |            ^^^^^^^^^^^^^^^^^^^
    |   File "C:\Users\James\Documents\Github\GHrepos\SCCMScripts\TaskMan-v2\backend-api\.venv\Lib\site-packages\httpx\_client.py", line 1585, in request
    |     return await self.send(request, auth=auth, follow_redirects=follow_redirects)
    |            ^^^^^^^^^^^^^^^^^^^^^^^^^^^^^^^^^^^^^^^^^^^^^^^^^^^^^^^^^^^^^^^^^^^^^^
    |   File "C:\Users\James\Documents\Github\GHrepos\SCCMScripts\TaskMan-v2\backend-api\.venv\Lib\site-packages\httpx\_client.py", line 1674, in send
    |     response = await self._send_handling_auth(
    |                ^^^^^^^^^^^^^^^^^^^^^^^^^^^^^^^
    |   File "C:\Users\James\Documents\Github\GHrepos\SCCMScripts\TaskMan-v2\backend-api\.venv\Lib\site-packages\httpx\_client.py", line 1702, in _send_handling_auth
    |     response = await self._send_handling_redirects(
    |                ^^^^^^^^^^^^^^^^^^^^^^^^^^^^^^^^^^^^
    |   File "C:\Users\James\Documents\Github\GHrepos\SCCMScripts\TaskMan-v2\backend-api\.venv\Lib\site-packages\httpx\_client.py", line 1739, in _send_handling_redirects
    |     response = await self._send_single_request(request)
    |                ^^^^^^^^^^^^^^^^^^^^^^^^^^^^^^^^^^^^^^^^
    |   File "C:\Users\James\Documents\Github\GHrepos\SCCMScripts\TaskMan-v2\backend-api\.venv\Lib\site-packages\httpx\_client.py", line 1776, in _send_single_request
    |     response = await transport.handle_async_request(request)
    |                ^^^^^^^^^^^^^^^^^^^^^^^^^^^^^^^^^^^^^^^^^^^^^
    |   File "C:\Users\James\Documents\Github\GHrepos\SCCMScripts\TaskMan-v2\backend-api\.venv\Lib\site-packages\httpx\_transports\asgi.py", line 157, in handle_async_request
    |     await self.app(scope, receive, send)
    |   File "C:\Users\James\Documents\Github\GHrepos\SCCMScripts\TaskMan-v2\backend-api\.venv\Lib\site-packages\fastapi\applications.py", line 1054, in __call__
    |     await super().__call__(scope, receive, send)
    |   File "C:\Users\James\Documents\Github\GHrepos\SCCMScripts\TaskMan-v2\backend-api\.venv\Lib\site-packages\starlette\applications.py", line 112, in __call__
    |     await self.middleware_stack(scope, receive, send)
    |   File "C:\Users\James\Documents\Github\GHrepos\SCCMScripts\TaskMan-v2\backend-api\.venv\Lib\site-packages\starlette\middleware\errors.py", line 187, in __call__
    |     raise exc
    |   File "C:\Users\James\Documents\Github\GHrepos\SCCMScripts\TaskMan-v2\backend-api\.venv\Lib\site-packages\starlette\middleware\errors.py", line 165, in __call__
    |     await self.app(scope, receive, _send)
    |   File "C:\Users\James\Documents\Github\GHrepos\SCCMScripts\TaskMan-v2\backend-api\.venv\Lib\site-packages\starlette\middleware\base.py", line 176, in __call__
    |     with recv_stream, send_stream, collapse_excgroups():
    |   File "C:\Users\James\AppData\Local\Programs\Python\Python311\Lib\contextlib.py", line 158, in __exit__
    |     self.gen.throw(typ, value, traceback)
    |   File "C:\Users\James\Documents\Github\GHrepos\SCCMScripts\TaskMan-v2\backend-api\.venv\Lib\site-packages\starlette\_utils.py", line 82, in collapse_excgroups
    |     raise exc
    |   File "C:\Users\James\Documents\Github\GHrepos\SCCMScripts\TaskMan-v2\backend-api\.venv\Lib\site-packages\starlette\middleware\base.py", line 178, in __call__
    |     response = await self.dispatch_func(request, call_next)
    |                ^^^^^^^^^^^^^^^^^^^^^^^^^^^^^^^^^^^^^^^^^^^^
    |   File "C:\Users\James\Documents\Github\GHrepos\SCCMScripts\TaskMan-v2\backend-api\src\taskman_api\middleware\logging_middleware.py", line 223, in dispatch
    |     response = await call_next(request)
    |                ^^^^^^^^^^^^^^^^^^^^^^^^
    |   File "C:\Users\James\Documents\Github\GHrepos\SCCMScripts\TaskMan-v2\backend-api\.venv\Lib\site-packages\starlette\middleware\base.py", line 156, in call_next
    |     raise app_exc
    |   File "C:\Users\James\Documents\Github\GHrepos\SCCMScripts\TaskMan-v2\backend-api\.venv\Lib\site-packages\starlette\middleware\base.py", line 141, in coro
    |     await self.app(scope, receive_or_disconnect, send_no_error)
    |   File "C:\Users\James\Documents\Github\GHrepos\SCCMScripts\TaskMan-v2\backend-api\.venv\Lib\site-packages\starlette\middleware\cors.py", line 85, in __call__
    |     await self.app(scope, receive, send)
    |   File "C:\Users\James\Documents\Github\GHrepos\SCCMScripts\TaskMan-v2\backend-api\.venv\Lib\site-packages\starlette\middleware\exceptions.py", line 62, in __call__
    |     await wrap_app_handling_exceptions(self.app, conn)(scope, receive, send)
    |   File "C:\Users\James\Documents\Github\GHrepos\SCCMScripts\TaskMan-v2\backend-api\.venv\Lib\site-packages\starlette\_exception_handler.py", line 53, in wrapped_app
    |     raise exc
    |   File "C:\Users\James\Documents\Github\GHrepos\SCCMScripts\TaskMan-v2\backend-api\.venv\Lib\site-packages\starlette\_exception_handler.py", line 42, in wrapped_app
    |     await app(scope, receive, sender)
    |   File "C:\Users\James\Documents\Github\GHrepos\SCCMScripts\TaskMan-v2\backend-api\.venv\Lib\site-packages\starlette\routing.py", line 714, in __call__
    |     await self.middleware_stack(scope, receive, send)
    |   File "C:\Users\James\Documents\Github\GHrepos\SCCMScripts\TaskMan-v2\backend-api\.venv\Lib\site-packages\starlette\routing.py", line 734, in app
    |     await route.handle(scope, receive, send)
    |   File "C:\Users\James\Documents\Github\GHrepos\SCCMScripts\TaskMan-v2\backend-api\.venv\Lib\site-packages\starlette\routing.py", line 288, in handle
    |     await self.app(scope, receive, send)
    |   File "C:\Users\James\Documents\Github\GHrepos\SCCMScripts\TaskMan-v2\backend-api\.venv\Lib\site-packages\starlette\routing.py", line 76, in app
    |     await wrap_app_handling_exceptions(app, request)(scope, receive, send)
    |   File "C:\Users\James\Documents\Github\GHrepos\SCCMScripts\TaskMan-v2\backend-api\.venv\Lib\site-packages\starlette\_exception_handler.py", line 53, in wrapped_app
    |     raise exc
    |   File "C:\Users\James\Documents\Github\GHrepos\SCCMScripts\TaskMan-v2\backend-api\.venv\Lib\site-packages\starlette\_exception_handler.py", line 42, in wrapped_app
    |     await app(scope, receive, sender)
    |   File "C:\Users\James\Documents\Github\GHrepos\SCCMScripts\TaskMan-v2\backend-api\.venv\Lib\site-packages\starlette\routing.py", line 73, in app
    |     response = await f(request)
    |                ^^^^^^^^^^^^^^^^
    |   File "C:\Users\James\Documents\Github\GHrepos\SCCMScripts\TaskMan-v2\backend-api\.venv\Lib\site-packages\fastapi\routing.py", line 301, in app
    |     raw_response = await run_endpoint_function(
    |                    ^^^^^^^^^^^^^^^^^^^^^^^^^^^^
    |   File "C:\Users\James\Documents\Github\GHrepos\SCCMScripts\TaskMan-v2\backend-api\.venv\Lib\site-packages\fastapi\routing.py", line 212, in run_endpoint_function
    |     return await dependant.call(**values)
    |            ^^^^^^^^^^^^^^^^^^^^^^^^^^^^^^
    |   File "C:\Users\James\Documents\Github\GHrepos\SCCMScripts\TaskMan-v2\backend-api\src\taskman_api\routers\action_lists.py", line 80, in create_action_list
    |     result = await service.create_action_list(
    |                    ^^^^^^^^^^^^^^^^^^^^^^^^^^
    | AttributeError: 'ActionListService' object has no attribute 'create_action_list'
    +------------------------------------

During handling of the above exception, another exception occurred:

Traceback (most recent call last):
  File "C:\Users\James\Documents\Github\GHrepos\SCCMScripts\TaskMan-v2\backend-api\tests\integration\api\test_action_lists_api.py", line 86, in test_validation_errors
    create_res = await client.post("/api/v1/action-lists", json=create_payload)
                 ^^^^^^^^^^^^^^^^^^^^^^^^^^^^^^^^^^^^^^^^^^^^^^^^^^^^^^^^^^^^^^
  File "C:\Users\James\Documents\Github\GHrepos\SCCMScripts\TaskMan-v2\backend-api\.venv\Lib\site-packages\httpx\_client.py", line 1905, in post
    return await self.request(
           ^^^^^^^^^^^^^^^^^^^
  File "C:\Users\James\Documents\Github\GHrepos\SCCMScripts\TaskMan-v2\backend-api\.venv\Lib\site-packages\httpx\_client.py", line 1585, in request
    return await self.send(request, auth=auth, follow_redirects=follow_redirects)
           ^^^^^^^^^^^^^^^^^^^^^^^^^^^^^^^^^^^^^^^^^^^^^^^^^^^^^^^^^^^^^^^^^^^^^^
  File "C:\Users\James\Documents\Github\GHrepos\SCCMScripts\TaskMan-v2\backend-api\.venv\Lib\site-packages\httpx\_client.py", line 1674, in send
    response = await self._send_handling_auth(
               ^^^^^^^^^^^^^^^^^^^^^^^^^^^^^^^
  File "C:\Users\James\Documents\Github\GHrepos\SCCMScripts\TaskMan-v2\backend-api\.venv\Lib\site-packages\httpx\_client.py", line 1702, in _send_handling_auth
    response = await self._send_handling_redirects(
               ^^^^^^^^^^^^^^^^^^^^^^^^^^^^^^^^^^^^
  File "C:\Users\James\Documents\Github\GHrepos\SCCMScripts\TaskMan-v2\backend-api\.venv\Lib\site-packages\httpx\_client.py", line 1739, in _send_handling_redirects
    response = await self._send_single_request(request)
               ^^^^^^^^^^^^^^^^^^^^^^^^^^^^^^^^^^^^^^^^
  File "C:\Users\James\Documents\Github\GHrepos\SCCMScripts\TaskMan-v2\backend-api\.venv\Lib\site-packages\httpx\_client.py", line 1776, in _send_single_request
    response = await transport.handle_async_request(request)
               ^^^^^^^^^^^^^^^^^^^^^^^^^^^^^^^^^^^^^^^^^^^^^
  File "C:\Users\James\Documents\Github\GHrepos\SCCMScripts\TaskMan-v2\backend-api\.venv\Lib\site-packages\httpx\_transports\asgi.py", line 157, in handle_async_request
    await self.app(scope, receive, send)
  File "C:\Users\James\Documents\Github\GHrepos\SCCMScripts\TaskMan-v2\backend-api\.venv\Lib\site-packages\fastapi\applications.py", line 1054, in __call__
    await super().__call__(scope, receive, send)
  File "C:\Users\James\Documents\Github\GHrepos\SCCMScripts\TaskMan-v2\backend-api\.venv\Lib\site-packages\starlette\applications.py", line 112, in __call__
    await self.middleware_stack(scope, receive, send)
  File "C:\Users\James\Documents\Github\GHrepos\SCCMScripts\TaskMan-v2\backend-api\.venv\Lib\site-packages\starlette\middleware\errors.py", line 187, in __call__
    raise exc
  File "C:\Users\James\Documents\Github\GHrepos\SCCMScripts\TaskMan-v2\backend-api\.venv\Lib\site-packages\starlette\middleware\errors.py", line 165, in __call__
    await self.app(scope, receive, _send)
  File "C:\Users\James\Documents\Github\GHrepos\SCCMScripts\TaskMan-v2\backend-api\.venv\Lib\site-packages\starlette\middleware\base.py", line 176, in __call__
    with recv_stream, send_stream, collapse_excgroups():
  File "C:\Users\James\AppData\Local\Programs\Python\Python311\Lib\contextlib.py", line 158, in __exit__
    self.gen.throw(typ, value, traceback)
  File "C:\Users\James\Documents\Github\GHrepos\SCCMScripts\TaskMan-v2\backend-api\.venv\Lib\site-packages\starlette\_utils.py", line 82, in collapse_excgroups
    raise exc
  File "C:\Users\James\Documents\Github\GHrepos\SCCMScripts\TaskMan-v2\backend-api\.venv\Lib\site-packages\starlette\middleware\base.py", line 178, in __call__
    response = await self.dispatch_func(request, call_next)
               ^^^^^^^^^^^^^^^^^^^^^^^^^^^^^^^^^^^^^^^^^^^^
  File "C:\Users\James\Documents\Github\GHrepos\SCCMScripts\TaskMan-v2\backend-api\src\taskman_api\middleware\logging_middleware.py", line 223, in dispatch
    response = await call_next(request)
               ^^^^^^^^^^^^^^^^^^^^^^^^
  File "C:\Users\James\Documents\Github\GHrepos\SCCMScripts\TaskMan-v2\backend-api\.venv\Lib\site-packages\starlette\middleware\base.py", line 156, in call_next
    raise app_exc
  File "C:\Users\James\Documents\Github\GHrepos\SCCMScripts\TaskMan-v2\backend-api\.venv\Lib\site-packages\starlette\middleware\base.py", line 141, in coro
    await self.app(scope, receive_or_disconnect, send_no_error)
  File "C:\Users\James\Documents\Github\GHrepos\SCCMScripts\TaskMan-v2\backend-api\.venv\Lib\site-packages\starlette\middleware\cors.py", line 85, in __call__
    await self.app(scope, receive, send)
  File "C:\Users\James\Documents\Github\GHrepos\SCCMScripts\TaskMan-v2\backend-api\.venv\Lib\site-packages\starlette\middleware\exceptions.py", line 62, in __call__
    await wrap_app_handling_exceptions(self.app, conn)(scope, receive, send)
  File "C:\Users\James\Documents\Github\GHrepos\SCCMScripts\TaskMan-v2\backend-api\.venv\Lib\site-packages\starlette\_exception_handler.py", line 53, in wrapped_app
    raise exc
  File "C:\Users\James\Documents\Github\GHrepos\SCCMScripts\TaskMan-v2\backend-api\.venv\Lib\site-packages\starlette\_exception_handler.py", line 42, in wrapped_app
    await app(scope, receive, sender)
  File "C:\Users\James\Documents\Github\GHrepos\SCCMScripts\TaskMan-v2\backend-api\.venv\Lib\site-packages\starlette\routing.py", line 714, in __call__
    await self.middleware_stack(scope, receive, send)
  File "C:\Users\James\Documents\Github\GHrepos\SCCMScripts\TaskMan-v2\backend-api\.venv\Lib\site-packages\starlette\routing.py", line 734, in app
    await route.handle(scope, receive, send)
  File "C:\Users\James\Documents\Github\GHrepos\SCCMScripts\TaskMan-v2\backend-api\.venv\Lib\site-packages\starlette\routing.py", line 288, in handle
    await self.app(scope, receive, send)
  File "C:\Users\James\Documents\Github\GHrepos\SCCMScripts\TaskMan-v2\backend-api\.venv\Lib\site-packages\starlette\routing.py", line 76, in app
    await wrap_app_handling_exceptions(app, request)(scope, receive, send)
  File "C:\Users\James\Documents\Github\GHrepos\SCCMScripts\TaskMan-v2\backend-api\.venv\Lib\site-packages\starlette\_exception_handler.py", line 53, in wrapped_app
    raise exc
  File "C:\Users\James\Documents\Github\GHrepos\SCCMScripts\TaskMan-v2\backend-api\.venv\Lib\site-packages\starlette\_exception_handler.py", line 42, in wrapped_app
    await app(scope, receive, sender)
  File "C:\Users\James\Documents\Github\GHrepos\SCCMScripts\TaskMan-v2\backend-api\.venv\Lib\site-packages\starlette\routing.py", line 73, in app
    response = await f(request)
               ^^^^^^^^^^^^^^^^
  File "C:\Users\James\Documents\Github\GHrepos\SCCMScripts\TaskMan-v2\backend-api\.venv\Lib\site-packages\fastapi\routing.py", line 301, in app
    raw_response = await run_endpoint_function(
                   ^^^^^^^^^^^^^^^^^^^^^^^^^^^^
  File "C:\Users\James\Documents\Github\GHrepos\SCCMScripts\TaskMan-v2\backend-api\.venv\Lib\site-packages\fastapi\routing.py", line 212, in run_endpoint_function
    return await dependant.call(**values)
           ^^^^^^^^^^^^^^^^^^^^^^^^^^^^^^
  File "C:\Users\James\Documents\Github\GHrepos\SCCMScripts\TaskMan-v2\backend-api\src\taskman_api\routers\action_lists.py", line 80, in create_action_list
    result = await service.create_action_list(
                   ^^^^^^^^^^^^^^^^^^^^^^^^^^
AttributeError: 'ActionListService' object has no attribute 'create_action_list'

During handling of the above exception, another exception occurred:
tests\integration\api\test_action_lists_api.py:86: in test_validation_errors
    create_res = await client.post("/api/v1/action-lists", json=create_payload)
                 ^^^^^^^^^^^^^^^^^^^^^^^^^^^^^^^^^^^^^^^^^^^^^^^^^^^^^^^^^^^^^^
.venv\Lib\site-packages\httpx\_client.py:1905: in post
    return await self.request(
.venv\Lib\site-packages\httpx\_client.py:1585: in request
    return await self.send(request, auth=auth, follow_redirects=follow_redirects)
           ^^^^^^^^^^^^^^^^^^^^^^^^^^^^^^^^^^^^^^^^^^^^^^^^^^^^^^^^^^^^^^^^^^^^^^
.venv\Lib\site-packages\httpx\_client.py:1674: in send
    response = await self._send_handling_auth(
.venv\Lib\site-packages\httpx\_client.py:1702: in _send_handling_auth
    response = await self._send_handling_redirects(
.venv\Lib\site-packages\httpx\_client.py:1739: in _send_handling_redirects
    response = await self._send_single_request(request)
               ^^^^^^^^^^^^^^^^^^^^^^^^^^^^^^^^^^^^^^^^
.venv\Lib\site-packages\httpx\_client.py:1776: in _send_single_request
    response = await transport.handle_async_request(request)
               ^^^^^^^^^^^^^^^^^^^^^^^^^^^^^^^^^^^^^^^^^^^^^
.venv\Lib\site-packages\httpx\_transports\asgi.py:157: in handle_async_request
    await self.app(scope, receive, send)
.venv\Lib\site-packages\fastapi\applications.py:1054: in __call__
    await super().__call__(scope, receive, send)
.venv\Lib\site-packages\starlette\applications.py:112: in __call__
    await self.middleware_stack(scope, receive, send)
.venv\Lib\site-packages\starlette\middleware\errors.py:187: in __call__
    raise exc
.venv\Lib\site-packages\starlette\middleware\errors.py:165: in __call__
    await self.app(scope, receive, _send)
.venv\Lib\site-packages\starlette\middleware\base.py:176: in __call__
    with recv_stream, send_stream, collapse_excgroups():
C:\Users\James\AppData\Local\Programs\Python\Python311\Lib\contextlib.py:158: in __exit__
    self.gen.throw(typ, value, traceback)
.venv\Lib\site-packages\starlette\_utils.py:82: in collapse_excgroups
    raise exc
.venv\Lib\site-packages\starlette\middleware\base.py:178: in __call__
    response = await self.dispatch_func(request, call_next)
               ^^^^^^^^^^^^^^^^^^^^^^^^^^^^^^^^^^^^^^^^^^^^
src\taskman_api\middleware\logging_middleware.py:223: in dispatch
    response = await call_next(request)
               ^^^^^^^^^^^^^^^^^^^^^^^^
.venv\Lib\site-packages\starlette\middleware\base.py:156: in call_next
    raise app_exc
.venv\Lib\site-packages\starlette\middleware\base.py:141: in coro
    await self.app(scope, receive_or_disconnect, send_no_error)
.venv\Lib\site-packages\starlette\middleware\cors.py:85: in __call__
    await self.app(scope, receive, send)
.venv\Lib\site-packages\starlette\middleware\exceptions.py:62: in __call__
    await wrap_app_handling_exceptions(self.app, conn)(scope, receive, send)
.venv\Lib\site-packages\starlette\_exception_handler.py:53: in wrapped_app
    raise exc
.venv\Lib\site-packages\starlette\_exception_handler.py:42: in wrapped_app
    await app(scope, receive, sender)
.venv\Lib\site-packages\starlette\routing.py:714: in __call__
    await self.middleware_stack(scope, receive, send)
.venv\Lib\site-packages\starlette\routing.py:734: in app
    await route.handle(scope, receive, send)
.venv\Lib\site-packages\starlette\routing.py:288: in handle
    await self.app(scope, receive, send)
.venv\Lib\site-packages\starlette\routing.py:76: in app
    await wrap_app_handling_exceptions(app, request)(scope, receive, send)
.venv\Lib\site-packages\starlette\_exception_handler.py:53: in wrapped_app
    raise exc
.venv\Lib\site-packages\starlette\_exception_handler.py:42: in wrapped_app
    await app(scope, receive, sender)
.venv\Lib\site-packages\starlette\routing.py:73: in app
    response = await f(request)
               ^^^^^^^^^^^^^^^^
.venv\Lib\site-packages\fastapi\routing.py:301: in app
    raw_response = await run_endpoint_function(
.venv\Lib\site-packages\fastapi\routing.py:212: in run_endpoint_function
    return await dependant.call(**values)
           ^^^^^^^^^^^^^^^^^^^^^^^^^^^^^^
src\taskman_api\routers\action_lists.py:80: in create_action_list
    result = await service.create_action_list(
                   ^^^^^^^^^^^^^^^^^^^^^^^^^^
E   AttributeError: 'ActionListService' object has no attribute 'create_action_list'
------------------------------------------------ Captured stdout call -------------------------------------------------
{"method": "POST", "path": "/api/v1/action-lists", "query": null, "correlation_id": "9920d970-0aa9-45b9-8474-3af526a56460", "client_ip": "127.0.0.1", "event": "http_request", "timestamp": "2025-12-29T02:58:00.393682Z", "level": "info"}
{"method": "POST", "path": "/api/v1/action-lists", "correlation_id": "9920d970-0aa9-45b9-8474-3af526a56460", "duration_ms": 4.75, "error": "'ActionListService' object has no attribute 'create_action_list'", "error_type": "AttributeError", "event": "http_request_error", "timestamp": "2025-12-29T02:58:00.398730Z", "level": "error"}
{"error": "'ActionListService' object has no attribute 'create_action_list'", "path": "/api/v1/action-lists", "event": "unhandled_exception", "timestamp": "2025-12-29T02:58:00.399731Z", "level": "error"}
____________________ TestActionListServiceIntegration.test_create_action_list_persists_to_database ____________________
tests\integration\test_action_list_integration.py:55: in test_create_action_list_persists_to_database
    assert db_list is not None
E   assert None is not None
_____________________ TestActionListServiceIntegration.test_create_with_items_persists_correctly ______________________
tests\integration\test_action_list_integration.py:80: in test_create_with_items_persists_correctly
    assert result.is_success
           ^^^^^^^^^^^^^^^^^
E   AttributeError: 'Ok' object has no attribute 'is_success'
__________________________ TestActionListServiceIntegration.test_create_with_task_references __________________________
tests\integration\test_action_list_integration.py:102: in test_create_with_task_references
    assert result.is_success
           ^^^^^^^^^^^^^^^^^
E   AttributeError: 'Ok' object has no attribute 'is_success'
_______________________ TestActionListServiceIntegration.test_get_by_id_returns_correct_entity ________________________
tests\integration\test_action_list_integration.py:124: in test_get_by_id_returns_correct_entity
    assert result.is_success
           ^^^^^^^^^^^^^^^^^
E   AttributeError: 'Ok' object has no attribute 'is_success'
______________________________ TestActionListServiceIntegration.test_search_with_filters ______________________________
tests\integration\test_action_list_integration.py:145: in test_search_with_filters
    assert result.is_success
           ^^^^^^^^^^^^^^^^^
E   AttributeError: 'Ok' object has no attribute 'is_success'
________________________ TestActionListServiceIntegration.test_update_modifies_database_entity ________________________
tests\integration\test_action_list_integration.py:161: in test_update_modifies_database_entity
    assert create_result.is_success
           ^^^^^^^^^^^^^^^^^^^^^^^^
E   AttributeError: 'Ok' object has no attribute 'is_success'
_________________________ TestActionListServiceIntegration.test_update_preserves_other_fields _________________________
tests\integration\test_action_list_integration.py:189: in test_update_preserves_other_fields
    assert create_result.is_success
           ^^^^^^^^^^^^^^^^^^^^^^^^
E   AttributeError: 'Ok' object has no attribute 'is_success'
_________________________ TestActionListServiceIntegration.test_delete_removes_from_database __________________________
tests\integration\test_action_list_integration.py:217: in test_delete_removes_from_database
    assert create_result.is_success
           ^^^^^^^^^^^^^^^^^^^^^^^^
E   AttributeError: 'Ok' object has no attribute 'is_success'
_________________________ TestActionListServiceIntegration.test_transaction_rollback_on_error _________________________
tests\integration\test_action_list_integration.py:240: in test_transaction_rollback_on_error
    assert create_result.is_success
           ^^^^^^^^^^^^^^^^^^^^^^^^
E   AttributeError: 'Ok' object has no attribute 'is_success'
_______________________ TestActionListServiceIntegration.test_pagination_returns_correct_slice ________________________
tests\integration\test_action_list_integration.py:269: in test_pagination_returns_correct_slice
    assert result.is_success
           ^^^^^^^^^^^^^^^^^
E   AttributeError: 'Ok' object has no attribute 'is_success'

---------- coverage: platform win32, python 3.11.9-final-0 -----------
Name                                                     Stmts   Miss Branch BrPart   Cover   Missing
-----------------------------------------------------------------------------------------------------
src\taskman_api\auth.py                                     61     39      8      0  31.88%   41-44, 48, 52, 56, 85-99, 115-120, 156-179, 200-212, 232-246
src\taskman_api\config.py                                   62     16      6      0  67.65%   102-103, 114-115, 224-243, 249, 255, 261, 290
src\taskman_api\core\errors.py                              78     47     36      0  30.70%   48-57, 101-109, 134-146, 169-177, 199-205, 226-230, 253-259
src\taskman_api\core\result.py                              37      8      0      0  78.38%   40, 47, 50, 54, 66, 72, 76, 83
src\taskman_api\db\base.py                                   6      1      0      0  83.33%   32
src\taskman_api\db\connection_manager.py                    91     68     10      1  23.76%   66-68, 75-124, 135-165, 170-183
src\taskman_api\db\session.py                               27      8      4      0  61.29%   48-50, 63-64, 73-75, 85
src\taskman_api\dependencies.py                             45      8      0      0  82.22%   34-38, 48, 53, 58, 63
src\taskman_api\main.py                                    104     47     18      0  46.72%   55-78, 107-161, 234-249, 273, 296, 307
src\taskman_api\middleware\logging_middleware.py            85     15     32     11  72.65%   77, 98, 102, 123, 127, 133, 168, 193->197, 211->222, 249-255, 258->272, 261
src\taskman_api\models\action_list.py                       54      5      6      3  86.67%   35, 41, 47, 128, 133
src\taskman_api\models\project.py                           45      1      0      0  97.78%   91
src\taskman_api\models\sprint.py                            51      3      0      0  94.12%   44, 48, 101
src\taskman_api\repositories\action_list_repository.py      43     15     10      1  58.49%   27-32, 36-39, 61-64, 99-101, 105-107, 111-112
src\taskman_api\repositories\base.py                        33      5      0      0  84.85%   41-44, 66-71
src\taskman_api\repositories\project_repository.py          46     32     12      0  24.14%   24-27, 31-34, 38-41, 55-71, 82-94, 105-117
src\taskman_api\repositories\sprint_repository.py           51     36     14      0  23.08%   24-27, 31-34, 38-41, 45-48, 62-78, 91-105, 117-131
src\taskman_api\repositories\task_repository.py             81     49     42      3  33.33%   26-29, 33-34, 38-41, 48, 52-55, 81, 83, 85, 92-95, 98, 142-180, 201-233, 237-240
src\taskman_api\routers\action_lists.py                     84     59     20      0  24.04%   92-102, 167-188, 256-273, 344-361, 392-401, 442-453, 501-517, 562-578
src\taskman_api\routers\agent.py                            30     15      6      0  41.67%   32-72
src\taskman_api\routers\diagnostic.py                       20     14      0      0  30.00%   16-40
src\taskman_api\routers\projects.py                         73     49     32      0  22.86%   36-64, 74-86, 96-103, 115-126, 136-143
src\taskman_api\routers\sprints.py                         108     77     52      0  19.38%   42-70, 80-94, 104-111, 121-128, 140-151, 161-168, 176-185, 193-202
src\taskman_api\routers\tasks.py                            94     56     42      0  30.88%   47-48, 57-58, 72-83, 93-105, 115-122, 133-144, 154-161, 170-183
src\taskman_api\schemas\action_list.py                      82      1      2      1  97.62%   243
src\taskman_api\schemas\base.py                             53      3      6      1  89.83%   25-28
src\taskman_api\schemas\project.py                         163     28     26     10  76.72%   165, 185, 188-194, 213, 216-222, 231, 234-240, 247, 249, 252
src\taskman_api\schemas\sprint.py                          154     26     22      8  77.27%   148, 155, 167, 170-176, 185, 188-194, 203, 206-212
src\taskman_api\schemas\task.py                            193     30     28     10  78.28%   218, 226, 238, 241-247, 258, 261-267, 276, 279-285, 292, 295-297
src\taskman_api\services\action_list_service.py            112     75     32      0  25.69%   64-65, 71-92, 117-118, 124-143, 149-157, 161-183, 189-211
src\taskman_api\services\base.py                           110     36     24      3  67.91%   73-75, 102-104, 139-140, 158, 171-172, 196, 212->211, 223-224, 241-242, 251-253, 269-280, 294-298, 306-310
src\taskman_api\services\project_service.py                 97     74     36      0  17.29%   68-85, 115-175, 198-212, 232-246, 265-266, 290-300, 321-331
src\taskman_api\services\sprint_service.py                 141     93     48      1  28.04%   79-96, 114-120, 127, 129, 134-157, 184->186, 209-229, 262-325, 344-345, 369-380, 401-410, 431-440, 462-470
src\taskman_api\services\task_service.py                    91     43     28      1  49.58%   104->114, 159-178, 203-222, 248-249, 273-274, 303-322, 384-387, 409-417, 440-451
-----------------------------------------------------------------------------------------------------
TOTAL                                                     2834   1082    602     54  54.02%

12 files skipped due to complete coverage.
Coverage HTML written to dir htmlcov
Coverage JSON written to file coverage.json

FAIL Required test coverage of 70.0% not reached. Total coverage: 54.02%
=============================================== short test summary info ===============================================
FAILED tests/integration/api/test_action_lists_api.py::TestActionListIntegration::test_action_list_lifecycle - AttributeError: 'ActionListService' object has no attribute 'create_action_list'
FAILED tests/integration/api/test_action_lists_api.py::TestActionListIntegration::test_validation_errors - AttributeError: 'ActionListService' object has no attribute 'create_action_list'
FAILED tests/integration/test_action_list_integration.py::TestActionListServiceIntegration::test_create_action_list_persists_to_database - assert None is not None
FAILED tests/integration/test_action_list_integration.py::TestActionListServiceIntegration::test_create_with_items_persists_correctly - AttributeError: 'Ok' object has no attribute 'is_success'
FAILED tests/integration/test_action_list_integration.py::TestActionListServiceIntegration::test_create_with_task_references - AttributeError: 'Ok' object has no attribute 'is_success'
FAILED tests/integration/test_action_list_integration.py::TestActionListServiceIntegration::test_get_by_id_returns_correct_entity - AttributeError: 'Ok' object has no attribute 'is_success'
FAILED tests/integration/test_action_list_integration.py::TestActionListServiceIntegration::test_search_with_filters - AttributeError: 'Ok' object has no attribute 'is_success'
FAILED tests/integration/test_action_list_integration.py::TestActionListServiceIntegration::test_update_modifies_database_entity - AttributeError: 'Ok' object has no attribute 'is_success'
FAILED tests/integration/test_action_list_integration.py::TestActionListServiceIntegration::test_update_preserves_other_fields - AttributeError: 'Ok' object has no attribute 'is_success'
FAILED tests/integration/test_action_list_integration.py::TestActionListServiceIntegration::test_delete_removes_from_database - AttributeError: 'Ok' object has no attribute 'is_success'
FAILED tests/integration/test_action_list_integration.py::TestActionListServiceIntegration::test_transaction_rollback_on_error - AttributeError: 'Ok' object has no attribute 'is_success'
FAILED tests/integration/test_action_list_integration.py::TestActionListServiceIntegration::test_pagination_returns_correct_slice - AttributeError: 'Ok' object has no attribute 'is_success'
============================================ 12 failed, 19 passed in 9.91s ============================================
