<?xml version="1.0" encoding="utf-8"?><testsuites name="pytest tests"><testsuite name="pytest" errors="1" failures="0" skipped="0" tests="17" time="0.468" timestamp="2025-12-29T02:01:57.493856-07:00" hostname="DESKTOP-94QBM57"><testcase classname="tests.unit.core.test_result.TestOk" name="test_ok_is_ok_returns_true" time="0.179" /><testcase classname="tests.unit.core.test_result.TestOk" name="test_ok_is_err_returns_false" time="0.001" /><testcase classname="tests.unit.core.test_result.TestOk" name="test_ok_unwrap_returns_value" time="0.001" /><testcase classname="tests.unit.core.test_result.TestOk" name="test_ok_ok_returns_value" time="0.001" /><testcase classname="tests.unit.core.test_result.TestOk" name="test_ok_unwrap_err_raises" time="0.002" /><testcase classname="tests.unit.core.test_result.TestOk" name="test_ok_err_raises" time="0.001" /><testcase classname="tests.unit.core.test_result.TestOk" name="test_ok_match_args" time="0.001" /><testcase classname="tests.unit.core.test_result.TestErr" name="test_err_is_ok_returns_false" time="0.001" /><testcase classname="tests.unit.core.test_result.TestErr" name="test_err_is_err_returns_true" time="0.000" /><testcase classname="tests.unit.core.test_result.TestErr" name="test_err_unwrap_raises" time="0.001" /><testcase classname="tests.unit.core.test_result.TestErr" name="test_err_ok_raises" time="0.002" /><testcase classname="tests.unit.core.test_result.TestErr" name="test_err_unwrap_err_returns_error" time="0.001" /><testcase classname="tests.unit.core.test_result.TestErr" name="test_err_err_returns_error" time="0.001" /><testcase classname="tests.unit.core.test_result.TestErr" name="test_err_match_args" time="0.001" /><testcase classname="tests.unit.core.test_result.TestResultPatternMatching" name="test_pattern_match_ok" time="0.001" /><testcase classname="tests.unit.core.test_result.TestResultPatternMatching" name="test_pattern_match_err" time="0.001" /><testcase classname="pytest" name="internal" time="0.000"><error message="internal error">Traceback (most recent call last):
  File "C:\Users\James\Documents\Github\GHrepos\SCCMScripts\TaskMan-v2\backend-api\.venv\Lib\site-packages\pluggy\_callers.py", line 43, in run_old_style_hookwrapper
    teardown.send(result)
  File "c:\Users\James\Documents\Github\GHrepos\SCCMScripts\TaskMan-v2\backend-api\.venv\Lib\site-packages\pytest_cov\plugin.py", line 339, in pytest_runtestloop
    self.cov_controller.finish()
  File "C:\Users\James\Documents\Github\GHrepos\SCCMScripts\TaskMan-v2\backend-api\.venv\Lib\site-packages\pytest_cov\engine.py", line 46, in ensure_topdir_wrapper
    return meth(self, *args, **kwargs)
           ^^^^^^^^^^^^^^^^^^^^^^^^^^^
  File "C:\Users\James\Documents\Github\GHrepos\SCCMScripts\TaskMan-v2\backend-api\.venv\Lib\site-packages\pytest_cov\engine.py", line 256, in finish
    self.cov.save()
  File "C:\Users\James\Documents\Github\GHrepos\SCCMScripts\TaskMan-v2\backend-api\.venv\Lib\site-packages\coverage\control.py", line 854, in save
    data = self.get_data()
           ^^^^^^^^^^^^^^^
  File "C:\Users\James\Documents\Github\GHrepos\SCCMScripts\TaskMan-v2\backend-api\.venv\Lib\site-packages\coverage\control.py", line 935, in get_data
    self._post_save_work()
  File "C:\Users\James\Documents\Github\GHrepos\SCCMScripts\TaskMan-v2\backend-api\.venv\Lib\site-packages\coverage\control.py", line 953, in _post_save_work
    self._inorout.warn_unimported_source()
  File "C:\Users\James\Documents\Github\GHrepos\SCCMScripts\TaskMan-v2\backend-api\.venv\Lib\site-packages\coverage\inorout.py", line 511, in warn_unimported_source
    self._warn_about_unmeasured_code(pkg)
  File "C:\Users\James\Documents\Github\GHrepos\SCCMScripts\TaskMan-v2\backend-api\.venv\Lib\site-packages\coverage\inorout.py", line 537, in _warn_about_unmeasured_code
    self.warn(msg, slug="module-not-measured")
  File "C:\Users\James\Documents\Github\GHrepos\SCCMScripts\TaskMan-v2\backend-api\.venv\Lib\site-packages\coverage\control.py", line 496, in _warn
    warnings.warn(msg, category=CoverageWarning, stacklevel=2)
coverage.exceptions.CoverageWarning: Module taskman_api was previously imported, but not measured (module-not-measured); see https://coverage.readthedocs.io/en/7.13.0/messages.html#warning-module-not-measured

During handling of the above exception, another exception occurred:

Traceback (most recent call last):
  File "C:\Users\James\Documents\Github\GHrepos\SCCMScripts\TaskMan-v2\backend-api\.venv\Lib\site-packages\_pytest\main.py", line 289, in wrap_session
    session.exitstatus = doit(config, session) or 0
                         ^^^^^^^^^^^^^^^^^^^^^
  File "C:\Users\James\Documents\Github\GHrepos\SCCMScripts\TaskMan-v2\backend-api\.venv\Lib\site-packages\_pytest\main.py", line 343, in _main
    config.hook.pytest_runtestloop(session=session)
  File "C:\Users\James\Documents\Github\GHrepos\SCCMScripts\TaskMan-v2\backend-api\.venv\Lib\site-packages\pluggy\_hooks.py", line 512, in __call__
    return self._hookexec(self.name, self._hookimpls.copy(), kwargs, firstresult)
           ^^^^^^^^^^^^^^^^^^^^^^^^^^^^^^^^^^^^^^^^^^^^^^^^^^^^^^^^^^^^^^^^^^^^^^
  File "C:\Users\James\Documents\Github\GHrepos\SCCMScripts\TaskMan-v2\backend-api\.venv\Lib\site-packages\pluggy\_manager.py", line 120, in _hookexec
    return self._inner_hookexec(hook_name, methods, kwargs, firstresult)
           ^^^^^^^^^^^^^^^^^^^^^^^^^^^^^^^^^^^^^^^^^^^^^^^^^^^^^^^^^^^^^
  File "C:\Users\James\Documents\Github\GHrepos\SCCMScripts\TaskMan-v2\backend-api\.venv\Lib\site-packages\pluggy\_callers.py", line 167, in _multicall
    raise exception
  File "C:\Users\James\Documents\Github\GHrepos\SCCMScripts\TaskMan-v2\backend-api\.venv\Lib\site-packages\pluggy\_callers.py", line 139, in _multicall
    teardown.throw(exception)
  File "C:\Users\James\Documents\Github\GHrepos\SCCMScripts\TaskMan-v2\backend-api\.venv\Lib\site-packages\_pytest\logging.py", line 801, in pytest_runtestloop
    return (yield)  # Run all the tests.
            ^^^^^
  File "C:\Users\James\Documents\Github\GHrepos\SCCMScripts\TaskMan-v2\backend-api\.venv\Lib\site-packages\pluggy\_callers.py", line 139, in _multicall
    teardown.throw(exception)
  File "C:\Users\James\Documents\Github\GHrepos\SCCMScripts\TaskMan-v2\backend-api\.venv\Lib\site-packages\_pytest\terminal.py", line 688, in pytest_runtestloop
    result = yield
             ^^^^^
  File "C:\Users\James\Documents\Github\GHrepos\SCCMScripts\TaskMan-v2\backend-api\.venv\Lib\site-packages\pluggy\_callers.py", line 152, in _multicall
    teardown.send(result)
  File "C:\Users\James\Documents\Github\GHrepos\SCCMScripts\TaskMan-v2\backend-api\.venv\Lib\site-packages\pluggy\_callers.py", line 47, in run_old_style_hookwrapper
    _warn_teardown_exception(hook_name, hook_impl, e)
  File "C:\Users\James\Documents\Github\GHrepos\SCCMScripts\TaskMan-v2\backend-api\.venv\Lib\site-packages\pluggy\_callers.py", line 73, in _warn_teardown_exception
    warnings.warn(PluggyTeardownRaisedWarning(msg), stacklevel=6)
pluggy.PluggyTeardownRaisedWarning: A plugin raised an exception during an old-style hookwrapper teardown.
Plugin: _cov, Hook: pytest_runtestloop
CoverageWarning: Module taskman_api was previously imported, but not measured (module-not-measured); see https://coverage.readthedocs.io/en/7.13.0/messages.html#warning-module-not-measured
For more information see https://pluggy.readthedocs.io/en/stable/api_reference.html#pluggy.PluggyTeardownRaisedWarning</error></testcase></testsuite></testsuites>