{"created": 1766940305.902252, "duration": 3.2042672634124756, "exitcode": 1, "root": "C:\\Users\\James\\Documents\\Github\\GHrepos\\SCCMScripts\\TaskMan-v2\\backend-api", "environment": {}, "summary": {"failed": 3, "passed": 1, "total": 4, "collected": 4}, "collectors": [{"nodeid": "", "outcome": "passed", "result": [{"nodeid": "tests/integration/api/test_tasks_api.py", "type": "Module"}]}, {"nodeid": "tests/integration/api/test_tasks_api.py::TestTaskIntegration", "outcome": "passed", "result": [{"nodeid": "tests/integration/api/test_tasks_api.py::TestTaskIntegration::test_create_task_full_lifecycle", "type": "Coroutine", "lineno": 40}, {"nodeid": "tests/integration/api/test_tasks_api.py::TestTaskIntegration::test_task_validation_errors", "type": "Coroutine", "lineno": 95}, {"nodeid": "tests/integration/api/test_tasks_api.py::TestTaskIntegration::test_list_tasks_pagination_and_filtering", "type": "Coroutine", "lineno": 131}, {"nodeid": "tests/integration/api/test_tasks_api.py::TestTaskIntegration::test_duplicate_task_id", "type": "Coroutine", "lineno": 173}]}, {"nodeid": "tests/integration/api/test_tasks_api.py", "outcome": "passed", "result": [{"nodeid": "tests/integration/api/test_tasks_api.py::TestTaskIntegration", "type": "Class"}]}], "tests": [{"nodeid": "tests/integration/api/test_tasks_api.py::TestTaskIntegration::test_duplicate_task_id", "lineno": 173, "outcome": "failed", "keywords": ["test_duplicate_task_id", "asyncio", "TestTaskIntegration", "test_tasks_api.py", "api", "integration", "tests", "backend-api", ""], "setup": {"duration": 0.15450419997796416, "outcome": "passed", "stdout": "{\"method\": \"POST\", \"path\": \"/api/v1/projects\", \"query\": null, \"correlation_id\": \"1566cdb5-bf23-4093-b02c-f3d5a870377f\", \"client_ip\": \"127.0.0.1\", \"event\": \"http_request\", \"timestamp\": \"2025-12-28T16:45:02.931543Z\", \"level\": \"info\"}\n{\"method\": \"POST\", \"path\": \"/api/v1/projects\", \"status_code\": 422, \"duration_ms\": 17.47, \"correlation_id\": \"1566cdb5-bf23-4093-b02c-f3d5a870377f\", \"event\": \"http_response\", \"timestamp\": \"2025-12-28T16:45:02.949598Z\", \"level\": \"warning\"}\n{\"method\": \"POST\", \"path\": \"/api/v1/sprints\", \"query\": null, \"correlation_id\": \"257b0ff9-340e-4de9-9638-2de505d9a266\", \"client_ip\": \"127.0.0.1\", \"event\": \"http_request\", \"timestamp\": \"2025-12-28T16:45:02.950599Z\", \"level\": \"info\"}\n{\"method\": \"POST\", \"path\": \"/api/v1/sprints\", \"status_code\": 422, \"duration_ms\": 9.69, \"correlation_id\": \"257b0ff9-340e-4de9-9638-2de505d9a266\", \"event\": \"http_response\", \"timestamp\": \"2025-12-28T16:45:02.960599Z\", \"level\": \"warning\"}\n"}, "call": {"duration": 0.031102299923077226, "outcome": "failed", "crash": {"path": "C:\\Users\\James\\Documents\\Github\\GHrepos\\SCCMScripts\\TaskMan-v2\\backend-api\\src\\taskman_api\\services\\task_service.py", "lineno": 65, "message": "AttributeError: 'NoneType' object has no attribute 'is_err'"}, "traceback": [{"path": "tests\\integration\\api\\test_tasks_api.py", "lineno": 190, "message": ""}, {"path": "C:\\Users\\James\\AppData\\Local\\Programs\\Python\\Python311\\Lib\\site-packages\\httpx\\_client.py", "lineno": 1905, "message": "in post"}, {"path": "C:\\Users\\James\\AppData\\Local\\Programs\\Python\\Python311\\Lib\\site-packages\\httpx\\_client.py", "lineno": 1585, "message": "in request"}, {"path": "C:\\Users\\James\\AppData\\Local\\Programs\\Python\\Python311\\Lib\\site-packages\\httpx\\_client.py", "lineno": 1674, "message": "in send"}, {"path": "C:\\Users\\James\\AppData\\Local\\Programs\\Python\\Python311\\Lib\\site-packages\\httpx\\_client.py", "lineno": 1702, "message": "in _send_handling_auth"}, {"path": "C:\\Users\\James\\AppData\\Local\\Programs\\Python\\Python311\\Lib\\site-packages\\httpx\\_client.py", "lineno": 1739, "message": "in _send_handling_redirects"}, {"path": "C:\\Users\\James\\AppData\\Local\\Programs\\Python\\Python311\\Lib\\site-packages\\httpx\\_client.py", "lineno": 1776, "message": "in _send_single_request"}, {"path": "C:\\Users\\James\\AppData\\Local\\Programs\\Python\\Python311\\Lib\\site-packages\\httpx\\_transports\\asgi.py", "lineno": 157, "message": "in handle_async_request"}, {"path": "C:\\Users\\James\\AppData\\Local\\Programs\\Python\\Python311\\Lib\\site-packages\\fastapi\\applications.py", "lineno": 1054, "message": "in __call__"}, {"path": "C:\\Users\\James\\AppData\\Local\\Programs\\Python\\Python311\\Lib\\site-packages\\starlette\\applications.py", "lineno": 112, "message": "in __call__"}, {"path": "C:\\Users\\James\\AppData\\Local\\Programs\\Python\\Python311\\Lib\\site-packages\\starlette\\middleware\\errors.py", "lineno": 187, "message": "in __call__"}, {"path": "C:\\Users\\James\\AppData\\Local\\Programs\\Python\\Python311\\Lib\\site-packages\\starlette\\middleware\\errors.py", "lineno": 165, "message": "in __call__"}, {"path": "C:\\Users\\James\\AppData\\Local\\Programs\\Python\\Python311\\Lib\\site-packages\\starlette\\middleware\\base.py", "lineno": 176, "message": "in __call__"}, {"path": "C:\\Users\\James\\AppData\\Local\\Programs\\Python\\Python311\\Lib\\contextlib.py", "lineno": 158, "message": "in __exit__"}, {"path": "C:\\Users\\James\\AppData\\Local\\Programs\\Python\\Python311\\Lib\\site-packages\\starlette\\_utils.py", "lineno": 82, "message": "in collapse_excgroups"}, {"path": "C:\\Users\\James\\AppData\\Local\\Programs\\Python\\Python311\\Lib\\site-packages\\starlette\\middleware\\base.py", "lineno": 178, "message": "in __call__"}, {"path": "src\\taskman_api\\middleware\\logging_middleware.py", "lineno": 223, "message": "in dispatch"}, {"path": "C:\\Users\\James\\AppData\\Local\\Programs\\Python\\Python311\\Lib\\site-packages\\starlette\\middleware\\base.py", "lineno": 156, "message": "in call_next"}, {"path": "C:\\Users\\James\\AppData\\Local\\Programs\\Python\\Python311\\Lib\\site-packages\\starlette\\middleware\\base.py", "lineno": 141, "message": "in coro"}, {"path": "C:\\Users\\James\\AppData\\Local\\Programs\\Python\\Python311\\Lib\\site-packages\\starlette\\middleware\\cors.py", "lineno": 85, "message": "in __call__"}, {"path": "C:\\Users\\James\\AppData\\Local\\Programs\\Python\\Python311\\Lib\\site-packages\\starlette\\middleware\\exceptions.py", "lineno": 62, "message": "in __call__"}, {"path": "C:\\Users\\James\\AppData\\Local\\Programs\\Python\\Python311\\Lib\\site-packages\\starlette\\_exception_handler.py", "lineno": 53, "message": "in wrapped_app"}, {"path": "C:\\Users\\James\\AppData\\Local\\Programs\\Python\\Python311\\Lib\\site-packages\\starlette\\_exception_handler.py", "lineno": 42, "message": "in wrapped_app"}, {"path": "C:\\Users\\James\\AppData\\Local\\Programs\\Python\\Python311\\Lib\\site-packages\\starlette\\routing.py", "lineno": 714, "message": "in __call__"}, {"path": "C:\\Users\\James\\AppData\\Local\\Programs\\Python\\Python311\\Lib\\site-packages\\starlette\\routing.py", "lineno": 734, "message": "in app"}, {"path": "C:\\Users\\James\\AppData\\Local\\Programs\\Python\\Python311\\Lib\\site-packages\\starlette\\routing.py", "lineno": 288, "message": "in handle"}, {"path": "C:\\Users\\James\\AppData\\Local\\Programs\\Python\\Python311\\Lib\\site-packages\\starlette\\routing.py", "lineno": 76, "message": "in app"}, {"path": "C:\\Users\\James\\AppData\\Local\\Programs\\Python\\Python311\\Lib\\site-packages\\starlette\\_exception_handler.py", "lineno": 53, "message": "in wrapped_app"}, {"path": "C:\\Users\\James\\AppData\\Local\\Programs\\Python\\Python311\\Lib\\site-packages\\starlette\\_exception_handler.py", "lineno": 42, "message": "in wrapped_app"}, {"path": "C:\\Users\\James\\AppData\\Local\\Programs\\Python\\Python311\\Lib\\site-packages\\starlette\\routing.py", "lineno": 73, "message": "in app"}, {"path": "C:\\Users\\James\\AppData\\Local\\Programs\\Python\\Python311\\Lib\\site-packages\\fastapi\\routing.py", "lineno": 301, "message": "in app"}, {"path": "C:\\Users\\James\\AppData\\Local\\Programs\\Python\\Python311\\Lib\\site-packages\\fastapi\\routing.py", "lineno": 212, "message": "in run_endpoint_function"}, {"path": "src\\taskman_api\\routers\\tasks.py", "lineno": 106, "message": "in create_task"}, {"path": "src\\taskman_api\\services\\task_service.py", "lineno": 65, "message": "AttributeError"}], "stdout": "{\"method\": \"POST\", \"path\": \"/api/v1/tasks\", \"query\": null, \"correlation_id\": \"fe84b7c6-5532-4d18-9968-35c8f52155b5\", \"client_ip\": \"127.0.0.1\", \"event\": \"http_request\", \"timestamp\": \"2025-12-28T16:45:02.962601Z\", \"level\": \"info\"}\n{\"method\": \"POST\", \"path\": \"/api/v1/tasks\", \"correlation_id\": \"fe84b7c6-5532-4d18-9968-35c8f52155b5\", \"duration_ms\": 29.53, \"error\": \"'NoneType' object has no attribute 'is_err'\", \"error_type\": \"AttributeError\", \"event\": \"http_request_error\", \"timestamp\": \"2025-12-28T16:45:02.992118Z\", \"level\": \"error\"}\n{\"error\": \"'NoneType' object has no attribute 'is_err'\", \"path\": \"/api/v1/tasks\", \"event\": \"unhandled_exception\", \"timestamp\": \"2025-12-28T16:45:02.993118Z\", \"level\": \"error\"}\n", "longrepr": "+ Exception Group Traceback (most recent call last):\n  |   File \"C:\\Users\\James\\AppData\\Local\\Programs\\Python\\Python311\\Lib\\site-packages\\starlette\\_utils.py\", line 76, in collapse_excgroups\n  |     yield\n  |   File \"C:\\Users\\James\\AppData\\Local\\Programs\\Python\\Python311\\Lib\\site-packages\\starlette\\middleware\\base.py\", line 177, in __call__\n  |     async with anyio.create_task_group() as task_group:\n  |   File \"C:\\Users\\James\\AppData\\Local\\Programs\\Python\\Python311\\Lib\\site-packages\\anyio\\_backends\\_asyncio.py\", line 772, in __aexit__\n  |     raise BaseExceptionGroup(\n  | ExceptionGroup: unhandled errors in a TaskGroup (1 sub-exception)\n  +-+---------------- 1 ----------------\n    | Traceback (most recent call last):\n    |   File \"C:\\Users\\James\\AppData\\Local\\Programs\\Python\\Python311\\Lib\\site-packages\\_pytest\\runner.py\", line 341, in from_call\n    |     result: TResult | None = func()\n    |                              ^^^^^^\n    |   File \"C:\\Users\\James\\AppData\\Local\\Programs\\Python\\Python311\\Lib\\site-packages\\_pytest\\runner.py\", line 242, in <lambda>\n    |     lambda: runtest_hook(item=item, **kwds), when=when, reraise=reraise\n    |             ^^^^^^^^^^^^^^^^^^^^^^^^^^^^^^^\n    |   File \"C:\\Users\\James\\AppData\\Roaming\\Python\\Python311\\site-packages\\pluggy\\_hooks.py\", line 512, in __call__\n    |     return self._hookexec(self.name, self._hookimpls.copy(), kwargs, firstresult)\n    |            ^^^^^^^^^^^^^^^^^^^^^^^^^^^^^^^^^^^^^^^^^^^^^^^^^^^^^^^^^^^^^^^^^^^^^^\n    |   File \"C:\\Users\\James\\AppData\\Roaming\\Python\\Python311\\site-packages\\pluggy\\_manager.py\", line 120, in _hookexec\n    |     return self._inner_hookexec(hook_name, methods, kwargs, firstresult)\n    |            ^^^^^^^^^^^^^^^^^^^^^^^^^^^^^^^^^^^^^^^^^^^^^^^^^^^^^^^^^^^^^\n    |   File \"C:\\Users\\James\\AppData\\Roaming\\Python\\Python311\\site-packages\\pluggy\\_callers.py\", line 167, in _multicall\n    |     raise exception\n    |   File \"C:\\Users\\James\\AppData\\Roaming\\Python\\Python311\\site-packages\\pluggy\\_callers.py\", line 139, in _multicall\n    |     teardown.throw(exception)\n    |   File \"C:\\Users\\James\\AppData\\Local\\Programs\\Python\\Python311\\Lib\\site-packages\\_pytest\\threadexception.py\", line 92, in pytest_runtest_call\n    |     yield from thread_exception_runtest_hook()\n    |   File \"C:\\Users\\James\\AppData\\Local\\Programs\\Python\\Python311\\Lib\\site-packages\\_pytest\\threadexception.py\", line 68, in thread_exception_runtest_hook\n    |     yield\n    |   File \"C:\\Users\\James\\AppData\\Roaming\\Python\\Python311\\site-packages\\pluggy\\_callers.py\", line 139, in _multicall\n    |     teardown.throw(exception)\n    |   File \"C:\\Users\\James\\AppData\\Local\\Programs\\Python\\Python311\\Lib\\site-packages\\_pytest\\unraisableexception.py\", line 95, in pytest_runtest_call\n    |     yield from unraisable_exception_runtest_hook()\n    |   File \"C:\\Users\\James\\AppData\\Local\\Programs\\Python\\Python311\\Lib\\site-packages\\_pytest\\unraisableexception.py\", line 70, in unraisable_exception_runtest_hook\n    |     yield\n    |   File \"C:\\Users\\James\\AppData\\Roaming\\Python\\Python311\\site-packages\\pluggy\\_callers.py\", line 139, in _multicall\n    |     teardown.throw(exception)\n    |   File \"C:\\Users\\James\\AppData\\Local\\Programs\\Python\\Python311\\Lib\\site-packages\\_pytest\\logging.py\", line 846, in pytest_runtest_call\n    |     yield from self._runtest_for(item, \"call\")\n    |   File \"C:\\Users\\James\\AppData\\Local\\Programs\\Python\\Python311\\Lib\\site-packages\\_pytest\\logging.py\", line 829, in _runtest_for\n    |     yield\n    |   File \"C:\\Users\\James\\AppData\\Roaming\\Python\\Python311\\site-packages\\pluggy\\_callers.py\", line 139, in _multicall\n    |     teardown.throw(exception)\n    |   File \"C:\\Users\\James\\AppData\\Roaming\\Python\\Python311\\site-packages\\pluggy\\_callers.py\", line 53, in run_old_style_hookwrapper\n    |     return result.get_result()\n    |            ^^^^^^^^^^^^^^^^^^^\n    |   File \"C:\\Users\\James\\AppData\\Roaming\\Python\\Python311\\site-packages\\pluggy\\_result.py\", line 103, in get_result\n    |     raise exc.with_traceback(tb)\n    |   File \"C:\\Users\\James\\AppData\\Roaming\\Python\\Python311\\site-packages\\pluggy\\_callers.py\", line 38, in run_old_style_hookwrapper\n    |     res = yield\n    |           ^^^^^\n    |   File \"C:\\Users\\James\\AppData\\Roaming\\Python\\Python311\\site-packages\\pluggy\\_callers.py\", line 139, in _multicall\n    |     teardown.throw(exception)\n    |   File \"C:\\Users\\James\\AppData\\Roaming\\Python\\Python311\\site-packages\\pluggy\\_callers.py\", line 53, in run_old_style_hookwrapper\n    |     return result.get_result()\n    |            ^^^^^^^^^^^^^^^^^^^\n    |   File \"C:\\Users\\James\\AppData\\Roaming\\Python\\Python311\\site-packages\\pluggy\\_result.py\", line 103, in get_result\n    |     raise exc.with_traceback(tb)\n    |   File \"C:\\Users\\James\\AppData\\Roaming\\Python\\Python311\\site-packages\\pluggy\\_callers.py\", line 38, in run_old_style_hookwrapper\n    |     res = yield\n    |           ^^^^^\n    |   File \"C:\\Users\\James\\AppData\\Roaming\\Python\\Python311\\site-packages\\pluggy\\_callers.py\", line 139, in _multicall\n    |     teardown.throw(exception)\n    |   File \"C:\\Users\\James\\AppData\\Local\\Programs\\Python\\Python311\\Lib\\site-packages\\_pytest\\capture.py\", line 880, in pytest_runtest_call\n    |     return (yield)\n    |             ^^^^^\n    |   File \"C:\\Users\\James\\AppData\\Roaming\\Python\\Python311\\site-packages\\pluggy\\_callers.py\", line 139, in _multicall\n    |     teardown.throw(exception)\n    |   File \"C:\\Users\\James\\AppData\\Roaming\\Python\\Python311\\site-packages\\pluggy\\_callers.py\", line 53, in run_old_style_hookwrapper\n    |     return result.get_result()\n    |            ^^^^^^^^^^^^^^^^^^^\n    |   File \"C:\\Users\\James\\AppData\\Roaming\\Python\\Python311\\site-packages\\pluggy\\_result.py\", line 103, in get_result\n    |     raise exc.with_traceback(tb)\n    |   File \"C:\\Users\\James\\AppData\\Roaming\\Python\\Python311\\site-packages\\pluggy\\_callers.py\", line 38, in run_old_style_hookwrapper\n    |     res = yield\n    |           ^^^^^\n    |   File \"C:\\Users\\James\\AppData\\Roaming\\Python\\Python311\\site-packages\\pluggy\\_callers.py\", line 139, in _multicall\n    |     teardown.throw(exception)\n    |   File \"C:\\Users\\James\\AppData\\Roaming\\Python\\Python311\\site-packages\\pluggy\\_callers.py\", line 53, in run_old_style_hookwrapper\n    |     return result.get_result()\n    |            ^^^^^^^^^^^^^^^^^^^\n    |   File \"C:\\Users\\James\\AppData\\Roaming\\Python\\Python311\\site-packages\\pluggy\\_result.py\", line 103, in get_result\n    |     raise exc.with_traceback(tb)\n    |   File \"C:\\Users\\James\\AppData\\Roaming\\Python\\Python311\\site-packages\\pluggy\\_callers.py\", line 38, in run_old_style_hookwrapper\n    |     res = yield\n    |           ^^^^^\n    |   File \"C:\\Users\\James\\AppData\\Roaming\\Python\\Python311\\site-packages\\pluggy\\_callers.py\", line 139, in _multicall\n    |     teardown.throw(exception)\n    |   File \"C:\\Users\\James\\AppData\\Local\\Programs\\Python\\Python311\\Lib\\site-packages\\_pytest\\skipping.py\", line 257, in pytest_runtest_call\n    |     return (yield)\n    |             ^^^^^\n    |   File \"C:\\Users\\James\\AppData\\Roaming\\Python\\Python311\\site-packages\\pluggy\\_callers.py\", line 121, in _multicall\n    |     res = hook_impl.function(*args)\n    |           ^^^^^^^^^^^^^^^^^^^^^^^^^\n    |   File \"C:\\Users\\James\\AppData\\Local\\Programs\\Python\\Python311\\Lib\\site-packages\\_pytest\\runner.py\", line 174, in pytest_runtest_call\n    |     item.runtest()\n    |   File \"C:\\Users\\James\\AppData\\Local\\Programs\\Python\\Python311\\Lib\\site-packages\\pytest_asyncio\\plugin.py\", line 549, in runtest\n    |     super().runtest()\n    |   File \"C:\\Users\\James\\AppData\\Local\\Programs\\Python\\Python311\\Lib\\site-packages\\_pytest\\python.py\", line 1627, in runtest\n    |     self.ihook.pytest_pyfunc_call(pyfuncitem=self)\n    |   File \"C:\\Users\\James\\AppData\\Roaming\\Python\\Python311\\site-packages\\pluggy\\_hooks.py\", line 512, in __call__\n    |     return self._hookexec(self.name, self._hookimpls.copy(), kwargs, firstresult)\n    |            ^^^^^^^^^^^^^^^^^^^^^^^^^^^^^^^^^^^^^^^^^^^^^^^^^^^^^^^^^^^^^^^^^^^^^^\n    |   File \"C:\\Users\\James\\AppData\\Roaming\\Python\\Python311\\site-packages\\pluggy\\_manager.py\", line 120, in _hookexec\n    |     return self._inner_hookexec(hook_name, methods, kwargs, firstresult)\n    |            ^^^^^^^^^^^^^^^^^^^^^^^^^^^^^^^^^^^^^^^^^^^^^^^^^^^^^^^^^^^^^\n    |   File \"C:\\Users\\James\\AppData\\Roaming\\Python\\Python311\\site-packages\\pluggy\\_callers.py\", line 167, in _multicall\n    |     raise exception\n    |   File \"C:\\Users\\James\\AppData\\Roaming\\Python\\Python311\\site-packages\\pluggy\\_callers.py\", line 139, in _multicall\n    |     teardown.throw(exception)\n    |   File \"C:\\Users\\James\\AppData\\Roaming\\Python\\Python311\\site-packages\\pluggy\\_callers.py\", line 53, in run_old_style_hookwrapper\n    |     return result.get_result()\n    |            ^^^^^^^^^^^^^^^^^^^\n    |   File \"C:\\Users\\James\\AppData\\Roaming\\Python\\Python311\\site-packages\\pluggy\\_result.py\", line 103, in get_result\n    |     raise exc.with_traceback(tb)\n    |   File \"C:\\Users\\James\\AppData\\Roaming\\Python\\Python311\\site-packages\\pluggy\\_callers.py\", line 38, in run_old_style_hookwrapper\n    |     res = yield\n    |           ^^^^^\n    |   File \"C:\\Users\\James\\AppData\\Roaming\\Python\\Python311\\site-packages\\pluggy\\_callers.py\", line 121, in _multicall\n    |     res = hook_impl.function(*args)\n    |           ^^^^^^^^^^^^^^^^^^^^^^^^^\n    |   File \"C:\\Users\\James\\AppData\\Local\\Programs\\Python\\Python311\\Lib\\site-packages\\_pytest\\python.py\", line 159, in pytest_pyfunc_call\n    |     result = testfunction(**testargs)\n    |              ^^^^^^^^^^^^^^^^^^^^^^^^\n    |   File \"C:\\Users\\James\\AppData\\Local\\Programs\\Python\\Python311\\Lib\\site-packages\\pytest_asyncio\\plugin.py\", line 1069, in inner\n    |     _loop.run_until_complete(task)\n    |   File \"C:\\Users\\James\\AppData\\Local\\Programs\\Python\\Python311\\Lib\\asyncio\\base_events.py\", line 654, in run_until_complete\n    |     return future.result()\n    |            ^^^^^^^^^^^^^^^\n    |   File \"C:\\Users\\James\\Documents\\Github\\GHrepos\\SCCMScripts\\TaskMan-v2\\backend-api\\tests\\integration\\api\\test_tasks_api.py\", line 190, in test_duplicate_task_id\n    |     await client.post(\"/api/v1/tasks\", json=payload)\n    |   File \"C:\\Users\\James\\AppData\\Local\\Programs\\Python\\Python311\\Lib\\site-packages\\httpx\\_client.py\", line 1905, in post\n    |     return await self.request(\n    |            ^^^^^^^^^^^^^^^^^^^\n    |   File \"C:\\Users\\James\\AppData\\Local\\Programs\\Python\\Python311\\Lib\\site-packages\\httpx\\_client.py\", line 1585, in request\n    |     return await self.send(request, auth=auth, follow_redirects=follow_redirects)\n    |            ^^^^^^^^^^^^^^^^^^^^^^^^^^^^^^^^^^^^^^^^^^^^^^^^^^^^^^^^^^^^^^^^^^^^^^\n    |   File \"C:\\Users\\James\\AppData\\Local\\Programs\\Python\\Python311\\Lib\\site-packages\\httpx\\_client.py\", line 1674, in send\n    |     response = await self._send_handling_auth(\n    |                ^^^^^^^^^^^^^^^^^^^^^^^^^^^^^^^\n    |   File \"C:\\Users\\James\\AppData\\Local\\Programs\\Python\\Python311\\Lib\\site-packages\\httpx\\_client.py\", line 1702, in _send_handling_auth\n    |     response = await self._send_handling_redirects(\n    |                ^^^^^^^^^^^^^^^^^^^^^^^^^^^^^^^^^^^^\n    |   File \"C:\\Users\\James\\AppData\\Local\\Programs\\Python\\Python311\\Lib\\site-packages\\httpx\\_client.py\", line 1739, in _send_handling_redirects\n    |     response = await self._send_single_request(request)\n    |                ^^^^^^^^^^^^^^^^^^^^^^^^^^^^^^^^^^^^^^^^\n    |   File \"C:\\Users\\James\\AppData\\Local\\Programs\\Python\\Python311\\Lib\\site-packages\\httpx\\_client.py\", line 1776, in _send_single_request\n    |     response = await transport.handle_async_request(request)\n    |                ^^^^^^^^^^^^^^^^^^^^^^^^^^^^^^^^^^^^^^^^^^^^^\n    |   File \"C:\\Users\\James\\AppData\\Local\\Programs\\Python\\Python311\\Lib\\site-packages\\httpx\\_transports\\asgi.py\", line 157, in handle_async_request\n    |     await self.app(scope, receive, send)\n    |   File \"C:\\Users\\James\\AppData\\Local\\Programs\\Python\\Python311\\Lib\\site-packages\\fastapi\\applications.py\", line 1054, in __call__\n    |     await super().__call__(scope, receive, send)\n    |   File \"C:\\Users\\James\\AppData\\Local\\Programs\\Python\\Python311\\Lib\\site-packages\\starlette\\applications.py\", line 112, in __call__\n    |     await self.middleware_stack(scope, receive, send)\n    |   File \"C:\\Users\\James\\AppData\\Local\\Programs\\Python\\Python311\\Lib\\site-packages\\starlette\\middleware\\errors.py\", line 187, in __call__\n    |     raise exc\n    |   File \"C:\\Users\\James\\AppData\\Local\\Programs\\Python\\Python311\\Lib\\site-packages\\starlette\\middleware\\errors.py\", line 165, in __call__\n    |     await self.app(scope, receive, _send)\n    |   File \"C:\\Users\\James\\AppData\\Local\\Programs\\Python\\Python311\\Lib\\site-packages\\starlette\\middleware\\base.py\", line 176, in __call__\n    |     with recv_stream, send_stream, collapse_excgroups():\n    |   File \"C:\\Users\\James\\AppData\\Local\\Programs\\Python\\Python311\\Lib\\contextlib.py\", line 158, in __exit__\n    |     self.gen.throw(typ, value, traceback)\n    |   File \"C:\\Users\\James\\AppData\\Local\\Programs\\Python\\Python311\\Lib\\site-packages\\starlette\\_utils.py\", line 82, in collapse_excgroups\n    |     raise exc\n    |   File \"C:\\Users\\James\\AppData\\Local\\Programs\\Python\\Python311\\Lib\\site-packages\\starlette\\middleware\\base.py\", line 178, in __call__\n    |     response = await self.dispatch_func(request, call_next)\n    |                ^^^^^^^^^^^^^^^^^^^^^^^^^^^^^^^^^^^^^^^^^^^^\n    |   File \"C:\\Users\\James\\Documents\\Github\\GHrepos\\SCCMScripts\\TaskMan-v2\\backend-api\\src\\taskman_api\\middleware\\logging_middleware.py\", line 223, in dispatch\n    |     response = await call_next(request)\n    |                ^^^^^^^^^^^^^^^^^^^^^^^^\n    |   File \"C:\\Users\\James\\AppData\\Local\\Programs\\Python\\Python311\\Lib\\site-packages\\starlette\\middleware\\base.py\", line 156, in call_next\n    |     raise app_exc\n    |   File \"C:\\Users\\James\\AppData\\Local\\Programs\\Python\\Python311\\Lib\\site-packages\\starlette\\middleware\\base.py\", line 141, in coro\n    |     await self.app(scope, receive_or_disconnect, send_no_error)\n    |   File \"C:\\Users\\James\\AppData\\Local\\Programs\\Python\\Python311\\Lib\\site-packages\\starlette\\middleware\\cors.py\", line 85, in __call__\n    |     await self.app(scope, receive, send)\n    |   File \"C:\\Users\\James\\AppData\\Local\\Programs\\Python\\Python311\\Lib\\site-packages\\starlette\\middleware\\exceptions.py\", line 62, in __call__\n    |     await wrap_app_handling_exceptions(self.app, conn)(scope, receive, send)\n    |   File \"C:\\Users\\James\\AppData\\Local\\Programs\\Python\\Python311\\Lib\\site-packages\\starlette\\_exception_handler.py\", line 53, in wrapped_app\n    |     raise exc\n    |   File \"C:\\Users\\James\\AppData\\Local\\Programs\\Python\\Python311\\Lib\\site-packages\\starlette\\_exception_handler.py\", line 42, in wrapped_app\n    |     await app(scope, receive, sender)\n    |   File \"C:\\Users\\James\\AppData\\Local\\Programs\\Python\\Python311\\Lib\\site-packages\\starlette\\routing.py\", line 714, in __call__\n    |     await self.middleware_stack(scope, receive, send)\n    |   File \"C:\\Users\\James\\AppData\\Local\\Programs\\Python\\Python311\\Lib\\site-packages\\starlette\\routing.py\", line 734, in app\n    |     await route.handle(scope, receive, send)\n    |   File \"C:\\Users\\James\\AppData\\Local\\Programs\\Python\\Python311\\Lib\\site-packages\\starlette\\routing.py\", line 288, in handle\n    |     await self.app(scope, receive, send)\n    |   File \"C:\\Users\\James\\AppData\\Local\\Programs\\Python\\Python311\\Lib\\site-packages\\starlette\\routing.py\", line 76, in app\n    |     await wrap_app_handling_exceptions(app, request)(scope, receive, send)\n    |   File \"C:\\Users\\James\\AppData\\Local\\Programs\\Python\\Python311\\Lib\\site-packages\\starlette\\_exception_handler.py\", line 53, in wrapped_app\n    |     raise exc\n    |   File \"C:\\Users\\James\\AppData\\Local\\Programs\\Python\\Python311\\Lib\\site-packages\\starlette\\_exception_handler.py\", line 42, in wrapped_app\n    |     await app(scope, receive, sender)\n    |   File \"C:\\Users\\James\\AppData\\Local\\Programs\\Python\\Python311\\Lib\\site-packages\\starlette\\routing.py\", line 73, in app\n    |     response = await f(request)\n    |                ^^^^^^^^^^^^^^^^\n    |   File \"C:\\Users\\James\\AppData\\Local\\Programs\\Python\\Python311\\Lib\\site-packages\\fastapi\\routing.py\", line 301, in app\n    |     raw_response = await run_endpoint_function(\n    |                    ^^^^^^^^^^^^^^^^^^^^^^^^^^^^\n    |   File \"C:\\Users\\James\\AppData\\Local\\Programs\\Python\\Python311\\Lib\\site-packages\\fastapi\\routing.py\", line 212, in run_endpoint_function\n    |     return await dependant.call(**values)\n    |            ^^^^^^^^^^^^^^^^^^^^^^^^^^^^^^\n    |   File \"C:\\Users\\James\\Documents\\Github\\GHrepos\\SCCMScripts\\TaskMan-v2\\backend-api\\src\\taskman_api\\routers\\tasks.py\", line 106, in create_task\n    |     result = await service.create(task)\n    |              ^^^^^^^^^^^^^^^^^^^^^^^^^^\n    |   File \"C:\\Users\\James\\Documents\\Github\\GHrepos\\SCCMScripts\\TaskMan-v2\\backend-api\\src\\taskman_api\\services\\task_service.py\", line 65, in create\n    |     if project_result.is_err():\n    |        ^^^^^^^^^^^^^^^^^^^^^\n    | AttributeError: 'NoneType' object has no attribute 'is_err'\n    +------------------------------------\n\nDuring handling of the above exception, another exception occurred:\n\nself = <test_tasks_api.TestTaskIntegration object at 0x000002211BB62BD0>\nclient = <httpx.AsyncClient object at 0x000002211BB1DA90>\n\n    async def test_duplicate_task_id(self, client: AsyncClient):\n        \"\"\"Test creating a task with an existing ID returns 409 Conflict.\"\"\"\n        task_id = f\"{TASK_PREFIX}-DUP-001\"\n        payload = {\n            \"id\": task_id,\n            \"title\": \"Original\",\n            \"summary\": \"Summary\",\n            \"description\": \"Desc\",\n            \"status\": \"new\",\n            \"priority\": \"p1\",\n            \"owner\": \"owner\",\n            \"primary_project\": self.project_id,\n            \"primary_sprint\": self.sprint_id\n        }\n    \n        # First creation\n>       await client.post(\"/api/v1/tasks\", json=payload)\n\ntests\\integration\\api\\test_tasks_api.py:190: \n_ _ _ _ _ _ _ _ _ _ _ _ _ _ _ _ _ _ _ _ _ _ _ _ _ _ _ _ _ _ _ _ _ _ _ _ _ _ _ _ _ _ _ _ _ _ _ _ _ _ _ _ _ _ _ _ _ _ _ _\nC:\\Users\\James\\AppData\\Local\\Programs\\Python\\Python311\\Lib\\site-packages\\httpx\\_client.py:1905: in post\n    return await self.request(\nC:\\Users\\James\\AppData\\Local\\Programs\\Python\\Python311\\Lib\\site-packages\\httpx\\_client.py:1585: in request\n    return await self.send(request, auth=auth, follow_redirects=follow_redirects)\nC:\\Users\\James\\AppData\\Local\\Programs\\Python\\Python311\\Lib\\site-packages\\httpx\\_client.py:1674: in send\n    response = await self._send_handling_auth(\nC:\\Users\\James\\AppData\\Local\\Programs\\Python\\Python311\\Lib\\site-packages\\httpx\\_client.py:1702: in _send_handling_auth\n    response = await self._send_handling_redirects(\nC:\\Users\\James\\AppData\\Local\\Programs\\Python\\Python311\\Lib\\site-packages\\httpx\\_client.py:1739: in _send_handling_redirects\n    response = await self._send_single_request(request)\nC:\\Users\\James\\AppData\\Local\\Programs\\Python\\Python311\\Lib\\site-packages\\httpx\\_client.py:1776: in _send_single_request\n    response = await transport.handle_async_request(request)\nC:\\Users\\James\\AppData\\Local\\Programs\\Python\\Python311\\Lib\\site-packages\\httpx\\_transports\\asgi.py:157: in handle_async_request\n    await self.app(scope, receive, send)\nC:\\Users\\James\\AppData\\Local\\Programs\\Python\\Python311\\Lib\\site-packages\\fastapi\\applications.py:1054: in __call__\n    await super().__call__(scope, receive, send)\nC:\\Users\\James\\AppData\\Local\\Programs\\Python\\Python311\\Lib\\site-packages\\starlette\\applications.py:112: in __call__\n    await self.middleware_stack(scope, receive, send)\nC:\\Users\\James\\AppData\\Local\\Programs\\Python\\Python311\\Lib\\site-packages\\starlette\\middleware\\errors.py:187: in __call__\n    raise exc\nC:\\Users\\James\\AppData\\Local\\Programs\\Python\\Python311\\Lib\\site-packages\\starlette\\middleware\\errors.py:165: in __call__\n    await self.app(scope, receive, _send)\nC:\\Users\\James\\AppData\\Local\\Programs\\Python\\Python311\\Lib\\site-packages\\starlette\\middleware\\base.py:176: in __call__\n    with recv_stream, send_stream, collapse_excgroups():\nC:\\Users\\James\\AppData\\Local\\Programs\\Python\\Python311\\Lib\\contextlib.py:158: in __exit__\n    self.gen.throw(typ, value, traceback)\nC:\\Users\\James\\AppData\\Local\\Programs\\Python\\Python311\\Lib\\site-packages\\starlette\\_utils.py:82: in collapse_excgroups\n    raise exc\nC:\\Users\\James\\AppData\\Local\\Programs\\Python\\Python311\\Lib\\site-packages\\starlette\\middleware\\base.py:178: in __call__\n    response = await self.dispatch_func(request, call_next)\nsrc\\taskman_api\\middleware\\logging_middleware.py:223: in dispatch\n    response = await call_next(request)\nC:\\Users\\James\\AppData\\Local\\Programs\\Python\\Python311\\Lib\\site-packages\\starlette\\middleware\\base.py:156: in call_next\n    raise app_exc\nC:\\Users\\James\\AppData\\Local\\Programs\\Python\\Python311\\Lib\\site-packages\\starlette\\middleware\\base.py:141: in coro\n    await self.app(scope, receive_or_disconnect, send_no_error)\nC:\\Users\\James\\AppData\\Local\\Programs\\Python\\Python311\\Lib\\site-packages\\starlette\\middleware\\cors.py:85: in __call__\n    await self.app(scope, receive, send)\nC:\\Users\\James\\AppData\\Local\\Programs\\Python\\Python311\\Lib\\site-packages\\starlette\\middleware\\exceptions.py:62: in __call__\n    await wrap_app_handling_exceptions(self.app, conn)(scope, receive, send)\nC:\\Users\\James\\AppData\\Local\\Programs\\Python\\Python311\\Lib\\site-packages\\starlette\\_exception_handler.py:53: in wrapped_app\n    raise exc\nC:\\Users\\James\\AppData\\Local\\Programs\\Python\\Python311\\Lib\\site-packages\\starlette\\_exception_handler.py:42: in wrapped_app\n    await app(scope, receive, sender)\nC:\\Users\\James\\AppData\\Local\\Programs\\Python\\Python311\\Lib\\site-packages\\starlette\\routing.py:714: in __call__\n    await self.middleware_stack(scope, receive, send)\nC:\\Users\\James\\AppData\\Local\\Programs\\Python\\Python311\\Lib\\site-packages\\starlette\\routing.py:734: in app\n    await route.handle(scope, receive, send)\nC:\\Users\\James\\AppData\\Local\\Programs\\Python\\Python311\\Lib\\site-packages\\starlette\\routing.py:288: in handle\n    await self.app(scope, receive, send)\nC:\\Users\\James\\AppData\\Local\\Programs\\Python\\Python311\\Lib\\site-packages\\starlette\\routing.py:76: in app\n    await wrap_app_handling_exceptions(app, request)(scope, receive, send)\nC:\\Users\\James\\AppData\\Local\\Programs\\Python\\Python311\\Lib\\site-packages\\starlette\\_exception_handler.py:53: in wrapped_app\n    raise exc\nC:\\Users\\James\\AppData\\Local\\Programs\\Python\\Python311\\Lib\\site-packages\\starlette\\_exception_handler.py:42: in wrapped_app\n    await app(scope, receive, sender)\nC:\\Users\\James\\AppData\\Local\\Programs\\Python\\Python311\\Lib\\site-packages\\starlette\\routing.py:73: in app\n    response = await f(request)\nC:\\Users\\James\\AppData\\Local\\Programs\\Python\\Python311\\Lib\\site-packages\\fastapi\\routing.py:301: in app\n    raw_response = await run_endpoint_function(\nC:\\Users\\James\\AppData\\Local\\Programs\\Python\\Python311\\Lib\\site-packages\\fastapi\\routing.py:212: in run_endpoint_function\n    return await dependant.call(**values)\nsrc\\taskman_api\\routers\\tasks.py:106: in create_task\n    result = await service.create(task)\n_ _ _ _ _ _ _ _ _ _ _ _ _ _ _ _ _ _ _ _ _ _ _ _ _ _ _ _ _ _ _ _ _ _ _ _ _ _ _ _ _ _ _ _ _ _ _ _ _ _ _ _ _ _ _ _ _ _ _ _\n\nself = <taskman_api.services.task_service.TaskService object at 0x000002211BD4FFD0>\ncreate_data = TaskCreate(id='T-INT-DUP-001', title='Original', summary='Summary', description='Desc', status=<TaskStatus.NEW: 'new'>...lue_score=None, cost_of_delay_score=None, automation_candidate=False, cycle_time_days=None, risks=[], observability={})\n\n    async def create(\n        self, create_data: TaskCreateRequest\n    ) -> Result[TaskResponse, ValidationError | AppError]:\n        \"\"\"Create new task with validation.\n    \n        Args:\n            create_data: Task creation data\n    \n        Returns:\n            Result containing created task or error\n        \"\"\"\n        # Validate project exists\n        project_result = await self.project_repo.get_by_id(create_data.primary_project)\n>       if project_result.is_err():\nE       AttributeError: 'NoneType' object has no attribute 'is_err'\n\nsrc\\taskman_api\\services\\task_service.py:65: AttributeError"}, "teardown": {"duration": 0.004085400025360286, "outcome": "passed"}}, {"nodeid": "tests/integration/api/test_tasks_api.py::TestTaskIntegration::test_create_task_full_lifecycle", "lineno": 40, "outcome": "failed", "keywords": ["test_create_task_full_lifecycle", "asyncio", "TestTaskIntegration", "test_tasks_api.py", "api", "integration", "tests", "backend-api", ""], "setup": {"duration": 0.02776369999628514, "outcome": "passed", "stdout": "{\"method\": \"POST\", \"path\": \"/api/v1/projects\", \"query\": null, \"correlation_id\": \"1667a65c-0188-48fb-bebb-52e1e408bfe3\", \"client_ip\": \"127.0.0.1\", \"event\": \"http_request\", \"timestamp\": \"2025-12-28T16:45:03.511635Z\", \"level\": \"info\"}\n{\"method\": \"POST\", \"path\": \"/api/v1/projects\", \"status_code\": 422, \"duration_ms\": 2.27, \"correlation_id\": \"1667a65c-0188-48fb-bebb-52e1e408bfe3\", \"event\": \"http_response\", \"timestamp\": \"2025-12-28T16:45:03.513165Z\", \"level\": \"warning\"}\n{\"method\": \"POST\", \"path\": \"/api/v1/sprints\", \"query\": null, \"correlation_id\": \"2ef07d23-c532-423f-ad15-b1cd64a8a8d4\", \"client_ip\": \"127.0.0.1\", \"event\": \"http_request\", \"timestamp\": \"2025-12-28T16:45:03.514165Z\", \"level\": \"info\"}\n{\"method\": \"POST\", \"path\": \"/api/v1/sprints\", \"status_code\": 422, \"duration_ms\": 1.62, \"correlation_id\": \"2ef07d23-c532-423f-ad15-b1cd64a8a8d4\", \"event\": \"http_response\", \"timestamp\": \"2025-12-28T16:45:03.516012Z\", \"level\": \"warning\"}\n"}, "call": {"duration": 0.009126199991442263, "outcome": "failed", "crash": {"path": "C:\\Users\\James\\Documents\\Github\\GHrepos\\SCCMScripts\\TaskMan-v2\\backend-api\\src\\taskman_api\\services\\task_service.py", "lineno": 65, "message": "AttributeError: 'NoneType' object has no attribute 'is_err'"}, "traceback": [{"path": "tests\\integration\\api\\test_tasks_api.py", "lineno": 60, "message": ""}, {"path": "C:\\Users\\James\\AppData\\Local\\Programs\\Python\\Python311\\Lib\\site-packages\\httpx\\_client.py", "lineno": 1905, "message": "in post"}, {"path": "C:\\Users\\James\\AppData\\Local\\Programs\\Python\\Python311\\Lib\\site-packages\\httpx\\_client.py", "lineno": 1585, "message": "in request"}, {"path": "C:\\Users\\James\\AppData\\Local\\Programs\\Python\\Python311\\Lib\\site-packages\\httpx\\_client.py", "lineno": 1674, "message": "in send"}, {"path": "C:\\Users\\James\\AppData\\Local\\Programs\\Python\\Python311\\Lib\\site-packages\\httpx\\_client.py", "lineno": 1702, "message": "in _send_handling_auth"}, {"path": "C:\\Users\\James\\AppData\\Local\\Programs\\Python\\Python311\\Lib\\site-packages\\httpx\\_client.py", "lineno": 1739, "message": "in _send_handling_redirects"}, {"path": "C:\\Users\\James\\AppData\\Local\\Programs\\Python\\Python311\\Lib\\site-packages\\httpx\\_client.py", "lineno": 1776, "message": "in _send_single_request"}, {"path": "C:\\Users\\James\\AppData\\Local\\Programs\\Python\\Python311\\Lib\\site-packages\\httpx\\_transports\\asgi.py", "lineno": 157, "message": "in handle_async_request"}, {"path": "C:\\Users\\James\\AppData\\Local\\Programs\\Python\\Python311\\Lib\\site-packages\\fastapi\\applications.py", "lineno": 1054, "message": "in __call__"}, {"path": "C:\\Users\\James\\AppData\\Local\\Programs\\Python\\Python311\\Lib\\site-packages\\starlette\\applications.py", "lineno": 112, "message": "in __call__"}, {"path": "C:\\Users\\James\\AppData\\Local\\Programs\\Python\\Python311\\Lib\\site-packages\\starlette\\middleware\\errors.py", "lineno": 187, "message": "in __call__"}, {"path": "C:\\Users\\James\\AppData\\Local\\Programs\\Python\\Python311\\Lib\\site-packages\\starlette\\middleware\\errors.py", "lineno": 165, "message": "in __call__"}, {"path": "C:\\Users\\James\\AppData\\Local\\Programs\\Python\\Python311\\Lib\\site-packages\\starlette\\middleware\\base.py", "lineno": 176, "message": "in __call__"}, {"path": "C:\\Users\\James\\AppData\\Local\\Programs\\Python\\Python311\\Lib\\contextlib.py", "lineno": 158, "message": "in __exit__"}, {"path": "C:\\Users\\James\\AppData\\Local\\Programs\\Python\\Python311\\Lib\\site-packages\\starlette\\_utils.py", "lineno": 82, "message": "in collapse_excgroups"}, {"path": "C:\\Users\\James\\AppData\\Local\\Programs\\Python\\Python311\\Lib\\site-packages\\starlette\\middleware\\base.py", "lineno": 178, "message": "in __call__"}, {"path": "src\\taskman_api\\middleware\\logging_middleware.py", "lineno": 223, "message": "in dispatch"}, {"path": "C:\\Users\\James\\AppData\\Local\\Programs\\Python\\Python311\\Lib\\site-packages\\starlette\\middleware\\base.py", "lineno": 156, "message": "in call_next"}, {"path": "C:\\Users\\James\\AppData\\Local\\Programs\\Python\\Python311\\Lib\\site-packages\\starlette\\middleware\\base.py", "lineno": 141, "message": "in coro"}, {"path": "C:\\Users\\James\\AppData\\Local\\Programs\\Python\\Python311\\Lib\\site-packages\\starlette\\middleware\\cors.py", "lineno": 85, "message": "in __call__"}, {"path": "C:\\Users\\James\\AppData\\Local\\Programs\\Python\\Python311\\Lib\\site-packages\\starlette\\middleware\\exceptions.py", "lineno": 62, "message": "in __call__"}, {"path": "C:\\Users\\James\\AppData\\Local\\Programs\\Python\\Python311\\Lib\\site-packages\\starlette\\_exception_handler.py", "lineno": 53, "message": "in wrapped_app"}, {"path": "C:\\Users\\James\\AppData\\Local\\Programs\\Python\\Python311\\Lib\\site-packages\\starlette\\_exception_handler.py", "lineno": 42, "message": "in wrapped_app"}, {"path": "C:\\Users\\James\\AppData\\Local\\Programs\\Python\\Python311\\Lib\\site-packages\\starlette\\routing.py", "lineno": 714, "message": "in __call__"}, {"path": "C:\\Users\\James\\AppData\\Local\\Programs\\Python\\Python311\\Lib\\site-packages\\starlette\\routing.py", "lineno": 734, "message": "in app"}, {"path": "C:\\Users\\James\\AppData\\Local\\Programs\\Python\\Python311\\Lib\\site-packages\\starlette\\routing.py", "lineno": 288, "message": "in handle"}, {"path": "C:\\Users\\James\\AppData\\Local\\Programs\\Python\\Python311\\Lib\\site-packages\\starlette\\routing.py", "lineno": 76, "message": "in app"}, {"path": "C:\\Users\\James\\AppData\\Local\\Programs\\Python\\Python311\\Lib\\site-packages\\starlette\\_exception_handler.py", "lineno": 53, "message": "in wrapped_app"}, {"path": "C:\\Users\\James\\AppData\\Local\\Programs\\Python\\Python311\\Lib\\site-packages\\starlette\\_exception_handler.py", "lineno": 42, "message": "in wrapped_app"}, {"path": "C:\\Users\\James\\AppData\\Local\\Programs\\Python\\Python311\\Lib\\site-packages\\starlette\\routing.py", "lineno": 73, "message": "in app"}, {"path": "C:\\Users\\James\\AppData\\Local\\Programs\\Python\\Python311\\Lib\\site-packages\\fastapi\\routing.py", "lineno": 301, "message": "in app"}, {"path": "C:\\Users\\James\\AppData\\Local\\Programs\\Python\\Python311\\Lib\\site-packages\\fastapi\\routing.py", "lineno": 212, "message": "in run_endpoint_function"}, {"path": "src\\taskman_api\\routers\\tasks.py", "lineno": 106, "message": "in create_task"}, {"path": "src\\taskman_api\\services\\task_service.py", "lineno": 65, "message": "AttributeError"}], "stdout": "{\"method\": \"POST\", \"path\": \"/api/v1/tasks\", \"query\": null, \"correlation_id\": \"5d7b92d2-1407-4656-ba55-101b2212b72d\", \"client_ip\": \"127.0.0.1\", \"event\": \"http_request\", \"timestamp\": \"2025-12-28T16:45:03.517525Z\", \"level\": \"info\"}\n{\"method\": \"POST\", \"path\": \"/api/v1/tasks\", \"correlation_id\": \"5d7b92d2-1407-4656-ba55-101b2212b72d\", \"duration_ms\": 7.45, \"error\": \"'NoneType' object has no attribute 'is_err'\", \"error_type\": \"AttributeError\", \"event\": \"http_request_error\", \"timestamp\": \"2025-12-28T16:45:03.525495Z\", \"level\": \"error\"}\n{\"error\": \"'NoneType' object has no attribute 'is_err'\", \"path\": \"/api/v1/tasks\", \"event\": \"unhandled_exception\", \"timestamp\": \"2025-12-28T16:45:03.525495Z\", \"level\": \"error\"}\n", "longrepr": "+ Exception Group Traceback (most recent call last):\n  |   File \"C:\\Users\\James\\AppData\\Local\\Programs\\Python\\Python311\\Lib\\site-packages\\starlette\\_utils.py\", line 76, in collapse_excgroups\n  |     yield\n  |   File \"C:\\Users\\James\\AppData\\Local\\Programs\\Python\\Python311\\Lib\\site-packages\\starlette\\middleware\\base.py\", line 177, in __call__\n  |     async with anyio.create_task_group() as task_group:\n  |   File \"C:\\Users\\James\\AppData\\Local\\Programs\\Python\\Python311\\Lib\\site-packages\\anyio\\_backends\\_asyncio.py\", line 772, in __aexit__\n  |     raise BaseExceptionGroup(\n  | ExceptionGroup: unhandled errors in a TaskGroup (1 sub-exception)\n  +-+---------------- 1 ----------------\n    | Traceback (most recent call last):\n    |   File \"C:\\Users\\James\\AppData\\Local\\Programs\\Python\\Python311\\Lib\\site-packages\\_pytest\\runner.py\", line 341, in from_call\n    |     result: TResult | None = func()\n    |                              ^^^^^^\n    |   File \"C:\\Users\\James\\AppData\\Local\\Programs\\Python\\Python311\\Lib\\site-packages\\_pytest\\runner.py\", line 242, in <lambda>\n    |     lambda: runtest_hook(item=item, **kwds), when=when, reraise=reraise\n    |             ^^^^^^^^^^^^^^^^^^^^^^^^^^^^^^^\n    |   File \"C:\\Users\\James\\AppData\\Roaming\\Python\\Python311\\site-packages\\pluggy\\_hooks.py\", line 512, in __call__\n    |     return self._hookexec(self.name, self._hookimpls.copy(), kwargs, firstresult)\n    |            ^^^^^^^^^^^^^^^^^^^^^^^^^^^^^^^^^^^^^^^^^^^^^^^^^^^^^^^^^^^^^^^^^^^^^^\n    |   File \"C:\\Users\\James\\AppData\\Roaming\\Python\\Python311\\site-packages\\pluggy\\_manager.py\", line 120, in _hookexec\n    |     return self._inner_hookexec(hook_name, methods, kwargs, firstresult)\n    |            ^^^^^^^^^^^^^^^^^^^^^^^^^^^^^^^^^^^^^^^^^^^^^^^^^^^^^^^^^^^^^\n    |   File \"C:\\Users\\James\\AppData\\Roaming\\Python\\Python311\\site-packages\\pluggy\\_callers.py\", line 167, in _multicall\n    |     raise exception\n    |   File \"C:\\Users\\James\\AppData\\Roaming\\Python\\Python311\\site-packages\\pluggy\\_callers.py\", line 139, in _multicall\n    |     teardown.throw(exception)\n    |   File \"C:\\Users\\James\\AppData\\Local\\Programs\\Python\\Python311\\Lib\\site-packages\\_pytest\\threadexception.py\", line 92, in pytest_runtest_call\n    |     yield from thread_exception_runtest_hook()\n    |   File \"C:\\Users\\James\\AppData\\Local\\Programs\\Python\\Python311\\Lib\\site-packages\\_pytest\\threadexception.py\", line 68, in thread_exception_runtest_hook\n    |     yield\n    |   File \"C:\\Users\\James\\AppData\\Roaming\\Python\\Python311\\site-packages\\pluggy\\_callers.py\", line 139, in _multicall\n    |     teardown.throw(exception)\n    |   File \"C:\\Users\\James\\AppData\\Local\\Programs\\Python\\Python311\\Lib\\site-packages\\_pytest\\unraisableexception.py\", line 95, in pytest_runtest_call\n    |     yield from unraisable_exception_runtest_hook()\n    |   File \"C:\\Users\\James\\AppData\\Local\\Programs\\Python\\Python311\\Lib\\site-packages\\_pytest\\unraisableexception.py\", line 70, in unraisable_exception_runtest_hook\n    |     yield\n    |   File \"C:\\Users\\James\\AppData\\Roaming\\Python\\Python311\\site-packages\\pluggy\\_callers.py\", line 139, in _multicall\n    |     teardown.throw(exception)\n    |   File \"C:\\Users\\James\\AppData\\Local\\Programs\\Python\\Python311\\Lib\\site-packages\\_pytest\\logging.py\", line 846, in pytest_runtest_call\n    |     yield from self._runtest_for(item, \"call\")\n    |   File \"C:\\Users\\James\\AppData\\Local\\Programs\\Python\\Python311\\Lib\\site-packages\\_pytest\\logging.py\", line 829, in _runtest_for\n    |     yield\n    |   File \"C:\\Users\\James\\AppData\\Roaming\\Python\\Python311\\site-packages\\pluggy\\_callers.py\", line 139, in _multicall\n    |     teardown.throw(exception)\n    |   File \"C:\\Users\\James\\AppData\\Roaming\\Python\\Python311\\site-packages\\pluggy\\_callers.py\", line 53, in run_old_style_hookwrapper\n    |     return result.get_result()\n    |            ^^^^^^^^^^^^^^^^^^^\n    |   File \"C:\\Users\\James\\AppData\\Roaming\\Python\\Python311\\site-packages\\pluggy\\_result.py\", line 103, in get_result\n    |     raise exc.with_traceback(tb)\n    |   File \"C:\\Users\\James\\AppData\\Roaming\\Python\\Python311\\site-packages\\pluggy\\_callers.py\", line 38, in run_old_style_hookwrapper\n    |     res = yield\n    |           ^^^^^\n    |   File \"C:\\Users\\James\\AppData\\Roaming\\Python\\Python311\\site-packages\\pluggy\\_callers.py\", line 139, in _multicall\n    |     teardown.throw(exception)\n    |   File \"C:\\Users\\James\\AppData\\Roaming\\Python\\Python311\\site-packages\\pluggy\\_callers.py\", line 53, in run_old_style_hookwrapper\n    |     return result.get_result()\n    |            ^^^^^^^^^^^^^^^^^^^\n    |   File \"C:\\Users\\James\\AppData\\Roaming\\Python\\Python311\\site-packages\\pluggy\\_result.py\", line 103, in get_result\n    |     raise exc.with_traceback(tb)\n    |   File \"C:\\Users\\James\\AppData\\Roaming\\Python\\Python311\\site-packages\\pluggy\\_callers.py\", line 38, in run_old_style_hookwrapper\n    |     res = yield\n    |           ^^^^^\n    |   File \"C:\\Users\\James\\AppData\\Roaming\\Python\\Python311\\site-packages\\pluggy\\_callers.py\", line 139, in _multicall\n    |     teardown.throw(exception)\n    |   File \"C:\\Users\\James\\AppData\\Local\\Programs\\Python\\Python311\\Lib\\site-packages\\_pytest\\capture.py\", line 880, in pytest_runtest_call\n    |     return (yield)\n    |             ^^^^^\n    |   File \"C:\\Users\\James\\AppData\\Roaming\\Python\\Python311\\site-packages\\pluggy\\_callers.py\", line 139, in _multicall\n    |     teardown.throw(exception)\n    |   File \"C:\\Users\\James\\AppData\\Roaming\\Python\\Python311\\site-packages\\pluggy\\_callers.py\", line 53, in run_old_style_hookwrapper\n    |     return result.get_result()\n    |            ^^^^^^^^^^^^^^^^^^^\n    |   File \"C:\\Users\\James\\AppData\\Roaming\\Python\\Python311\\site-packages\\pluggy\\_result.py\", line 103, in get_result\n    |     raise exc.with_traceback(tb)\n    |   File \"C:\\Users\\James\\AppData\\Roaming\\Python\\Python311\\site-packages\\pluggy\\_callers.py\", line 38, in run_old_style_hookwrapper\n    |     res = yield\n    |           ^^^^^\n    |   File \"C:\\Users\\James\\AppData\\Roaming\\Python\\Python311\\site-packages\\pluggy\\_callers.py\", line 139, in _multicall\n    |     teardown.throw(exception)\n    |   File \"C:\\Users\\James\\AppData\\Roaming\\Python\\Python311\\site-packages\\pluggy\\_callers.py\", line 53, in run_old_style_hookwrapper\n    |     return result.get_result()\n    |            ^^^^^^^^^^^^^^^^^^^\n    |   File \"C:\\Users\\James\\AppData\\Roaming\\Python\\Python311\\site-packages\\pluggy\\_result.py\", line 103, in get_result\n    |     raise exc.with_traceback(tb)\n    |   File \"C:\\Users\\James\\AppData\\Roaming\\Python\\Python311\\site-packages\\pluggy\\_callers.py\", line 38, in run_old_style_hookwrapper\n    |     res = yield\n    |           ^^^^^\n    |   File \"C:\\Users\\James\\AppData\\Roaming\\Python\\Python311\\site-packages\\pluggy\\_callers.py\", line 139, in _multicall\n    |     teardown.throw(exception)\n    |   File \"C:\\Users\\James\\AppData\\Local\\Programs\\Python\\Python311\\Lib\\site-packages\\_pytest\\skipping.py\", line 257, in pytest_runtest_call\n    |     return (yield)\n    |             ^^^^^\n    |   File \"C:\\Users\\James\\AppData\\Roaming\\Python\\Python311\\site-packages\\pluggy\\_callers.py\", line 121, in _multicall\n    |     res = hook_impl.function(*args)\n    |           ^^^^^^^^^^^^^^^^^^^^^^^^^\n    |   File \"C:\\Users\\James\\AppData\\Local\\Programs\\Python\\Python311\\Lib\\site-packages\\_pytest\\runner.py\", line 174, in pytest_runtest_call\n    |     item.runtest()\n    |   File \"C:\\Users\\James\\AppData\\Local\\Programs\\Python\\Python311\\Lib\\site-packages\\pytest_asyncio\\plugin.py\", line 549, in runtest\n    |     super().runtest()\n    |   File \"C:\\Users\\James\\AppData\\Local\\Programs\\Python\\Python311\\Lib\\site-packages\\_pytest\\python.py\", line 1627, in runtest\n    |     self.ihook.pytest_pyfunc_call(pyfuncitem=self)\n    |   File \"C:\\Users\\James\\AppData\\Roaming\\Python\\Python311\\site-packages\\pluggy\\_hooks.py\", line 512, in __call__\n    |     return self._hookexec(self.name, self._hookimpls.copy(), kwargs, firstresult)\n    |            ^^^^^^^^^^^^^^^^^^^^^^^^^^^^^^^^^^^^^^^^^^^^^^^^^^^^^^^^^^^^^^^^^^^^^^\n    |   File \"C:\\Users\\James\\AppData\\Roaming\\Python\\Python311\\site-packages\\pluggy\\_manager.py\", line 120, in _hookexec\n    |     return self._inner_hookexec(hook_name, methods, kwargs, firstresult)\n    |            ^^^^^^^^^^^^^^^^^^^^^^^^^^^^^^^^^^^^^^^^^^^^^^^^^^^^^^^^^^^^^\n    |   File \"C:\\Users\\James\\AppData\\Roaming\\Python\\Python311\\site-packages\\pluggy\\_callers.py\", line 167, in _multicall\n    |     raise exception\n    |   File \"C:\\Users\\James\\AppData\\Roaming\\Python\\Python311\\site-packages\\pluggy\\_callers.py\", line 139, in _multicall\n    |     teardown.throw(exception)\n    |   File \"C:\\Users\\James\\AppData\\Roaming\\Python\\Python311\\site-packages\\pluggy\\_callers.py\", line 53, in run_old_style_hookwrapper\n    |     return result.get_result()\n    |            ^^^^^^^^^^^^^^^^^^^\n    |   File \"C:\\Users\\James\\AppData\\Roaming\\Python\\Python311\\site-packages\\pluggy\\_result.py\", line 103, in get_result\n    |     raise exc.with_traceback(tb)\n    |   File \"C:\\Users\\James\\AppData\\Roaming\\Python\\Python311\\site-packages\\pluggy\\_callers.py\", line 38, in run_old_style_hookwrapper\n    |     res = yield\n    |           ^^^^^\n    |   File \"C:\\Users\\James\\AppData\\Roaming\\Python\\Python311\\site-packages\\pluggy\\_callers.py\", line 121, in _multicall\n    |     res = hook_impl.function(*args)\n    |           ^^^^^^^^^^^^^^^^^^^^^^^^^\n    |   File \"C:\\Users\\James\\AppData\\Local\\Programs\\Python\\Python311\\Lib\\site-packages\\_pytest\\python.py\", line 159, in pytest_pyfunc_call\n    |     result = testfunction(**testargs)\n    |              ^^^^^^^^^^^^^^^^^^^^^^^^\n    |   File \"C:\\Users\\James\\AppData\\Local\\Programs\\Python\\Python311\\Lib\\site-packages\\pytest_asyncio\\plugin.py\", line 1069, in inner\n    |     _loop.run_until_complete(task)\n    |   File \"C:\\Users\\James\\AppData\\Local\\Programs\\Python\\Python311\\Lib\\asyncio\\base_events.py\", line 654, in run_until_complete\n    |     return future.result()\n    |            ^^^^^^^^^^^^^^^\n    |   File \"C:\\Users\\James\\Documents\\Github\\GHrepos\\SCCMScripts\\TaskMan-v2\\backend-api\\tests\\integration\\api\\test_tasks_api.py\", line 60, in test_create_task_full_lifecycle\n    |     create_res = await client.post(\"/api/v1/tasks\", json=create_payload)\n    |                  ^^^^^^^^^^^^^^^^^^^^^^^^^^^^^^^^^^^^^^^^^^^^^^^^^^^^^^^\n    |   File \"C:\\Users\\James\\AppData\\Local\\Programs\\Python\\Python311\\Lib\\site-packages\\httpx\\_client.py\", line 1905, in post\n    |     return await self.request(\n    |            ^^^^^^^^^^^^^^^^^^^\n    |   File \"C:\\Users\\James\\AppData\\Local\\Programs\\Python\\Python311\\Lib\\site-packages\\httpx\\_client.py\", line 1585, in request\n    |     return await self.send(request, auth=auth, follow_redirects=follow_redirects)\n    |            ^^^^^^^^^^^^^^^^^^^^^^^^^^^^^^^^^^^^^^^^^^^^^^^^^^^^^^^^^^^^^^^^^^^^^^\n    |   File \"C:\\Users\\James\\AppData\\Local\\Programs\\Python\\Python311\\Lib\\site-packages\\httpx\\_client.py\", line 1674, in send\n    |     response = await self._send_handling_auth(\n    |                ^^^^^^^^^^^^^^^^^^^^^^^^^^^^^^^\n    |   File \"C:\\Users\\James\\AppData\\Local\\Programs\\Python\\Python311\\Lib\\site-packages\\httpx\\_client.py\", line 1702, in _send_handling_auth\n    |     response = await self._send_handling_redirects(\n    |                ^^^^^^^^^^^^^^^^^^^^^^^^^^^^^^^^^^^^\n    |   File \"C:\\Users\\James\\AppData\\Local\\Programs\\Python\\Python311\\Lib\\site-packages\\httpx\\_client.py\", line 1739, in _send_handling_redirects\n    |     response = await self._send_single_request(request)\n    |                ^^^^^^^^^^^^^^^^^^^^^^^^^^^^^^^^^^^^^^^^\n    |   File \"C:\\Users\\James\\AppData\\Local\\Programs\\Python\\Python311\\Lib\\site-packages\\httpx\\_client.py\", line 1776, in _send_single_request\n    |     response = await transport.handle_async_request(request)\n    |                ^^^^^^^^^^^^^^^^^^^^^^^^^^^^^^^^^^^^^^^^^^^^^\n    |   File \"C:\\Users\\James\\AppData\\Local\\Programs\\Python\\Python311\\Lib\\site-packages\\httpx\\_transports\\asgi.py\", line 157, in handle_async_request\n    |     await self.app(scope, receive, send)\n    |   File \"C:\\Users\\James\\AppData\\Local\\Programs\\Python\\Python311\\Lib\\site-packages\\fastapi\\applications.py\", line 1054, in __call__\n    |     await super().__call__(scope, receive, send)\n    |   File \"C:\\Users\\James\\AppData\\Local\\Programs\\Python\\Python311\\Lib\\site-packages\\starlette\\applications.py\", line 112, in __call__\n    |     await self.middleware_stack(scope, receive, send)\n    |   File \"C:\\Users\\James\\AppData\\Local\\Programs\\Python\\Python311\\Lib\\site-packages\\starlette\\middleware\\errors.py\", line 187, in __call__\n    |     raise exc\n    |   File \"C:\\Users\\James\\AppData\\Local\\Programs\\Python\\Python311\\Lib\\site-packages\\starlette\\middleware\\errors.py\", line 165, in __call__\n    |     await self.app(scope, receive, _send)\n    |   File \"C:\\Users\\James\\AppData\\Local\\Programs\\Python\\Python311\\Lib\\site-packages\\starlette\\middleware\\base.py\", line 176, in __call__\n    |     with recv_stream, send_stream, collapse_excgroups():\n    |   File \"C:\\Users\\James\\AppData\\Local\\Programs\\Python\\Python311\\Lib\\contextlib.py\", line 158, in __exit__\n    |     self.gen.throw(typ, value, traceback)\n    |   File \"C:\\Users\\James\\AppData\\Local\\Programs\\Python\\Python311\\Lib\\site-packages\\starlette\\_utils.py\", line 82, in collapse_excgroups\n    |     raise exc\n    |   File \"C:\\Users\\James\\AppData\\Local\\Programs\\Python\\Python311\\Lib\\site-packages\\starlette\\middleware\\base.py\", line 178, in __call__\n    |     response = await self.dispatch_func(request, call_next)\n    |                ^^^^^^^^^^^^^^^^^^^^^^^^^^^^^^^^^^^^^^^^^^^^\n    |   File \"C:\\Users\\James\\Documents\\Github\\GHrepos\\SCCMScripts\\TaskMan-v2\\backend-api\\src\\taskman_api\\middleware\\logging_middleware.py\", line 223, in dispatch\n    |     response = await call_next(request)\n    |                ^^^^^^^^^^^^^^^^^^^^^^^^\n    |   File \"C:\\Users\\James\\AppData\\Local\\Programs\\Python\\Python311\\Lib\\site-packages\\starlette\\middleware\\base.py\", line 156, in call_next\n    |     raise app_exc\n    |   File \"C:\\Users\\James\\AppData\\Local\\Programs\\Python\\Python311\\Lib\\site-packages\\starlette\\middleware\\base.py\", line 141, in coro\n    |     await self.app(scope, receive_or_disconnect, send_no_error)\n    |   File \"C:\\Users\\James\\AppData\\Local\\Programs\\Python\\Python311\\Lib\\site-packages\\starlette\\middleware\\cors.py\", line 85, in __call__\n    |     await self.app(scope, receive, send)\n    |   File \"C:\\Users\\James\\AppData\\Local\\Programs\\Python\\Python311\\Lib\\site-packages\\starlette\\middleware\\exceptions.py\", line 62, in __call__\n    |     await wrap_app_handling_exceptions(self.app, conn)(scope, receive, send)\n    |   File \"C:\\Users\\James\\AppData\\Local\\Programs\\Python\\Python311\\Lib\\site-packages\\starlette\\_exception_handler.py\", line 53, in wrapped_app\n    |     raise exc\n    |   File \"C:\\Users\\James\\AppData\\Local\\Programs\\Python\\Python311\\Lib\\site-packages\\starlette\\_exception_handler.py\", line 42, in wrapped_app\n    |     await app(scope, receive, sender)\n    |   File \"C:\\Users\\James\\AppData\\Local\\Programs\\Python\\Python311\\Lib\\site-packages\\starlette\\routing.py\", line 714, in __call__\n    |     await self.middleware_stack(scope, receive, send)\n    |   File \"C:\\Users\\James\\AppData\\Local\\Programs\\Python\\Python311\\Lib\\site-packages\\starlette\\routing.py\", line 734, in app\n    |     await route.handle(scope, receive, send)\n    |   File \"C:\\Users\\James\\AppData\\Local\\Programs\\Python\\Python311\\Lib\\site-packages\\starlette\\routing.py\", line 288, in handle\n    |     await self.app(scope, receive, send)\n    |   File \"C:\\Users\\James\\AppData\\Local\\Programs\\Python\\Python311\\Lib\\site-packages\\starlette\\routing.py\", line 76, in app\n    |     await wrap_app_handling_exceptions(app, request)(scope, receive, send)\n    |   File \"C:\\Users\\James\\AppData\\Local\\Programs\\Python\\Python311\\Lib\\site-packages\\starlette\\_exception_handler.py\", line 53, in wrapped_app\n    |     raise exc\n    |   File \"C:\\Users\\James\\AppData\\Local\\Programs\\Python\\Python311\\Lib\\site-packages\\starlette\\_exception_handler.py\", line 42, in wrapped_app\n    |     await app(scope, receive, sender)\n    |   File \"C:\\Users\\James\\AppData\\Local\\Programs\\Python\\Python311\\Lib\\site-packages\\starlette\\routing.py\", line 73, in app\n    |     response = await f(request)\n    |                ^^^^^^^^^^^^^^^^\n    |   File \"C:\\Users\\James\\AppData\\Local\\Programs\\Python\\Python311\\Lib\\site-packages\\fastapi\\routing.py\", line 301, in app\n    |     raw_response = await run_endpoint_function(\n    |                    ^^^^^^^^^^^^^^^^^^^^^^^^^^^^\n    |   File \"C:\\Users\\James\\AppData\\Local\\Programs\\Python\\Python311\\Lib\\site-packages\\fastapi\\routing.py\", line 212, in run_endpoint_function\n    |     return await dependant.call(**values)\n    |            ^^^^^^^^^^^^^^^^^^^^^^^^^^^^^^\n    |   File \"C:\\Users\\James\\Documents\\Github\\GHrepos\\SCCMScripts\\TaskMan-v2\\backend-api\\src\\taskman_api\\routers\\tasks.py\", line 106, in create_task\n    |     result = await service.create(task)\n    |              ^^^^^^^^^^^^^^^^^^^^^^^^^^\n    |   File \"C:\\Users\\James\\Documents\\Github\\GHrepos\\SCCMScripts\\TaskMan-v2\\backend-api\\src\\taskman_api\\services\\task_service.py\", line 65, in create\n    |     if project_result.is_err():\n    |        ^^^^^^^^^^^^^^^^^^^^^\n    | AttributeError: 'NoneType' object has no attribute 'is_err'\n    +------------------------------------\n\nDuring handling of the above exception, another exception occurred:\n\nself = <test_tasks_api.TestTaskIntegration object at 0x000002211BB05C10>\nclient = <httpx.AsyncClient object at 0x000002211C7A8610>\n\n    async def test_create_task_full_lifecycle(self, client: AsyncClient):\n        \"\"\"Test complete task lifecycle: Create -> Get -> Update -> Delete.\"\"\"\n        task_id = f\"{TASK_PREFIX}-LIFE-001\"\n    \n        # 1. Create\n        create_payload = {\n            \"id\": task_id,\n            \"title\": \"Lifecycle Task\",\n            \"summary\": \"Testing full lifecycle\",\n            \"description\": \"Detailed description\",\n            \"owner\": \"test.user\",\n            \"priority\": \"p1\",\n            \"status\": \"new\",\n            \"primary_project\": self.project_id,\n            \"primary_sprint\": self.sprint_id,\n            \"assignees\": [\"dev.one\", \"dev.two\"],\n            \"estimate_points\": 5,\n            \"labels\": [\"integration\", \"test\"]\n        }\n>       create_res = await client.post(\"/api/v1/tasks\", json=create_payload)\n\ntests\\integration\\api\\test_tasks_api.py:60: \n_ _ _ _ _ _ _ _ _ _ _ _ _ _ _ _ _ _ _ _ _ _ _ _ _ _ _ _ _ _ _ _ _ _ _ _ _ _ _ _ _ _ _ _ _ _ _ _ _ _ _ _ _ _ _ _ _ _ _ _\nC:\\Users\\James\\AppData\\Local\\Programs\\Python\\Python311\\Lib\\site-packages\\httpx\\_client.py:1905: in post\n    return await self.request(\nC:\\Users\\James\\AppData\\Local\\Programs\\Python\\Python311\\Lib\\site-packages\\httpx\\_client.py:1585: in request\n    return await self.send(request, auth=auth, follow_redirects=follow_redirects)\nC:\\Users\\James\\AppData\\Local\\Programs\\Python\\Python311\\Lib\\site-packages\\httpx\\_client.py:1674: in send\n    response = await self._send_handling_auth(\nC:\\Users\\James\\AppData\\Local\\Programs\\Python\\Python311\\Lib\\site-packages\\httpx\\_client.py:1702: in _send_handling_auth\n    response = await self._send_handling_redirects(\nC:\\Users\\James\\AppData\\Local\\Programs\\Python\\Python311\\Lib\\site-packages\\httpx\\_client.py:1739: in _send_handling_redirects\n    response = await self._send_single_request(request)\nC:\\Users\\James\\AppData\\Local\\Programs\\Python\\Python311\\Lib\\site-packages\\httpx\\_client.py:1776: in _send_single_request\n    response = await transport.handle_async_request(request)\nC:\\Users\\James\\AppData\\Local\\Programs\\Python\\Python311\\Lib\\site-packages\\httpx\\_transports\\asgi.py:157: in handle_async_request\n    await self.app(scope, receive, send)\nC:\\Users\\James\\AppData\\Local\\Programs\\Python\\Python311\\Lib\\site-packages\\fastapi\\applications.py:1054: in __call__\n    await super().__call__(scope, receive, send)\nC:\\Users\\James\\AppData\\Local\\Programs\\Python\\Python311\\Lib\\site-packages\\starlette\\applications.py:112: in __call__\n    await self.middleware_stack(scope, receive, send)\nC:\\Users\\James\\AppData\\Local\\Programs\\Python\\Python311\\Lib\\site-packages\\starlette\\middleware\\errors.py:187: in __call__\n    raise exc\nC:\\Users\\James\\AppData\\Local\\Programs\\Python\\Python311\\Lib\\site-packages\\starlette\\middleware\\errors.py:165: in __call__\n    await self.app(scope, receive, _send)\nC:\\Users\\James\\AppData\\Local\\Programs\\Python\\Python311\\Lib\\site-packages\\starlette\\middleware\\base.py:176: in __call__\n    with recv_stream, send_stream, collapse_excgroups():\nC:\\Users\\James\\AppData\\Local\\Programs\\Python\\Python311\\Lib\\contextlib.py:158: in __exit__\n    self.gen.throw(typ, value, traceback)\nC:\\Users\\James\\AppData\\Local\\Programs\\Python\\Python311\\Lib\\site-packages\\starlette\\_utils.py:82: in collapse_excgroups\n    raise exc\nC:\\Users\\James\\AppData\\Local\\Programs\\Python\\Python311\\Lib\\site-packages\\starlette\\middleware\\base.py:178: in __call__\n    response = await self.dispatch_func(request, call_next)\nsrc\\taskman_api\\middleware\\logging_middleware.py:223: in dispatch\n    response = await call_next(request)\nC:\\Users\\James\\AppData\\Local\\Programs\\Python\\Python311\\Lib\\site-packages\\starlette\\middleware\\base.py:156: in call_next\n    raise app_exc\nC:\\Users\\James\\AppData\\Local\\Programs\\Python\\Python311\\Lib\\site-packages\\starlette\\middleware\\base.py:141: in coro\n    await self.app(scope, receive_or_disconnect, send_no_error)\nC:\\Users\\James\\AppData\\Local\\Programs\\Python\\Python311\\Lib\\site-packages\\starlette\\middleware\\cors.py:85: in __call__\n    await self.app(scope, receive, send)\nC:\\Users\\James\\AppData\\Local\\Programs\\Python\\Python311\\Lib\\site-packages\\starlette\\middleware\\exceptions.py:62: in __call__\n    await wrap_app_handling_exceptions(self.app, conn)(scope, receive, send)\nC:\\Users\\James\\AppData\\Local\\Programs\\Python\\Python311\\Lib\\site-packages\\starlette\\_exception_handler.py:53: in wrapped_app\n    raise exc\nC:\\Users\\James\\AppData\\Local\\Programs\\Python\\Python311\\Lib\\site-packages\\starlette\\_exception_handler.py:42: in wrapped_app\n    await app(scope, receive, sender)\nC:\\Users\\James\\AppData\\Local\\Programs\\Python\\Python311\\Lib\\site-packages\\starlette\\routing.py:714: in __call__\n    await self.middleware_stack(scope, receive, send)\nC:\\Users\\James\\AppData\\Local\\Programs\\Python\\Python311\\Lib\\site-packages\\starlette\\routing.py:734: in app\n    await route.handle(scope, receive, send)\nC:\\Users\\James\\AppData\\Local\\Programs\\Python\\Python311\\Lib\\site-packages\\starlette\\routing.py:288: in handle\n    await self.app(scope, receive, send)\nC:\\Users\\James\\AppData\\Local\\Programs\\Python\\Python311\\Lib\\site-packages\\starlette\\routing.py:76: in app\n    await wrap_app_handling_exceptions(app, request)(scope, receive, send)\nC:\\Users\\James\\AppData\\Local\\Programs\\Python\\Python311\\Lib\\site-packages\\starlette\\_exception_handler.py:53: in wrapped_app\n    raise exc\nC:\\Users\\James\\AppData\\Local\\Programs\\Python\\Python311\\Lib\\site-packages\\starlette\\_exception_handler.py:42: in wrapped_app\n    await app(scope, receive, sender)\nC:\\Users\\James\\AppData\\Local\\Programs\\Python\\Python311\\Lib\\site-packages\\starlette\\routing.py:73: in app\n    response = await f(request)\nC:\\Users\\James\\AppData\\Local\\Programs\\Python\\Python311\\Lib\\site-packages\\fastapi\\routing.py:301: in app\n    raw_response = await run_endpoint_function(\nC:\\Users\\James\\AppData\\Local\\Programs\\Python\\Python311\\Lib\\site-packages\\fastapi\\routing.py:212: in run_endpoint_function\n    return await dependant.call(**values)\nsrc\\taskman_api\\routers\\tasks.py:106: in create_task\n    result = await service.create(task)\n_ _ _ _ _ _ _ _ _ _ _ _ _ _ _ _ _ _ _ _ _ _ _ _ _ _ _ _ _ _ _ _ _ _ _ _ _ _ _ _ _ _ _ _ _ _ _ _ _ _ _ _ _ _ _ _ _ _ _ _\n\nself = <taskman_api.services.task_service.TaskService object at 0x000002211C9BB850>\ncreate_data = TaskCreate(id='T-INT-LIFE-001', title='Lifecycle Task', summary='Testing full lifecycle', description='Detailed descri...lue_score=None, cost_of_delay_score=None, automation_candidate=False, cycle_time_days=None, risks=[], observability={})\n\n    async def create(\n        self, create_data: TaskCreateRequest\n    ) -> Result[TaskResponse, ValidationError | AppError]:\n        \"\"\"Create new task with validation.\n    \n        Args:\n            create_data: Task creation data\n    \n        Returns:\n            Result containing created task or error\n        \"\"\"\n        # Validate project exists\n        project_result = await self.project_repo.get_by_id(create_data.primary_project)\n>       if project_result.is_err():\nE       AttributeError: 'NoneType' object has no attribute 'is_err'\n\nsrc\\taskman_api\\services\\task_service.py:65: AttributeError"}, "teardown": {"duration": 0.002049800008535385, "outcome": "passed"}}, {"nodeid": "tests/integration/api/test_tasks_api.py::TestTaskIntegration::test_list_tasks_pagination_and_filtering", "lineno": 131, "outcome": "failed", "keywords": ["test_list_tasks_pagination_and_filtering", "asyncio", "TestTaskIntegration", "test_tasks_api.py", "api", "integration", "tests", "backend-api", ""], "setup": {"duration": 0.02338719996623695, "outcome": "passed", "stdout": "{\"method\": \"POST\", \"path\": \"/api/v1/projects\", \"query\": null, \"correlation_id\": \"da28f15f-9d8b-4a9d-8729-8761a549f58c\", \"client_ip\": \"127.0.0.1\", \"event\": \"http_request\", \"timestamp\": \"2025-12-28T16:45:03.830250Z\", \"level\": \"info\"}\n{\"method\": \"POST\", \"path\": \"/api/v1/projects\", \"status_code\": 422, \"duration_ms\": 2.11, \"correlation_id\": \"da28f15f-9d8b-4a9d-8729-8761a549f58c\", \"event\": \"http_response\", \"timestamp\": \"2025-12-28T16:45:03.832250Z\", \"level\": \"warning\"}\n{\"method\": \"POST\", \"path\": \"/api/v1/sprints\", \"query\": null, \"correlation_id\": \"150d8b0a-90ed-42cb-923b-0df18e316916\", \"client_ip\": \"127.0.0.1\", \"event\": \"http_request\", \"timestamp\": \"2025-12-28T16:45:03.832250Z\", \"level\": \"info\"}\n{\"method\": \"POST\", \"path\": \"/api/v1/sprints\", \"status_code\": 422, \"duration_ms\": 1.33, \"correlation_id\": \"150d8b0a-90ed-42cb-923b-0df18e316916\", \"event\": \"http_response\", \"timestamp\": \"2025-12-28T16:45:03.834249Z\", \"level\": \"warning\"}\n"}, "call": {"duration": 0.007465500035323203, "outcome": "failed", "crash": {"path": "C:\\Users\\James\\Documents\\Github\\GHrepos\\SCCMScripts\\TaskMan-v2\\backend-api\\src\\taskman_api\\services\\task_service.py", "lineno": 65, "message": "AttributeError: 'NoneType' object has no attribute 'is_err'"}, "traceback": [{"path": "tests\\integration\\api\\test_tasks_api.py", "lineno": 138, "message": ""}, {"path": "C:\\Users\\James\\AppData\\Local\\Programs\\Python\\Python311\\Lib\\site-packages\\httpx\\_client.py", "lineno": 1905, "message": "in post"}, {"path": "C:\\Users\\James\\AppData\\Local\\Programs\\Python\\Python311\\Lib\\site-packages\\httpx\\_client.py", "lineno": 1585, "message": "in request"}, {"path": "C:\\Users\\James\\AppData\\Local\\Programs\\Python\\Python311\\Lib\\site-packages\\httpx\\_client.py", "lineno": 1674, "message": "in send"}, {"path": "C:\\Users\\James\\AppData\\Local\\Programs\\Python\\Python311\\Lib\\site-packages\\httpx\\_client.py", "lineno": 1702, "message": "in _send_handling_auth"}, {"path": "C:\\Users\\James\\AppData\\Local\\Programs\\Python\\Python311\\Lib\\site-packages\\httpx\\_client.py", "lineno": 1739, "message": "in _send_handling_redirects"}, {"path": "C:\\Users\\James\\AppData\\Local\\Programs\\Python\\Python311\\Lib\\site-packages\\httpx\\_client.py", "lineno": 1776, "message": "in _send_single_request"}, {"path": "C:\\Users\\James\\AppData\\Local\\Programs\\Python\\Python311\\Lib\\site-packages\\httpx\\_transports\\asgi.py", "lineno": 157, "message": "in handle_async_request"}, {"path": "C:\\Users\\James\\AppData\\Local\\Programs\\Python\\Python311\\Lib\\site-packages\\fastapi\\applications.py", "lineno": 1054, "message": "in __call__"}, {"path": "C:\\Users\\James\\AppData\\Local\\Programs\\Python\\Python311\\Lib\\site-packages\\starlette\\applications.py", "lineno": 112, "message": "in __call__"}, {"path": "C:\\Users\\James\\AppData\\Local\\Programs\\Python\\Python311\\Lib\\site-packages\\starlette\\middleware\\errors.py", "lineno": 187, "message": "in __call__"}, {"path": "C:\\Users\\James\\AppData\\Local\\Programs\\Python\\Python311\\Lib\\site-packages\\starlette\\middleware\\errors.py", "lineno": 165, "message": "in __call__"}, {"path": "C:\\Users\\James\\AppData\\Local\\Programs\\Python\\Python311\\Lib\\site-packages\\starlette\\middleware\\base.py", "lineno": 176, "message": "in __call__"}, {"path": "C:\\Users\\James\\AppData\\Local\\Programs\\Python\\Python311\\Lib\\contextlib.py", "lineno": 158, "message": "in __exit__"}, {"path": "C:\\Users\\James\\AppData\\Local\\Programs\\Python\\Python311\\Lib\\site-packages\\starlette\\_utils.py", "lineno": 82, "message": "in collapse_excgroups"}, {"path": "C:\\Users\\James\\AppData\\Local\\Programs\\Python\\Python311\\Lib\\site-packages\\starlette\\middleware\\base.py", "lineno": 178, "message": "in __call__"}, {"path": "src\\taskman_api\\middleware\\logging_middleware.py", "lineno": 223, "message": "in dispatch"}, {"path": "C:\\Users\\James\\AppData\\Local\\Programs\\Python\\Python311\\Lib\\site-packages\\starlette\\middleware\\base.py", "lineno": 156, "message": "in call_next"}, {"path": "C:\\Users\\James\\AppData\\Local\\Programs\\Python\\Python311\\Lib\\site-packages\\starlette\\middleware\\base.py", "lineno": 141, "message": "in coro"}, {"path": "C:\\Users\\James\\AppData\\Local\\Programs\\Python\\Python311\\Lib\\site-packages\\starlette\\middleware\\cors.py", "lineno": 85, "message": "in __call__"}, {"path": "C:\\Users\\James\\AppData\\Local\\Programs\\Python\\Python311\\Lib\\site-packages\\starlette\\middleware\\exceptions.py", "lineno": 62, "message": "in __call__"}, {"path": "C:\\Users\\James\\AppData\\Local\\Programs\\Python\\Python311\\Lib\\site-packages\\starlette\\_exception_handler.py", "lineno": 53, "message": "in wrapped_app"}, {"path": "C:\\Users\\James\\AppData\\Local\\Programs\\Python\\Python311\\Lib\\site-packages\\starlette\\_exception_handler.py", "lineno": 42, "message": "in wrapped_app"}, {"path": "C:\\Users\\James\\AppData\\Local\\Programs\\Python\\Python311\\Lib\\site-packages\\starlette\\routing.py", "lineno": 714, "message": "in __call__"}, {"path": "C:\\Users\\James\\AppData\\Local\\Programs\\Python\\Python311\\Lib\\site-packages\\starlette\\routing.py", "lineno": 734, "message": "in app"}, {"path": "C:\\Users\\James\\AppData\\Local\\Programs\\Python\\Python311\\Lib\\site-packages\\starlette\\routing.py", "lineno": 288, "message": "in handle"}, {"path": "C:\\Users\\James\\AppData\\Local\\Programs\\Python\\Python311\\Lib\\site-packages\\starlette\\routing.py", "lineno": 76, "message": "in app"}, {"path": "C:\\Users\\James\\AppData\\Local\\Programs\\Python\\Python311\\Lib\\site-packages\\starlette\\_exception_handler.py", "lineno": 53, "message": "in wrapped_app"}, {"path": "C:\\Users\\James\\AppData\\Local\\Programs\\Python\\Python311\\Lib\\site-packages\\starlette\\_exception_handler.py", "lineno": 42, "message": "in wrapped_app"}, {"path": "C:\\Users\\James\\AppData\\Local\\Programs\\Python\\Python311\\Lib\\site-packages\\starlette\\routing.py", "lineno": 73, "message": "in app"}, {"path": "C:\\Users\\James\\AppData\\Local\\Programs\\Python\\Python311\\Lib\\site-packages\\fastapi\\routing.py", "lineno": 301, "message": "in app"}, {"path": "C:\\Users\\James\\AppData\\Local\\Programs\\Python\\Python311\\Lib\\site-packages\\fastapi\\routing.py", "lineno": 212, "message": "in run_endpoint_function"}, {"path": "src\\taskman_api\\routers\\tasks.py", "lineno": 106, "message": "in create_task"}, {"path": "src\\taskman_api\\services\\task_service.py", "lineno": 65, "message": "AttributeError"}], "stdout": "{\"method\": \"POST\", \"path\": \"/api/v1/tasks\", \"query\": null, \"correlation_id\": \"664a5b97-a9d8-4ea0-b916-5fe7b6a8344a\", \"client_ip\": \"127.0.0.1\", \"event\": \"http_request\", \"timestamp\": \"2025-12-28T16:45:03.835248Z\", \"level\": \"info\"}\n{\"method\": \"POST\", \"path\": \"/api/v1/tasks\", \"correlation_id\": \"664a5b97-a9d8-4ea0-b916-5fe7b6a8344a\", \"duration_ms\": 6.06, \"error\": \"'NoneType' object has no attribute 'is_err'\", \"error_type\": \"AttributeError\", \"event\": \"http_request_error\", \"timestamp\": \"2025-12-28T16:45:03.841939Z\", \"level\": \"error\"}\n{\"error\": \"'NoneType' object has no attribute 'is_err'\", \"path\": \"/api/v1/tasks\", \"event\": \"unhandled_exception\", \"timestamp\": \"2025-12-28T16:45:03.842005Z\", \"level\": \"error\"}\n", "longrepr": "+ Exception Group Traceback (most recent call last):\n  |   File \"C:\\Users\\James\\AppData\\Local\\Programs\\Python\\Python311\\Lib\\site-packages\\starlette\\_utils.py\", line 76, in collapse_excgroups\n  |     yield\n  |   File \"C:\\Users\\James\\AppData\\Local\\Programs\\Python\\Python311\\Lib\\site-packages\\starlette\\middleware\\base.py\", line 177, in __call__\n  |     async with anyio.create_task_group() as task_group:\n  |   File \"C:\\Users\\James\\AppData\\Local\\Programs\\Python\\Python311\\Lib\\site-packages\\anyio\\_backends\\_asyncio.py\", line 772, in __aexit__\n  |     raise BaseExceptionGroup(\n  | ExceptionGroup: unhandled errors in a TaskGroup (1 sub-exception)\n  +-+---------------- 1 ----------------\n    | Traceback (most recent call last):\n    |   File \"C:\\Users\\James\\AppData\\Local\\Programs\\Python\\Python311\\Lib\\site-packages\\_pytest\\runner.py\", line 341, in from_call\n    |     result: TResult | None = func()\n    |                              ^^^^^^\n    |   File \"C:\\Users\\James\\AppData\\Local\\Programs\\Python\\Python311\\Lib\\site-packages\\_pytest\\runner.py\", line 242, in <lambda>\n    |     lambda: runtest_hook(item=item, **kwds), when=when, reraise=reraise\n    |             ^^^^^^^^^^^^^^^^^^^^^^^^^^^^^^^\n    |   File \"C:\\Users\\James\\AppData\\Roaming\\Python\\Python311\\site-packages\\pluggy\\_hooks.py\", line 512, in __call__\n    |     return self._hookexec(self.name, self._hookimpls.copy(), kwargs, firstresult)\n    |            ^^^^^^^^^^^^^^^^^^^^^^^^^^^^^^^^^^^^^^^^^^^^^^^^^^^^^^^^^^^^^^^^^^^^^^\n    |   File \"C:\\Users\\James\\AppData\\Roaming\\Python\\Python311\\site-packages\\pluggy\\_manager.py\", line 120, in _hookexec\n    |     return self._inner_hookexec(hook_name, methods, kwargs, firstresult)\n    |            ^^^^^^^^^^^^^^^^^^^^^^^^^^^^^^^^^^^^^^^^^^^^^^^^^^^^^^^^^^^^^\n    |   File \"C:\\Users\\James\\AppData\\Roaming\\Python\\Python311\\site-packages\\pluggy\\_callers.py\", line 167, in _multicall\n    |     raise exception\n    |   File \"C:\\Users\\James\\AppData\\Roaming\\Python\\Python311\\site-packages\\pluggy\\_callers.py\", line 139, in _multicall\n    |     teardown.throw(exception)\n    |   File \"C:\\Users\\James\\AppData\\Local\\Programs\\Python\\Python311\\Lib\\site-packages\\_pytest\\threadexception.py\", line 92, in pytest_runtest_call\n    |     yield from thread_exception_runtest_hook()\n    |   File \"C:\\Users\\James\\AppData\\Local\\Programs\\Python\\Python311\\Lib\\site-packages\\_pytest\\threadexception.py\", line 68, in thread_exception_runtest_hook\n    |     yield\n    |   File \"C:\\Users\\James\\AppData\\Roaming\\Python\\Python311\\site-packages\\pluggy\\_callers.py\", line 139, in _multicall\n    |     teardown.throw(exception)\n    |   File \"C:\\Users\\James\\AppData\\Local\\Programs\\Python\\Python311\\Lib\\site-packages\\_pytest\\unraisableexception.py\", line 95, in pytest_runtest_call\n    |     yield from unraisable_exception_runtest_hook()\n    |   File \"C:\\Users\\James\\AppData\\Local\\Programs\\Python\\Python311\\Lib\\site-packages\\_pytest\\unraisableexception.py\", line 70, in unraisable_exception_runtest_hook\n    |     yield\n    |   File \"C:\\Users\\James\\AppData\\Roaming\\Python\\Python311\\site-packages\\pluggy\\_callers.py\", line 139, in _multicall\n    |     teardown.throw(exception)\n    |   File \"C:\\Users\\James\\AppData\\Local\\Programs\\Python\\Python311\\Lib\\site-packages\\_pytest\\logging.py\", line 846, in pytest_runtest_call\n    |     yield from self._runtest_for(item, \"call\")\n    |   File \"C:\\Users\\James\\AppData\\Local\\Programs\\Python\\Python311\\Lib\\site-packages\\_pytest\\logging.py\", line 829, in _runtest_for\n    |     yield\n    |   File \"C:\\Users\\James\\AppData\\Roaming\\Python\\Python311\\site-packages\\pluggy\\_callers.py\", line 139, in _multicall\n    |     teardown.throw(exception)\n    |   File \"C:\\Users\\James\\AppData\\Roaming\\Python\\Python311\\site-packages\\pluggy\\_callers.py\", line 53, in run_old_style_hookwrapper\n    |     return result.get_result()\n    |            ^^^^^^^^^^^^^^^^^^^\n    |   File \"C:\\Users\\James\\AppData\\Roaming\\Python\\Python311\\site-packages\\pluggy\\_result.py\", line 103, in get_result\n    |     raise exc.with_traceback(tb)\n    |   File \"C:\\Users\\James\\AppData\\Roaming\\Python\\Python311\\site-packages\\pluggy\\_callers.py\", line 38, in run_old_style_hookwrapper\n    |     res = yield\n    |           ^^^^^\n    |   File \"C:\\Users\\James\\AppData\\Roaming\\Python\\Python311\\site-packages\\pluggy\\_callers.py\", line 139, in _multicall\n    |     teardown.throw(exception)\n    |   File \"C:\\Users\\James\\AppData\\Roaming\\Python\\Python311\\site-packages\\pluggy\\_callers.py\", line 53, in run_old_style_hookwrapper\n    |     return result.get_result()\n    |            ^^^^^^^^^^^^^^^^^^^\n    |   File \"C:\\Users\\James\\AppData\\Roaming\\Python\\Python311\\site-packages\\pluggy\\_result.py\", line 103, in get_result\n    |     raise exc.with_traceback(tb)\n    |   File \"C:\\Users\\James\\AppData\\Roaming\\Python\\Python311\\site-packages\\pluggy\\_callers.py\", line 38, in run_old_style_hookwrapper\n    |     res = yield\n    |           ^^^^^\n    |   File \"C:\\Users\\James\\AppData\\Roaming\\Python\\Python311\\site-packages\\pluggy\\_callers.py\", line 139, in _multicall\n    |     teardown.throw(exception)\n    |   File \"C:\\Users\\James\\AppData\\Local\\Programs\\Python\\Python311\\Lib\\site-packages\\_pytest\\capture.py\", line 880, in pytest_runtest_call\n    |     return (yield)\n    |             ^^^^^\n    |   File \"C:\\Users\\James\\AppData\\Roaming\\Python\\Python311\\site-packages\\pluggy\\_callers.py\", line 139, in _multicall\n    |     teardown.throw(exception)\n    |   File \"C:\\Users\\James\\AppData\\Roaming\\Python\\Python311\\site-packages\\pluggy\\_callers.py\", line 53, in run_old_style_hookwrapper\n    |     return result.get_result()\n    |            ^^^^^^^^^^^^^^^^^^^\n    |   File \"C:\\Users\\James\\AppData\\Roaming\\Python\\Python311\\site-packages\\pluggy\\_result.py\", line 103, in get_result\n    |     raise exc.with_traceback(tb)\n    |   File \"C:\\Users\\James\\AppData\\Roaming\\Python\\Python311\\site-packages\\pluggy\\_callers.py\", line 38, in run_old_style_hookwrapper\n    |     res = yield\n    |           ^^^^^\n    |   File \"C:\\Users\\James\\AppData\\Roaming\\Python\\Python311\\site-packages\\pluggy\\_callers.py\", line 139, in _multicall\n    |     teardown.throw(exception)\n    |   File \"C:\\Users\\James\\AppData\\Roaming\\Python\\Python311\\site-packages\\pluggy\\_callers.py\", line 53, in run_old_style_hookwrapper\n    |     return result.get_result()\n    |            ^^^^^^^^^^^^^^^^^^^\n    |   File \"C:\\Users\\James\\AppData\\Roaming\\Python\\Python311\\site-packages\\pluggy\\_result.py\", line 103, in get_result\n    |     raise exc.with_traceback(tb)\n    |   File \"C:\\Users\\James\\AppData\\Roaming\\Python\\Python311\\site-packages\\pluggy\\_callers.py\", line 38, in run_old_style_hookwrapper\n    |     res = yield\n    |           ^^^^^\n    |   File \"C:\\Users\\James\\AppData\\Roaming\\Python\\Python311\\site-packages\\pluggy\\_callers.py\", line 139, in _multicall\n    |     teardown.throw(exception)\n    |   File \"C:\\Users\\James\\AppData\\Local\\Programs\\Python\\Python311\\Lib\\site-packages\\_pytest\\skipping.py\", line 257, in pytest_runtest_call\n    |     return (yield)\n    |             ^^^^^\n    |   File \"C:\\Users\\James\\AppData\\Roaming\\Python\\Python311\\site-packages\\pluggy\\_callers.py\", line 121, in _multicall\n    |     res = hook_impl.function(*args)\n    |           ^^^^^^^^^^^^^^^^^^^^^^^^^\n    |   File \"C:\\Users\\James\\AppData\\Local\\Programs\\Python\\Python311\\Lib\\site-packages\\_pytest\\runner.py\", line 174, in pytest_runtest_call\n    |     item.runtest()\n    |   File \"C:\\Users\\James\\AppData\\Local\\Programs\\Python\\Python311\\Lib\\site-packages\\pytest_asyncio\\plugin.py\", line 549, in runtest\n    |     super().runtest()\n    |   File \"C:\\Users\\James\\AppData\\Local\\Programs\\Python\\Python311\\Lib\\site-packages\\_pytest\\python.py\", line 1627, in runtest\n    |     self.ihook.pytest_pyfunc_call(pyfuncitem=self)\n    |   File \"C:\\Users\\James\\AppData\\Roaming\\Python\\Python311\\site-packages\\pluggy\\_hooks.py\", line 512, in __call__\n    |     return self._hookexec(self.name, self._hookimpls.copy(), kwargs, firstresult)\n    |            ^^^^^^^^^^^^^^^^^^^^^^^^^^^^^^^^^^^^^^^^^^^^^^^^^^^^^^^^^^^^^^^^^^^^^^\n    |   File \"C:\\Users\\James\\AppData\\Roaming\\Python\\Python311\\site-packages\\pluggy\\_manager.py\", line 120, in _hookexec\n    |     return self._inner_hookexec(hook_name, methods, kwargs, firstresult)\n    |            ^^^^^^^^^^^^^^^^^^^^^^^^^^^^^^^^^^^^^^^^^^^^^^^^^^^^^^^^^^^^^\n    |   File \"C:\\Users\\James\\AppData\\Roaming\\Python\\Python311\\site-packages\\pluggy\\_callers.py\", line 167, in _multicall\n    |     raise exception\n    |   File \"C:\\Users\\James\\AppData\\Roaming\\Python\\Python311\\site-packages\\pluggy\\_callers.py\", line 139, in _multicall\n    |     teardown.throw(exception)\n    |   File \"C:\\Users\\James\\AppData\\Roaming\\Python\\Python311\\site-packages\\pluggy\\_callers.py\", line 53, in run_old_style_hookwrapper\n    |     return result.get_result()\n    |            ^^^^^^^^^^^^^^^^^^^\n    |   File \"C:\\Users\\James\\AppData\\Roaming\\Python\\Python311\\site-packages\\pluggy\\_result.py\", line 103, in get_result\n    |     raise exc.with_traceback(tb)\n    |   File \"C:\\Users\\James\\AppData\\Roaming\\Python\\Python311\\site-packages\\pluggy\\_callers.py\", line 38, in run_old_style_hookwrapper\n    |     res = yield\n    |           ^^^^^\n    |   File \"C:\\Users\\James\\AppData\\Roaming\\Python\\Python311\\site-packages\\pluggy\\_callers.py\", line 121, in _multicall\n    |     res = hook_impl.function(*args)\n    |           ^^^^^^^^^^^^^^^^^^^^^^^^^\n    |   File \"C:\\Users\\James\\AppData\\Local\\Programs\\Python\\Python311\\Lib\\site-packages\\_pytest\\python.py\", line 159, in pytest_pyfunc_call\n    |     result = testfunction(**testargs)\n    |              ^^^^^^^^^^^^^^^^^^^^^^^^\n    |   File \"C:\\Users\\James\\AppData\\Local\\Programs\\Python\\Python311\\Lib\\site-packages\\pytest_asyncio\\plugin.py\", line 1069, in inner\n    |     _loop.run_until_complete(task)\n    |   File \"C:\\Users\\James\\AppData\\Local\\Programs\\Python\\Python311\\Lib\\asyncio\\base_events.py\", line 654, in run_until_complete\n    |     return future.result()\n    |            ^^^^^^^^^^^^^^^\n    |   File \"C:\\Users\\James\\Documents\\Github\\GHrepos\\SCCMScripts\\TaskMan-v2\\backend-api\\tests\\integration\\api\\test_tasks_api.py\", line 138, in test_list_tasks_pagination_and_filtering\n    |     await client.post(\"/api/v1/tasks\", json={\n    |   File \"C:\\Users\\James\\AppData\\Local\\Programs\\Python\\Python311\\Lib\\site-packages\\httpx\\_client.py\", line 1905, in post\n    |     return await self.request(\n    |            ^^^^^^^^^^^^^^^^^^^\n    |   File \"C:\\Users\\James\\AppData\\Local\\Programs\\Python\\Python311\\Lib\\site-packages\\httpx\\_client.py\", line 1585, in request\n    |     return await self.send(request, auth=auth, follow_redirects=follow_redirects)\n    |            ^^^^^^^^^^^^^^^^^^^^^^^^^^^^^^^^^^^^^^^^^^^^^^^^^^^^^^^^^^^^^^^^^^^^^^\n    |   File \"C:\\Users\\James\\AppData\\Local\\Programs\\Python\\Python311\\Lib\\site-packages\\httpx\\_client.py\", line 1674, in send\n    |     response = await self._send_handling_auth(\n    |                ^^^^^^^^^^^^^^^^^^^^^^^^^^^^^^^\n    |   File \"C:\\Users\\James\\AppData\\Local\\Programs\\Python\\Python311\\Lib\\site-packages\\httpx\\_client.py\", line 1702, in _send_handling_auth\n    |     response = await self._send_handling_redirects(\n    |                ^^^^^^^^^^^^^^^^^^^^^^^^^^^^^^^^^^^^\n    |   File \"C:\\Users\\James\\AppData\\Local\\Programs\\Python\\Python311\\Lib\\site-packages\\httpx\\_client.py\", line 1739, in _send_handling_redirects\n    |     response = await self._send_single_request(request)\n    |                ^^^^^^^^^^^^^^^^^^^^^^^^^^^^^^^^^^^^^^^^\n    |   File \"C:\\Users\\James\\AppData\\Local\\Programs\\Python\\Python311\\Lib\\site-packages\\httpx\\_client.py\", line 1776, in _send_single_request\n    |     response = await transport.handle_async_request(request)\n    |                ^^^^^^^^^^^^^^^^^^^^^^^^^^^^^^^^^^^^^^^^^^^^^\n    |   File \"C:\\Users\\James\\AppData\\Local\\Programs\\Python\\Python311\\Lib\\site-packages\\httpx\\_transports\\asgi.py\", line 157, in handle_async_request\n    |     await self.app(scope, receive, send)\n    |   File \"C:\\Users\\James\\AppData\\Local\\Programs\\Python\\Python311\\Lib\\site-packages\\fastapi\\applications.py\", line 1054, in __call__\n    |     await super().__call__(scope, receive, send)\n    |   File \"C:\\Users\\James\\AppData\\Local\\Programs\\Python\\Python311\\Lib\\site-packages\\starlette\\applications.py\", line 112, in __call__\n    |     await self.middleware_stack(scope, receive, send)\n    |   File \"C:\\Users\\James\\AppData\\Local\\Programs\\Python\\Python311\\Lib\\site-packages\\starlette\\middleware\\errors.py\", line 187, in __call__\n    |     raise exc\n    |   File \"C:\\Users\\James\\AppData\\Local\\Programs\\Python\\Python311\\Lib\\site-packages\\starlette\\middleware\\errors.py\", line 165, in __call__\n    |     await self.app(scope, receive, _send)\n    |   File \"C:\\Users\\James\\AppData\\Local\\Programs\\Python\\Python311\\Lib\\site-packages\\starlette\\middleware\\base.py\", line 176, in __call__\n    |     with recv_stream, send_stream, collapse_excgroups():\n    |   File \"C:\\Users\\James\\AppData\\Local\\Programs\\Python\\Python311\\Lib\\contextlib.py\", line 158, in __exit__\n    |     self.gen.throw(typ, value, traceback)\n    |   File \"C:\\Users\\James\\AppData\\Local\\Programs\\Python\\Python311\\Lib\\site-packages\\starlette\\_utils.py\", line 82, in collapse_excgroups\n    |     raise exc\n    |   File \"C:\\Users\\James\\AppData\\Local\\Programs\\Python\\Python311\\Lib\\site-packages\\starlette\\middleware\\base.py\", line 178, in __call__\n    |     response = await self.dispatch_func(request, call_next)\n    |                ^^^^^^^^^^^^^^^^^^^^^^^^^^^^^^^^^^^^^^^^^^^^\n    |   File \"C:\\Users\\James\\Documents\\Github\\GHrepos\\SCCMScripts\\TaskMan-v2\\backend-api\\src\\taskman_api\\middleware\\logging_middleware.py\", line 223, in dispatch\n    |     response = await call_next(request)\n    |                ^^^^^^^^^^^^^^^^^^^^^^^^\n    |   File \"C:\\Users\\James\\AppData\\Local\\Programs\\Python\\Python311\\Lib\\site-packages\\starlette\\middleware\\base.py\", line 156, in call_next\n    |     raise app_exc\n    |   File \"C:\\Users\\James\\AppData\\Local\\Programs\\Python\\Python311\\Lib\\site-packages\\starlette\\middleware\\base.py\", line 141, in coro\n    |     await self.app(scope, receive_or_disconnect, send_no_error)\n    |   File \"C:\\Users\\James\\AppData\\Local\\Programs\\Python\\Python311\\Lib\\site-packages\\starlette\\middleware\\cors.py\", line 85, in __call__\n    |     await self.app(scope, receive, send)\n    |   File \"C:\\Users\\James\\AppData\\Local\\Programs\\Python\\Python311\\Lib\\site-packages\\starlette\\middleware\\exceptions.py\", line 62, in __call__\n    |     await wrap_app_handling_exceptions(self.app, conn)(scope, receive, send)\n    |   File \"C:\\Users\\James\\AppData\\Local\\Programs\\Python\\Python311\\Lib\\site-packages\\starlette\\_exception_handler.py\", line 53, in wrapped_app\n    |     raise exc\n    |   File \"C:\\Users\\James\\AppData\\Local\\Programs\\Python\\Python311\\Lib\\site-packages\\starlette\\_exception_handler.py\", line 42, in wrapped_app\n    |     await app(scope, receive, sender)\n    |   File \"C:\\Users\\James\\AppData\\Local\\Programs\\Python\\Python311\\Lib\\site-packages\\starlette\\routing.py\", line 714, in __call__\n    |     await self.middleware_stack(scope, receive, send)\n    |   File \"C:\\Users\\James\\AppData\\Local\\Programs\\Python\\Python311\\Lib\\site-packages\\starlette\\routing.py\", line 734, in app\n    |     await route.handle(scope, receive, send)\n    |   File \"C:\\Users\\James\\AppData\\Local\\Programs\\Python\\Python311\\Lib\\site-packages\\starlette\\routing.py\", line 288, in handle\n    |     await self.app(scope, receive, send)\n    |   File \"C:\\Users\\James\\AppData\\Local\\Programs\\Python\\Python311\\Lib\\site-packages\\starlette\\routing.py\", line 76, in app\n    |     await wrap_app_handling_exceptions(app, request)(scope, receive, send)\n    |   File \"C:\\Users\\James\\AppData\\Local\\Programs\\Python\\Python311\\Lib\\site-packages\\starlette\\_exception_handler.py\", line 53, in wrapped_app\n    |     raise exc\n    |   File \"C:\\Users\\James\\AppData\\Local\\Programs\\Python\\Python311\\Lib\\site-packages\\starlette\\_exception_handler.py\", line 42, in wrapped_app\n    |     await app(scope, receive, sender)\n    |   File \"C:\\Users\\James\\AppData\\Local\\Programs\\Python\\Python311\\Lib\\site-packages\\starlette\\routing.py\", line 73, in app\n    |     response = await f(request)\n    |                ^^^^^^^^^^^^^^^^\n    |   File \"C:\\Users\\James\\AppData\\Local\\Programs\\Python\\Python311\\Lib\\site-packages\\fastapi\\routing.py\", line 301, in app\n    |     raw_response = await run_endpoint_function(\n    |                    ^^^^^^^^^^^^^^^^^^^^^^^^^^^^\n    |   File \"C:\\Users\\James\\AppData\\Local\\Programs\\Python\\Python311\\Lib\\site-packages\\fastapi\\routing.py\", line 212, in run_endpoint_function\n    |     return await dependant.call(**values)\n    |            ^^^^^^^^^^^^^^^^^^^^^^^^^^^^^^\n    |   File \"C:\\Users\\James\\Documents\\Github\\GHrepos\\SCCMScripts\\TaskMan-v2\\backend-api\\src\\taskman_api\\routers\\tasks.py\", line 106, in create_task\n    |     result = await service.create(task)\n    |              ^^^^^^^^^^^^^^^^^^^^^^^^^^\n    |   File \"C:\\Users\\James\\Documents\\Github\\GHrepos\\SCCMScripts\\TaskMan-v2\\backend-api\\src\\taskman_api\\services\\task_service.py\", line 65, in create\n    |     if project_result.is_err():\n    |        ^^^^^^^^^^^^^^^^^^^^^\n    | AttributeError: 'NoneType' object has no attribute 'is_err'\n    +------------------------------------\n\nDuring handling of the above exception, another exception occurred:\n\nself = <test_tasks_api.TestTaskIntegration object at 0x000002211BB60A10>\nclient = <httpx.AsyncClient object at 0x000002211C923BD0>\n\n    async def test_list_tasks_pagination_and_filtering(self, client: AsyncClient):\n        \"\"\"Test listing tasks with various filters and pagination.\"\"\"\n    \n        # Seed Data\n        base_id = f\"{TASK_PREFIX}-LIST\"\n        for i in range(5):\n>           await client.post(\"/api/v1/tasks\", json={\n                \"id\": f\"{base_id}-{i}\",\n                \"title\": f\"Task {i}\",\n                \"summary\": f\"Summary {i}\",\n                \"description\": \"Desc\",\n                \"status\": \"new\" if i < 3 else \"done\",\n                \"priority\": \"p1\" if i % 2 == 0 else \"p2\",\n                \"owner\": \"owner.1\" if i < 2 else \"owner.2\",\n                \"primary_project\": self.project_id,\n                \"primary_sprint\": self.sprint_id\n            })\n\ntests\\integration\\api\\test_tasks_api.py:138: \n_ _ _ _ _ _ _ _ _ _ _ _ _ _ _ _ _ _ _ _ _ _ _ _ _ _ _ _ _ _ _ _ _ _ _ _ _ _ _ _ _ _ _ _ _ _ _ _ _ _ _ _ _ _ _ _ _ _ _ _\nC:\\Users\\James\\AppData\\Local\\Programs\\Python\\Python311\\Lib\\site-packages\\httpx\\_client.py:1905: in post\n    return await self.request(\nC:\\Users\\James\\AppData\\Local\\Programs\\Python\\Python311\\Lib\\site-packages\\httpx\\_client.py:1585: in request\n    return await self.send(request, auth=auth, follow_redirects=follow_redirects)\nC:\\Users\\James\\AppData\\Local\\Programs\\Python\\Python311\\Lib\\site-packages\\httpx\\_client.py:1674: in send\n    response = await self._send_handling_auth(\nC:\\Users\\James\\AppData\\Local\\Programs\\Python\\Python311\\Lib\\site-packages\\httpx\\_client.py:1702: in _send_handling_auth\n    response = await self._send_handling_redirects(\nC:\\Users\\James\\AppData\\Local\\Programs\\Python\\Python311\\Lib\\site-packages\\httpx\\_client.py:1739: in _send_handling_redirects\n    response = await self._send_single_request(request)\nC:\\Users\\James\\AppData\\Local\\Programs\\Python\\Python311\\Lib\\site-packages\\httpx\\_client.py:1776: in _send_single_request\n    response = await transport.handle_async_request(request)\nC:\\Users\\James\\AppData\\Local\\Programs\\Python\\Python311\\Lib\\site-packages\\httpx\\_transports\\asgi.py:157: in handle_async_request\n    await self.app(scope, receive, send)\nC:\\Users\\James\\AppData\\Local\\Programs\\Python\\Python311\\Lib\\site-packages\\fastapi\\applications.py:1054: in __call__\n    await super().__call__(scope, receive, send)\nC:\\Users\\James\\AppData\\Local\\Programs\\Python\\Python311\\Lib\\site-packages\\starlette\\applications.py:112: in __call__\n    await self.middleware_stack(scope, receive, send)\nC:\\Users\\James\\AppData\\Local\\Programs\\Python\\Python311\\Lib\\site-packages\\starlette\\middleware\\errors.py:187: in __call__\n    raise exc\nC:\\Users\\James\\AppData\\Local\\Programs\\Python\\Python311\\Lib\\site-packages\\starlette\\middleware\\errors.py:165: in __call__\n    await self.app(scope, receive, _send)\nC:\\Users\\James\\AppData\\Local\\Programs\\Python\\Python311\\Lib\\site-packages\\starlette\\middleware\\base.py:176: in __call__\n    with recv_stream, send_stream, collapse_excgroups():\nC:\\Users\\James\\AppData\\Local\\Programs\\Python\\Python311\\Lib\\contextlib.py:158: in __exit__\n    self.gen.throw(typ, value, traceback)\nC:\\Users\\James\\AppData\\Local\\Programs\\Python\\Python311\\Lib\\site-packages\\starlette\\_utils.py:82: in collapse_excgroups\n    raise exc\nC:\\Users\\James\\AppData\\Local\\Programs\\Python\\Python311\\Lib\\site-packages\\starlette\\middleware\\base.py:178: in __call__\n    response = await self.dispatch_func(request, call_next)\nsrc\\taskman_api\\middleware\\logging_middleware.py:223: in dispatch\n    response = await call_next(request)\nC:\\Users\\James\\AppData\\Local\\Programs\\Python\\Python311\\Lib\\site-packages\\starlette\\middleware\\base.py:156: in call_next\n    raise app_exc\nC:\\Users\\James\\AppData\\Local\\Programs\\Python\\Python311\\Lib\\site-packages\\starlette\\middleware\\base.py:141: in coro\n    await self.app(scope, receive_or_disconnect, send_no_error)\nC:\\Users\\James\\AppData\\Local\\Programs\\Python\\Python311\\Lib\\site-packages\\starlette\\middleware\\cors.py:85: in __call__\n    await self.app(scope, receive, send)\nC:\\Users\\James\\AppData\\Local\\Programs\\Python\\Python311\\Lib\\site-packages\\starlette\\middleware\\exceptions.py:62: in __call__\n    await wrap_app_handling_exceptions(self.app, conn)(scope, receive, send)\nC:\\Users\\James\\AppData\\Local\\Programs\\Python\\Python311\\Lib\\site-packages\\starlette\\_exception_handler.py:53: in wrapped_app\n    raise exc\nC:\\Users\\James\\AppData\\Local\\Programs\\Python\\Python311\\Lib\\site-packages\\starlette\\_exception_handler.py:42: in wrapped_app\n    await app(scope, receive, sender)\nC:\\Users\\James\\AppData\\Local\\Programs\\Python\\Python311\\Lib\\site-packages\\starlette\\routing.py:714: in __call__\n    await self.middleware_stack(scope, receive, send)\nC:\\Users\\James\\AppData\\Local\\Programs\\Python\\Python311\\Lib\\site-packages\\starlette\\routing.py:734: in app\n    await route.handle(scope, receive, send)\nC:\\Users\\James\\AppData\\Local\\Programs\\Python\\Python311\\Lib\\site-packages\\starlette\\routing.py:288: in handle\n    await self.app(scope, receive, send)\nC:\\Users\\James\\AppData\\Local\\Programs\\Python\\Python311\\Lib\\site-packages\\starlette\\routing.py:76: in app\n    await wrap_app_handling_exceptions(app, request)(scope, receive, send)\nC:\\Users\\James\\AppData\\Local\\Programs\\Python\\Python311\\Lib\\site-packages\\starlette\\_exception_handler.py:53: in wrapped_app\n    raise exc\nC:\\Users\\James\\AppData\\Local\\Programs\\Python\\Python311\\Lib\\site-packages\\starlette\\_exception_handler.py:42: in wrapped_app\n    await app(scope, receive, sender)\nC:\\Users\\James\\AppData\\Local\\Programs\\Python\\Python311\\Lib\\site-packages\\starlette\\routing.py:73: in app\n    response = await f(request)\nC:\\Users\\James\\AppData\\Local\\Programs\\Python\\Python311\\Lib\\site-packages\\fastapi\\routing.py:301: in app\n    raw_response = await run_endpoint_function(\nC:\\Users\\James\\AppData\\Local\\Programs\\Python\\Python311\\Lib\\site-packages\\fastapi\\routing.py:212: in run_endpoint_function\n    return await dependant.call(**values)\nsrc\\taskman_api\\routers\\tasks.py:106: in create_task\n    result = await service.create(task)\n_ _ _ _ _ _ _ _ _ _ _ _ _ _ _ _ _ _ _ _ _ _ _ _ _ _ _ _ _ _ _ _ _ _ _ _ _ _ _ _ _ _ _ _ _ _ _ _ _ _ _ _ _ _ _ _ _ _ _ _\n\nself = <taskman_api.services.task_service.TaskService object at 0x000002211BF90A50>\ncreate_data = TaskCreate(id='T-INT-LIST-0', title='Task 0', summary='Summary 0', description='Desc', status=<TaskStatus.NEW: 'new'>,...lue_score=None, cost_of_delay_score=None, automation_candidate=False, cycle_time_days=None, risks=[], observability={})\n\n    async def create(\n        self, create_data: TaskCreateRequest\n    ) -> Result[TaskResponse, ValidationError | AppError]:\n        \"\"\"Create new task with validation.\n    \n        Args:\n            create_data: Task creation data\n    \n        Returns:\n            Result containing created task or error\n        \"\"\"\n        # Validate project exists\n        project_result = await self.project_repo.get_by_id(create_data.primary_project)\n>       if project_result.is_err():\nE       AttributeError: 'NoneType' object has no attribute 'is_err'\n\nsrc\\taskman_api\\services\\task_service.py:65: AttributeError"}, "teardown": {"duration": 0.0019116000039502978, "outcome": "passed"}}, {"nodeid": "tests/integration/api/test_tasks_api.py::TestTaskIntegration::test_task_validation_errors", "lineno": 95, "outcome": "passed", "keywords": ["test_task_validation_errors", "asyncio", "TestTaskIntegration", "test_tasks_api.py", "api", "integration", "tests", "backend-api", ""], "setup": {"duration": 0.022216300014406443, "outcome": "passed", "stdout": "{\"method\": \"POST\", \"path\": \"/api/v1/projects\", \"query\": null, \"correlation_id\": \"31432e2e-91bb-4210-bd20-e9e611ce9039\", \"client_ip\": \"127.0.0.1\", \"event\": \"http_request\", \"timestamp\": \"2025-12-28T16:45:04.214097Z\", \"level\": \"info\"}\n{\"method\": \"POST\", \"path\": \"/api/v1/projects\", \"status_code\": 422, \"duration_ms\": 1.9, \"correlation_id\": \"31432e2e-91bb-4210-bd20-e9e611ce9039\", \"event\": \"http_response\", \"timestamp\": \"2025-12-28T16:45:04.216097Z\", \"level\": \"warning\"}\n{\"method\": \"POST\", \"path\": \"/api/v1/sprints\", \"query\": null, \"correlation_id\": \"f6d7e70a-218b-445a-83eb-5da37314dc2c\", \"client_ip\": \"127.0.0.1\", \"event\": \"http_request\", \"timestamp\": \"2025-12-28T16:45:04.217097Z\", \"level\": \"info\"}\n{\"method\": \"POST\", \"path\": \"/api/v1/sprints\", \"status_code\": 422, \"duration_ms\": 1.27, \"correlation_id\": \"f6d7e70a-218b-445a-83eb-5da37314dc2c\", \"event\": \"http_response\", \"timestamp\": \"2025-12-28T16:45:04.218097Z\", \"level\": \"warning\"}\n"}, "call": {"duration": 0.01003040000796318, "outcome": "passed", "stdout": "{\"method\": \"POST\", \"path\": \"/api/v1/tasks\", \"query\": null, \"correlation_id\": \"815fff6c-ef44-41b2-a050-b5ac05f56302\", \"client_ip\": \"127.0.0.1\", \"event\": \"http_request\", \"timestamp\": \"2025-12-28T16:45:04.220097Z\", \"level\": \"info\"}\n{\"method\": \"POST\", \"path\": \"/api/v1/tasks\", \"status_code\": 422, \"duration_ms\": 3.9, \"correlation_id\": \"815fff6c-ef44-41b2-a050-b5ac05f56302\", \"event\": \"http_response\", \"timestamp\": \"2025-12-28T16:45:04.223099Z\", \"level\": \"warning\"}\n{\"method\": \"POST\", \"path\": \"/api/v1/tasks\", \"query\": null, \"correlation_id\": \"3bdbd401-7827-4720-9f35-486575bd4433\", \"client_ip\": \"127.0.0.1\", \"event\": \"http_request\", \"timestamp\": \"2025-12-28T16:45:04.224099Z\", \"level\": \"info\"}\n{\"method\": \"POST\", \"path\": \"/api/v1/tasks\", \"status_code\": 422, \"duration_ms\": 1.86, \"correlation_id\": \"3bdbd401-7827-4720-9f35-486575bd4433\", \"event\": \"http_response\", \"timestamp\": \"2025-12-28T16:45:04.226646Z\", \"level\": \"warning\"}\n{\"method\": \"POST\", \"path\": \"/api/v1/tasks\", \"query\": null, \"correlation_id\": \"0d95380d-5834-4476-a4e5-081857c6c191\", \"client_ip\": \"127.0.0.1\", \"event\": \"http_request\", \"timestamp\": \"2025-12-28T16:45:04.226646Z\", \"level\": \"info\"}\n{\"method\": \"POST\", \"path\": \"/api/v1/tasks\", \"status_code\": 422, \"duration_ms\": 1.34, \"correlation_id\": \"0d95380d-5834-4476-a4e5-081857c6c191\", \"event\": \"http_response\", \"timestamp\": \"2025-12-28T16:45:04.228630Z\", \"level\": \"warning\"}\n"}, "teardown": {"duration": 0.0019626000430434942, "outcome": "passed"}}]}