warning: `VIRTUAL_ENV=C:\Users\James\Documents\Github\GHrepos\SCCMScripts\.venv` does not match the project environment path `.venv` and will be ignored; use `--active` to target the active environment instead
================================================= test session starts =================================================
platform win32 -- Python 3.11.9, pytest-8.4.2, pluggy-1.6.0 -- C:\Users\James\Documents\Github\GHrepos\SCCMScripts\TaskMan-v2\backend-api\.venv\Scripts\python.exe
cachedir: .pytest_cache
rootdir: C:\Users\James\Documents\Github\GHrepos\SCCMScripts\TaskMan-v2\backend-api
configfile: pyproject.toml
plugins: anyio-4.12.0, Faker-30.10.0, asyncio-0.26.0, cov-5.0.0, mock-3.15.1
asyncio: mode=Mode.AUTO, asyncio_default_fixture_loop_scope=function, asyncio_default_test_loop_scope=function
collecting ... collected 9 items

tests/unit/routers/test_tasks.py::TestTasksRouter::test_list_tasks_success {"event": "primary_db_initialized", "timestamp": "2025-12-29T18:04:23.214463Z", "level": "info"}
{"event": "fallback_db_initialized", "timestamp": "2025-12-29T18:04:23.228957Z", "level": "info"}
{"connected": false, "latency_ms": null, "event": "database_connected", "timestamp": "2025-12-29T18:04:23.239085Z", "level": "info"}
{"environment": "development", "port": 3001, "database_configured": true, "validation_warnings": 0, "event": "api_startup", "timestamp": "2025-12-29T18:04:23.239085Z", "level": "info"}
{"method": "GET", "path": "/api/v1/tasks", "query": "page=1&per_page=10", "correlation_id": "26a50fa2-bad5-4d0b-bedc-14c7364a6dcc", "client_ip": "testclient", "event": "http_request", "timestamp": "2025-12-29T18:04:23.244054Z", "level": "info"}
{"count": 2, "total": 2, "page": 1, "event": "tasks_listed", "timestamp": "2025-12-29T18:04:23.246035Z", "level": "info"}
{"method": "GET", "path": "/api/v1/tasks", "status_code": 200, "duration_ms": 2.7, "correlation_id": "26a50fa2-bad5-4d0b-bedc-14c7364a6dcc", "event": "http_response", "timestamp": "2025-12-29T18:04:23.246550Z", "level": "info"}
PASSED{"requests_processed": 1, "errors_logged": 0, "uptime_seconds": 0.18, "evidence_hash": "9da1086af458c5bd", "event": "session_summary", "timestamp": "2025-12-29T18:04:23.249226Z", "level": "info"}
{"event": "api_shutdown", "timestamp": "2025-12-29T18:04:23.249264Z", "level": "info"}

tests/unit/routers/test_tasks.py::TestTasksRouter::test_list_tasks_filtering {"error": "'NoneType' object has no attribute 'send'", "event": "primary_db_init_failed", "timestamp": "2025-12-29T18:04:23.267744Z", "level": "warning"}
{"event": "fallback_db_initialized", "timestamp": "2025-12-29T18:04:23.272986Z", "level": "info"}
{"connected": false, "latency_ms": null, "event": "database_connected", "timestamp": "2025-12-29T18:04:23.308865Z", "level": "info"}
{"environment": "development", "port": 3001, "database_configured": true, "validation_warnings": 0, "event": "api_startup", "timestamp": "2025-12-29T18:04:23.308865Z", "level": "info"}
{"method": "GET", "path": "/api/v1/tasks", "query": "status=new&priority=p1&project_id=P-1", "correlation_id": "5f5cccb0-d900-4ccd-a909-9ff1f57e0aaf", "client_ip": "testclient", "event": "http_request", "timestamp": "2025-12-29T18:04:23.311606Z", "level": "info"}
{"count": 0, "total": 0, "page": 1, "event": "tasks_listed", "timestamp": "2025-12-29T18:04:23.313730Z", "level": "info"}
{"method": "GET", "path": "/api/v1/tasks", "status_code": 200, "duration_ms": 2.17, "correlation_id": "5f5cccb0-d900-4ccd-a909-9ff1f57e0aaf", "event": "http_response", "timestamp": "2025-12-29T18:04:23.313730Z", "level": "info"}
PASSED{"requests_processed": 2, "errors_logged": 0, "uptime_seconds": 0.06, "evidence_hash": "8c2442eeccf5a148", "event": "session_summary", "timestamp": "2025-12-29T18:04:23.314775Z", "level": "info"}
{"event": "api_shutdown", "timestamp": "2025-12-29T18:04:23.315292Z", "level": "info"}

tests/unit/routers/test_tasks.py::TestTasksRouter::test_create_task_success {"error": "'NoneType' object has no attribute 'send'", "event": "primary_db_init_failed", "timestamp": "2025-12-29T18:04:23.320588Z", "level": "warning"}
{"event": "fallback_db_initialized", "timestamp": "2025-12-29T18:04:23.326743Z", "level": "info"}
{"connected": false, "latency_ms": null, "event": "database_connected", "timestamp": "2025-12-29T18:04:23.363437Z", "level": "info"}
{"environment": "development", "port": 3001, "database_configured": true, "validation_warnings": 0, "event": "api_startup", "timestamp": "2025-12-29T18:04:23.363437Z", "level": "info"}
{"method": "POST", "path": "/api/v1/tasks", "query": null, "correlation_id": "b8322ae4-0210-4047-80a3-b345d1060f18", "client_ip": "testclient", "event": "http_request", "timestamp": "2025-12-29T18:04:23.366133Z", "level": "info"}
{"task_id": "T-NEW", "title": "New Task", "event": "task_created", "timestamp": "2025-12-29T18:04:23.382707Z", "level": "info"}
{"method": "POST", "path": "/api/v1/tasks", "status_code": 201, "duration_ms": 17.02, "correlation_id": "b8322ae4-0210-4047-80a3-b345d1060f18", "event": "http_response", "timestamp": "2025-12-29T18:04:23.383259Z", "level": "info"}
PASSED{"requests_processed": 3, "errors_logged": 0, "uptime_seconds": 0.07, "evidence_hash": "a46039ceccb5b202", "event": "session_summary", "timestamp": "2025-12-29T18:04:23.384310Z", "level": "info"}
{"event": "api_shutdown", "timestamp": "2025-12-29T18:04:23.384310Z", "level": "info"}

tests/unit/routers/test_tasks.py::TestTasksRouter::test_get_task_success {"error": "'NoneType' object has no attribute 'send'", "event": "primary_db_init_failed", "timestamp": "2025-12-29T18:04:23.390305Z", "level": "warning"}
{"event": "fallback_db_initialized", "timestamp": "2025-12-29T18:04:23.396999Z", "level": "info"}
{"connected": false, "latency_ms": null, "event": "database_connected", "timestamp": "2025-12-29T18:04:23.431863Z", "level": "info"}
{"environment": "development", "port": 3001, "database_configured": true, "validation_warnings": 0, "event": "api_startup", "timestamp": "2025-12-29T18:04:23.431863Z", "level": "info"}
{"method": "GET", "path": "/api/v1/tasks/T-001", "query": null, "correlation_id": "2605a86b-4619-4e65-827d-612337cfe45e", "client_ip": "testclient", "event": "http_request", "timestamp": "2025-12-29T18:04:23.434476Z", "level": "info"}
{"task_id": "T-001", "event": "task_retrieved", "timestamp": "2025-12-29T18:04:23.435539Z", "level": "info"}
{"method": "GET", "path": "/api/v1/tasks/T-001", "status_code": 200, "duration_ms": 1.37, "correlation_id": "2605a86b-4619-4e65-827d-612337cfe45e", "event": "http_response", "timestamp": "2025-12-29T18:04:23.435539Z", "level": "info"}
PASSED{"requests_processed": 4, "errors_logged": 0, "uptime_seconds": 0.05, "evidence_hash": "8db1d4869ca081d6", "event": "session_summary", "timestamp": "2025-12-29T18:04:23.436590Z", "level": "info"}
{"event": "api_shutdown", "timestamp": "2025-12-29T18:04:23.436590Z", "level": "info"}

tests/unit/routers/test_tasks.py::TestTasksRouter::test_get_task_not_found {"error": "'NoneType' object has no attribute 'send'", "event": "primary_db_init_failed", "timestamp": "2025-12-29T18:04:23.442952Z", "level": "warning"}
{"event": "fallback_db_initialized", "timestamp": "2025-12-29T18:04:23.447844Z", "level": "info"}
{"connected": false, "latency_ms": null, "event": "database_connected", "timestamp": "2025-12-29T18:04:23.482898Z", "level": "info"}
{"environment": "development", "port": 3001, "database_configured": true, "validation_warnings": 0, "event": "api_startup", "timestamp": "2025-12-29T18:04:23.483420Z", "level": "info"}
{"method": "GET", "path": "/api/v1/tasks/T-999", "query": null, "correlation_id": "f9aa2d34-bea5-4630-8ac0-8435a2e933b1", "client_ip": "testclient", "event": "http_request", "timestamp": "2025-12-29T18:04:23.485508Z", "level": "info"}
{"method": "GET", "path": "/api/v1/tasks/T-999", "status_code": 404, "duration_ms": 1.12, "correlation_id": "f9aa2d34-bea5-4630-8ac0-8435a2e933b1", "event": "http_response", "timestamp": "2025-12-29T18:04:23.486552Z", "level": "warning"}
PASSED{"requests_processed": 5, "errors_logged": 1, "uptime_seconds": 0.05, "evidence_hash": "207ee7cccdbcd02e", "event": "session_summary", "timestamp": "2025-12-29T18:04:23.487610Z", "level": "info"}
{"event": "api_shutdown", "timestamp": "2025-12-29T18:04:23.487610Z", "level": "info"}

tests/unit/routers/test_tasks.py::TestTasksRouter::test_update_task_success {"error": "'NoneType' object has no attribute 'send'", "event": "primary_db_init_failed", "timestamp": "2025-12-29T18:04:23.495392Z", "level": "warning"}
{"event": "fallback_db_initialized", "timestamp": "2025-12-29T18:04:23.500209Z", "level": "info"}
{"connected": false, "latency_ms": null, "event": "database_connected", "timestamp": "2025-12-29T18:04:23.537098Z", "level": "info"}
{"environment": "development", "port": 3001, "database_configured": true, "validation_warnings": 0, "event": "api_startup", "timestamp": "2025-12-29T18:04:23.537612Z", "level": "info"}
{"method": "PATCH", "path": "/api/v1/tasks/T-001", "query": null, "correlation_id": "a9598436-8b87-4f33-a741-1f9c7ba18662", "client_ip": "testclient", "event": "http_request", "timestamp": "2025-12-29T18:04:23.539715Z", "level": "info"}
{"task_id": "T-001", "event": "task_updated", "timestamp": "2025-12-29T18:04:23.550218Z", "level": "info"}
{"method": "PATCH", "path": "/api/v1/tasks/T-001", "status_code": 200, "duration_ms": 11.05, "correlation_id": "a9598436-8b87-4f33-a741-1f9c7ba18662", "event": "http_response", "timestamp": "2025-12-29T18:04:23.550750Z", "level": "info"}
PASSED{"requests_processed": 6, "errors_logged": 1, "uptime_seconds": 0.06, "evidence_hash": "228aab861aef1d25", "event": "session_summary", "timestamp": "2025-12-29T18:04:23.551854Z", "level": "info"}
{"event": "api_shutdown", "timestamp": "2025-12-29T18:04:23.551854Z", "level": "info"}

tests/unit/routers/test_tasks.py::TestTasksRouter::test_delete_task_success {"error": "'NoneType' object has no attribute 'send'", "event": "primary_db_init_failed", "timestamp": "2025-12-29T18:04:23.557749Z", "level": "warning"}
{"event": "fallback_db_initialized", "timestamp": "2025-12-29T18:04:23.563336Z", "level": "info"}
{"connected": false, "latency_ms": null, "event": "database_connected", "timestamp": "2025-12-29T18:04:23.598346Z", "level": "info"}
{"environment": "development", "port": 3001, "database_configured": true, "validation_warnings": 0, "event": "api_startup", "timestamp": "2025-12-29T18:04:23.598346Z", "level": "info"}
{"method": "DELETE", "path": "/api/v1/tasks/T-001", "query": null, "correlation_id": "878581b0-47a8-43ca-8a60-e15f58584439", "client_ip": "testclient", "event": "http_request", "timestamp": "2025-12-29T18:04:23.600969Z", "level": "info"}
{"task_id": "T-001", "event": "task_deleted", "timestamp": "2025-12-29T18:04:23.601988Z", "level": "info"}
{"method": "DELETE", "path": "/api/v1/tasks/T-001", "status_code": 204, "duration_ms": 1.18, "correlation_id": "878581b0-47a8-43ca-8a60-e15f58584439", "event": "http_response", "timestamp": "2025-12-29T18:04:23.602009Z", "level": "info"}
PASSED{"requests_processed": 7, "errors_logged": 1, "uptime_seconds": 0.05, "evidence_hash": "b7fddcb386a6189f", "event": "session_summary", "timestamp": "2025-12-29T18:04:23.603048Z", "level": "info"}
{"event": "api_shutdown", "timestamp": "2025-12-29T18:04:23.603048Z", "level": "info"}

tests/unit/routers/test_tasks.py::TestTasksRouter::test_complete_task_success {"error": "'NoneType' object has no attribute 'send'", "event": "primary_db_init_failed", "timestamp": "2025-12-29T18:04:23.609396Z", "level": "warning"}
{"event": "fallback_db_initialized", "timestamp": "2025-12-29T18:04:23.615488Z", "level": "info"}
{"connected": false, "latency_ms": null, "event": "database_connected", "timestamp": "2025-12-29T18:04:23.650150Z", "level": "info"}
{"environment": "development", "port": 3001, "database_configured": true, "validation_warnings": 0, "event": "api_startup", "timestamp": "2025-12-29T18:04:23.650150Z", "level": "info"}
{"method": "POST", "path": "/api/v1/tasks/T-001/complete", "query": null, "correlation_id": "a614b385-4eac-4d49-a176-61c75dff5325", "client_ip": "testclient", "event": "http_request", "timestamp": "2025-12-29T18:04:23.652775Z", "level": "info"}
{"task_id": "T-001", "event": "task_completed", "timestamp": "2025-12-29T18:04:23.653838Z", "level": "info"}
{"method": "POST", "path": "/api/v1/tasks/T-001/complete", "status_code": 200, "duration_ms": 1.45, "correlation_id": "a614b385-4eac-4d49-a176-61c75dff5325", "event": "http_response", "timestamp": "2025-12-29T18:04:23.653838Z", "level": "info"}
PASSED{"requests_processed": 8, "errors_logged": 1, "uptime_seconds": 0.05, "evidence_hash": "f1a90cc93cc50aa9", "event": "session_summary", "timestamp": "2025-12-29T18:04:23.655423Z", "level": "info"}
{"event": "api_shutdown", "timestamp": "2025-12-29T18:04:23.655423Z", "level": "info"}

tests/unit/routers/test_tasks.py::TestTasksRouter::test_complete_task_validation_error {"error": "'NoneType' object has no attribute 'send'", "event": "primary_db_init_failed", "timestamp": "2025-12-29T18:04:23.662422Z", "level": "warning"}
{"event": "fallback_db_initialized", "timestamp": "2025-12-29T18:04:23.667777Z", "level": "info"}
{"connected": false, "latency_ms": null, "event": "database_connected", "timestamp": "2025-12-29T18:04:23.701720Z", "level": "info"}
{"environment": "development", "port": 3001, "database_configured": true, "validation_warnings": 0, "event": "api_startup", "timestamp": "2025-12-29T18:04:23.701720Z", "level": "info"}
{"method": "POST", "path": "/api/v1/tasks/T-001/complete", "query": null, "correlation_id": "65b4c878-483c-45a3-be24-3b3f5033b7bc", "client_ip": "testclient", "event": "http_request", "timestamp": "2025-12-29T18:04:23.704498Z", "level": "info"}
{"method": "POST", "path": "/api/v1/tasks/T-001/complete", "status_code": 422, "duration_ms": 1.34, "correlation_id": "65b4c878-483c-45a3-be24-3b3f5033b7bc", "event": "http_response", "timestamp": "2025-12-29T18:04:23.706077Z", "level": "warning"}
PASSED{"requests_processed": 9, "errors_logged": 2, "uptime_seconds": 0.05, "evidence_hash": "37e5b304f51cd238", "event": "session_summary", "timestamp": "2025-12-29T18:04:23.707125Z", "level": "info"}
{"event": "api_shutdown", "timestamp": "2025-12-29T18:04:23.707125Z", "level": "info"}


---------- coverage: platform win32, python 3.11.9-final-0 -----------
Name                                                      Stmts   Miss Branch BrPart   Cover   Missing
------------------------------------------------------------------------------------------------------
src\taskman_api\auth.py                                      61     39      8      0  31.88%   41-44, 48, 52, 56, 85-99, 115-120, 156-179, 200-212, 232-246
src\taskman_api\config.py                                    62     16      6      0  67.65%   102-103, 114-115, 224-243, 249, 255, 261, 290
src\taskman_api\core\errors.py                               80     46     38      5  33.05%   48-57, 74, 76, 103, 105, 107, 135-149, 172-180, 202-208, 229-233, 256-262
src\taskman_api\core\result.py                               49     16      0      0  67.35%   37, 40, 44, 48, 51, 55, 58, 62, 74, 77, 81, 85, 88, 92, 95, 99
src\taskman_api\db\base.py                                   11      1      0      0  90.91%   55
src\taskman_api\db\connection_manager.py                     91     42     10      2  50.50%   66-68, 97-101, 108-112, 117-121, 135-165, 182-183
src\taskman_api\db\session.py                                27      5      4      0  70.97%   48-50, 63-64
src\taskman_api\dependencies.py                              57     16      0      0  71.93%   38-42, 52, 57, 62, 67, 73, 78, 83, 88, 93, 98, 103, 108
src\taskman_api\main.py                                     127     33     18      5  68.28%   66, 73, 77, 83, 124-125, 136-137, 241-256, 280, 303, 314, 327-334, 343-348, 363-369, 378-385, 394-396
src\taskman_api\middleware\logging_middleware.py             85     11     32     13  79.49%   77, 98, 102, 123, 127, 133, 193->197, 211->222, 224-238, 248->258, 250->252, 254->258, 258->272, 261
src\taskman_api\models\action_list.py                        54     12      6      0  70.00%   33-36, 40-42, 46-48, 128, 133
src\taskman_api\models\checklist.py                          49     15      8      0  59.65%   121, 126, 131, 136-138, 143-145, 150-152, 157-159
src\taskman_api\models\conversation.py                       44      2      0      0  95.45%   142, 147
src\taskman_api\models\plan.py                               49     16     10      0  55.93%   112, 117, 122, 127, 132-134, 139-141, 146-151
src\taskman_api\models\project.py                            48      1      0      0  97.92%   100
src\taskman_api\models\sprint.py                             51      3      0      0  94.12%   44, 48, 101
src\taskman_api\repositories\action_list_repository.py       51     36     18      0  21.74%   23, 27-32, 36-39, 67-104, 117-128, 132-134, 138-140, 144-145
src\taskman_api\repositories\base.py                         46     28      4      0  36.00%   42-48, 52-55, 66-77, 81-82, 86-89, 93-95, 99-100, 104-107, 115-116
src\taskman_api\repositories\checklist_repository.py        129    104      8      0  18.25%   40, 58-70, 92, 108-120, 144-156, 182-194, 220-232, 256-268, 290-316, 340-357, 379-399, 413-424, 438-446, 460-490
src\taskman_api\repositories\conversation_repository.py     150    121      4      0  18.83%   37, 55-67, 89, 109-127, 151-163, 187-199, 223-242, 266-278, 292-303, 329, 347-359, 385-400, 424-439, 463-479, 499-507, 527-535, 555-563, 583-601
src\taskman_api\repositories\plan_repository.py             107     84      4      0  20.72%   40, 58-70, 92, 108, 126-138, 164-176, 202-214, 238-252, 274-296, 320-334, 348-359, 379-414
src\taskman_api\repositories\project_repository.py           65     47     14      0  22.78%   22, 26-29, 33-36, 40-43, 57-73, 84-96, 107-119, 124-133, 139-143, 149-153
src\taskman_api\repositories\sprint_repository.py            70     51     16      0  22.09%   22, 26-29, 33-36, 40-43, 47-50, 64-80, 93-107, 119-133, 138-147, 153-157, 163-167
src\taskman_api\repositories\task_repository.py             112     88     44      0  15.38%   24, 28-31, 35-36, 40-43, 47-50, 54-57, 75-100, 144-182, 203-235, 239-242, 247-256, 262-268, 274-280, 286-290, 296-300
src\taskman_api\routers\action_lists.py                     109     79     26      0  22.22%   82-104, 169-190, 258-275, 346-363, 394-403, 444-455, 503-519, 564-580, 596-607, 623-634, 650-661
src\taskman_api\routers\agent.py                             30     15      6      0  41.67%   32-72
src\taskman_api\routers\checklists.py                       167    120     80      0  19.03%   53-67, 86-92, 111-117, 136-142, 157-163, 182-188, 221-233, 263-269, 289-295, 318-324, 344-350, 369-375, 400-406, 426-432, 462-468, 491-497, 522-528, 551-557, 579-585, 607-613
src\taskman_api\routers\conversations.py                    143    102     68      0  19.43%   52-65, 84-90, 105-111, 141-147, 167-173, 196-202, 222-228, 247-253, 283-289, 312-318, 342-348, 371-377, 408-414, 441-447, 477-483, 508-514, 539-545
src\taskman_api\routers\diagnostic.py                        20     14      0      0  30.00%   16-40
src\taskman_api\routers\phases.py                           144    111     72      0  15.28%   59-69, 94-100, 131-151, 185-195, 225-232, 262-268, 298-305, 333-341, 369-377, 413-421, 445-451, 478-538
src\taskman_api\routers\plans.py                            135     96     64      0  19.60%   51-64, 83-89, 108-114, 135-145, 160-166, 196-202, 222-228, 251-257, 277-283, 302-308, 334-340, 361-367, 389-395, 425-431, 456-462, 486-492
src\taskman_api\routers\projects.py                          75     55     34      0  18.35%   36-64, 72-88, 96-105, 115-128, 136-145
src\taskman_api\routers\sprints.py                          108     82     52      0  16.25%   42-70, 78-94, 102-111, 119-128, 138-151, 159-168, 176-185, 193-202
src\taskman_api\routers\tasks.py                             96     28     44      7  59.29%   47-48, 57-58, 82-83, 97-107, 123-124, 139-146, 160-163, 179, 184-185
src\taskman_api\schemas\action_list.py                       82      3      2      0  94.05%   242-244
src\taskman_api\schemas\base.py                              55      3      6      3  90.16%   22, 24, 28
src\taskman_api\schemas\checklist.py                        110      6      2      0  92.86%   294-297, 303, 309
src\taskman_api\schemas\plan.py                              91      8      6      0  85.57%   218-221, 227-230
src\taskman_api\schemas\project.py                          163     46     26      0  61.90%   164-166, 182-194, 210-222, 228-240, 246-252
src\taskman_api\schemas\sprint.py                           154     42     22      0  63.64%   147-149, 154-156, 164-176, 182-194, 200-212
src\taskman_api\schemas\task.py                             195     45     28      2  68.16%   221, 229, 237-249, 257-269, 275-287, 293-299
src\taskman_api\services\action_list_service.py             159    131     42      0  13.93%   31-32, 41-43, 54-68, 80-96, 102-123, 127-149, 164-182, 186, 190, 197-213, 219-238, 244-252, 256-278, 284-306, 310-316, 322, 328
src\taskman_api\services\base.py                            122     96     24      0  17.81%   59-61, 69-84, 92-112, 126-162, 176-194, 213-249, 263-281, 297-311, 325-329, 337-341
src\taskman_api\services\checklist_service.py               296    265    136      0   7.18%   30, 35, 65-68, 84-119, 142-190, 208-258, 274-318, 336-377, 393-433, 451-496, 512-549, 563-574, 588-589, 615-639, 655-662, 678-685, 701-708, 724-731, 739-751
src\taskman_api\services\conversation_service.py            201    172     72      0  10.62%   33, 38, 73-77, 94-118, 134-150, 164-165, 179-200, 214-215, 234-271, 290-316, 332-333, 349-364, 380-395, 411-426, 450-470, 486-495, 503-510
src\taskman_api\services\phase_service.py                   179    147     84      0  12.17%   71-74, 78-83, 87-92, 114-121, 145-163, 189-225, 253-268, 294-302, 328-378, 404-408, 431-436, 462-466, 495-519, 554-588, 612-634
src\taskman_api\services\plan_service.py                    235    208    108      0   7.87%   29, 34, 63-66, 82-117, 131-151, 165-195, 213-269, 287-343, 361-397, 413-428, 452-474, 490-497, 513-520, 538-545, 553-560
src\taskman_api\services\project_service.py                 121    100     48      0  12.43%   44-48, 68-85, 115-175, 198-212, 232-246, 265-266, 290-300, 321-331, 361-373, 395-405, 429-439
src\taskman_api\services\sprint_service.py                  165    136     60      0  12.89%   54-59, 79-96, 113-157, 169-173, 177-179, 183-186, 209-229, 262-325, 344-345, 369-380, 401-412, 433-442, 464-472, 502-513, 535-544, 568-577
src\taskman_api\services\task_service.py                     92     69     28      0  19.17%   53-57, 71-92, 109-132, 166-185, 210-229, 255-256, 280-281, 310-329, 359-394, 416-424, 447-458
------------------------------------------------------------------------------------------------------
TOTAL                                                      5527   3012   1392     37  37.09%

14 files skipped due to complete coverage.
Coverage HTML written to dir htmlcov
Coverage JSON written to file coverage.json


================================================== 9 passed in 7.39s ==================================================
  + Exception Group Traceback (most recent call last):
  |   File "<frozen runpy>", line 198, in _run_module_as_main
  |   File "<frozen runpy>", line 88, in _run_code
  |   File "C:\Users\James\Documents\Github\GHrepos\SCCMScripts\TaskMan-v2\backend-api\.venv\Scripts\pytest.exe\__main__.py", line 10, in <module>
  |   File "C:\Users\James\Documents\Github\GHrepos\SCCMScripts\TaskMan-v2\backend-api\.venv\Lib\site-packages\_pytest\config\__init__.py", line 201, in console_main
  |     code = main()
  |            ^^^^^^
  |   File "C:\Users\James\Documents\Github\GHrepos\SCCMScripts\TaskMan-v2\backend-api\.venv\Lib\site-packages\_pytest\config\__init__.py", line 175, in main
  |     ret: ExitCode | int = config.hook.pytest_cmdline_main(config=config)
  |                           ^^^^^^^^^^^^^^^^^^^^^^^^^^^^^^^^^^^^^^^^^^^^^^
  |   File "C:\Users\James\Documents\Github\GHrepos\SCCMScripts\TaskMan-v2\backend-api\.venv\Lib\site-packages\pluggy\_hooks.py", line 512, in __call__
  |     return self._hookexec(self.name, self._hookimpls.copy(), kwargs, firstresult)
  |            ^^^^^^^^^^^^^^^^^^^^^^^^^^^^^^^^^^^^^^^^^^^^^^^^^^^^^^^^^^^^^^^^^^^^^^
  |   File "C:\Users\James\Documents\Github\GHrepos\SCCMScripts\TaskMan-v2\backend-api\.venv\Lib\site-packages\pluggy\_manager.py", line 120, in _hookexec
  |     return self._inner_hookexec(hook_name, methods, kwargs, firstresult)
  |            ^^^^^^^^^^^^^^^^^^^^^^^^^^^^^^^^^^^^^^^^^^^^^^^^^^^^^^^^^^^^^
  |   File "C:\Users\James\Documents\Github\GHrepos\SCCMScripts\TaskMan-v2\backend-api\.venv\Lib\site-packages\pluggy\_callers.py", line 167, in _multicall
  |     raise exception
  |   File "C:\Users\James\Documents\Github\GHrepos\SCCMScripts\TaskMan-v2\backend-api\.venv\Lib\site-packages\pluggy\_callers.py", line 121, in _multicall
  |     res = hook_impl.function(*args)
  |           ^^^^^^^^^^^^^^^^^^^^^^^^^
  |   File "C:\Users\James\Documents\Github\GHrepos\SCCMScripts\TaskMan-v2\backend-api\.venv\Lib\site-packages\_pytest\main.py", line 336, in pytest_cmdline_main
  |     return wrap_session(config, _main)
  |            ^^^^^^^^^^^^^^^^^^^^^^^^^^^
  |   File "C:\Users\James\Documents\Github\GHrepos\SCCMScripts\TaskMan-v2\backend-api\.venv\Lib\site-packages\_pytest\main.py", line 331, in wrap_session
  |     config._ensure_unconfigure()
  |   File "C:\Users\James\Documents\Github\GHrepos\SCCMScripts\TaskMan-v2\backend-api\.venv\Lib\site-packages\_pytest\config\__init__.py", line 1131, in _ensure_unconfigure
  |     self._cleanup_stack.close()
  |   File "C:\Users\James\AppData\Local\Programs\Python\Python311\Lib\contextlib.py", line 609, in close
  |     self.__exit__(None, None, None)
  |   File "C:\Users\James\AppData\Local\Programs\Python\Python311\Lib\contextlib.py", line 601, in __exit__
  |     raise exc_details[1]
  |   File "C:\Users\James\AppData\Local\Programs\Python\Python311\Lib\contextlib.py", line 586, in __exit__
  |     if cb(*exc_details):
  |        ^^^^^^^^^^^^^^^^
  |   File "C:\Users\James\AppData\Local\Programs\Python\Python311\Lib\contextlib.py", line 469, in _exit_wrapper
  |     callback(*args, **kwds)
  |   File "C:\Users\James\Documents\Github\GHrepos\SCCMScripts\TaskMan-v2\backend-api\.venv\Lib\site-packages\_pytest\unraisableexception.py", line 95, in cleanup
  |     collect_unraisable(config)
  |   File "C:\Users\James\Documents\Github\GHrepos\SCCMScripts\TaskMan-v2\backend-api\.venv\Lib\site-packages\_pytest\unraisableexception.py", line 81, in collect_unraisable
  |     raise ExceptionGroup("multiple unraisable exception warnings", errors)
  | ExceptionGroup: multiple unraisable exception warnings (24 sub-exceptions)
  +-+---------------- 1 ----------------
    | Traceback (most recent call last):
    |   File "C:\Users\James\AppData\Local\Programs\Python\Python311\Lib\warnings.py", line 538, in _warn_unawaited_coroutine
    |     warn(msg, category=RuntimeWarning, stacklevel=2, source=coro)
    | RuntimeWarning: coroutine 'Connection._cancel' was never awaited
    | 
    | The above exception was the direct cause of the following exception:
    | 
    | Traceback (most recent call last):
    |   File "C:\Users\James\Documents\Github\GHrepos\SCCMScripts\TaskMan-v2\backend-api\.venv\Lib\site-packages\_pytest\unraisableexception.py", line 67, in collect_unraisable
    |     warnings.warn(pytest.PytestUnraisableExceptionWarning(msg))
    | pytest.PytestUnraisableExceptionWarning: Exception ignored in: <coroutine object Connection._cancel at 0x0000024D68C8E040>
Enable tracemalloc to get traceback where the object was allocated.
See https://docs.pytest.org/en/stable/how-to/capture-warnings.html#resource-warnings for more info.
    +---------------- 2 ----------------
    | Traceback (most recent call last):
    |   File "C:\Users\James\AppData\Local\Programs\Python\Python311\Lib\typing.py", line 1653, in __getitem__
    |     return self.__getitem_inner__(params)
    |            ^^^^^^^^^^^^^^^^^^^^^^
    | ResourceWarning: unclosed <socket.socket fd=1360, family=23, type=1, proto=0, laddr=('::1', 52516, 0, 0), raddr=('::1', 5434, 0, 0)>
    | 
    | The above exception was the direct cause of the following exception:
    | 
    | Traceback (most recent call last):
    |   File "C:\Users\James\Documents\Github\GHrepos\SCCMScripts\TaskMan-v2\backend-api\.venv\Lib\site-packages\_pytest\unraisableexception.py", line 67, in collect_unraisable
    |     warnings.warn(pytest.PytestUnraisableExceptionWarning(msg))
    | pytest.PytestUnraisableExceptionWarning: Exception ignored in: <socket.socket fd=1360, family=23, type=1, proto=0, laddr=('::1', 52516, 0, 0), raddr=('::1', 5434, 0, 0)>
Enable tracemalloc to get traceback where the object was allocated.
See https://docs.pytest.org/en/stable/how-to/capture-warnings.html#resource-warnings for more info.
    +---------------- 3 ----------------
    | Traceback (most recent call last):
    |   File "C:\Users\James\AppData\Local\Programs\Python\Python311\Lib\asyncio\proactor_events.py", line 116, in __del__
    |     _warn(f"unclosed transport {self!r}", ResourceWarning, source=self)
    | ResourceWarning: unclosed transport <_ProactorSocketTransport fd=1360 read=<_OverlappedFuture cancelled>>
    | 
    | The above exception was the direct cause of the following exception:
    | 
    | Traceback (most recent call last):
    |   File "C:\Users\James\Documents\Github\GHrepos\SCCMScripts\TaskMan-v2\backend-api\.venv\Lib\site-packages\_pytest\unraisableexception.py", line 67, in collect_unraisable
    |     warnings.warn(pytest.PytestUnraisableExceptionWarning(msg))
    | pytest.PytestUnraisableExceptionWarning: Exception ignored in: <function _ProactorBasePipeTransport.__del__ at 0x0000024D63449B20>
Enable tracemalloc to get traceback where the object was allocated.
See https://docs.pytest.org/en/stable/how-to/capture-warnings.html#resource-warnings for more info.
    +---------------- 4 ----------------
    | Traceback (most recent call last):
    |   File "C:\Users\James\AppData\Local\Programs\Python\Python311\Lib\warnings.py", line 538, in _warn_unawaited_coroutine
    |     warn(msg, category=RuntimeWarning, stacklevel=2, source=coro)
    | RuntimeWarning: coroutine 'Connection._cancel' was never awaited
    | 
    | The above exception was the direct cause of the following exception:
    | 
    | Traceback (most recent call last):
    |   File "C:\Users\James\Documents\Github\GHrepos\SCCMScripts\TaskMan-v2\backend-api\.venv\Lib\site-packages\_pytest\unraisableexception.py", line 67, in collect_unraisable
    |     warnings.warn(pytest.PytestUnraisableExceptionWarning(msg))
    | pytest.PytestUnraisableExceptionWarning: Exception ignored in: <coroutine object Connection._cancel at 0x0000024D69108040>
Enable tracemalloc to get traceback where the object was allocated.
See https://docs.pytest.org/en/stable/how-to/capture-warnings.html#resource-warnings for more info.
    +---------------- 5 ----------------
    | Traceback (most recent call last):
    |   File "C:\Users\James\Documents\Github\GHrepos\SCCMScripts\TaskMan-v2\backend-api\.venv\Lib\site-packages\coverage\collector.py", line 471, in flush_data
    |     tuples.append((l1, l2))
    |                   ^^^^^^^^
    | ResourceWarning: unclosed <socket.socket fd=1224, family=23, type=1, proto=0, laddr=('::1', 52537, 0, 0), raddr=('::1', 5434, 0, 0)>
    | 
    | The above exception was the direct cause of the following exception:
    | 
    | Traceback (most recent call last):
    |   File "C:\Users\James\Documents\Github\GHrepos\SCCMScripts\TaskMan-v2\backend-api\.venv\Lib\site-packages\_pytest\unraisableexception.py", line 67, in collect_unraisable
    |     warnings.warn(pytest.PytestUnraisableExceptionWarning(msg))
    | pytest.PytestUnraisableExceptionWarning: Exception ignored in: <socket.socket fd=1224, family=23, type=1, proto=0, laddr=('::1', 52537, 0, 0), raddr=('::1', 5434, 0, 0)>
Enable tracemalloc to get traceback where the object was allocated.
See https://docs.pytest.org/en/stable/how-to/capture-warnings.html#resource-warnings for more info.
    +---------------- 6 ----------------
    | Traceback (most recent call last):
    |   File "C:\Users\James\AppData\Local\Programs\Python\Python311\Lib\asyncio\proactor_events.py", line 116, in __del__
    |     _warn(f"unclosed transport {self!r}", ResourceWarning, source=self)
    | ResourceWarning: unclosed transport <_ProactorSocketTransport fd=1224 read=<_OverlappedFuture cancelled>>
    | 
    | The above exception was the direct cause of the following exception:
    | 
    | Traceback (most recent call last):
    |   File "C:\Users\James\Documents\Github\GHrepos\SCCMScripts\TaskMan-v2\backend-api\.venv\Lib\site-packages\_pytest\unraisableexception.py", line 67, in collect_unraisable
    |     warnings.warn(pytest.PytestUnraisableExceptionWarning(msg))
    | pytest.PytestUnraisableExceptionWarning: Exception ignored in: <function _ProactorBasePipeTransport.__del__ at 0x0000024D63449B20>
Enable tracemalloc to get traceback where the object was allocated.
See https://docs.pytest.org/en/stable/how-to/capture-warnings.html#resource-warnings for more info.
    +---------------- 7 ----------------
    | Traceback (most recent call last):
    |   File "C:\Users\James\AppData\Local\Programs\Python\Python311\Lib\warnings.py", line 538, in _warn_unawaited_coroutine
    |     warn(msg, category=RuntimeWarning, stacklevel=2, source=coro)
    | RuntimeWarning: coroutine 'Connection._cancel' was never awaited
    | 
    | The above exception was the direct cause of the following exception:
    | 
    | Traceback (most recent call last):
    |   File "C:\Users\James\Documents\Github\GHrepos\SCCMScripts\TaskMan-v2\backend-api\.venv\Lib\site-packages\_pytest\unraisableexception.py", line 67, in collect_unraisable
    |     warnings.warn(pytest.PytestUnraisableExceptionWarning(msg))
    | pytest.PytestUnraisableExceptionWarning: Exception ignored in: <coroutine object Connection._cancel at 0x0000024D68C8E340>
Enable tracemalloc to get traceback where the object was allocated.
See https://docs.pytest.org/en/stable/how-to/capture-warnings.html#resource-warnings for more info.
    +---------------- 8 ----------------
    | Traceback (most recent call last):
    |   File "C:\Users\James\Documents\Github\GHrepos\SCCMScripts\TaskMan-v2\backend-api\.venv\Lib\site-packages\coverage\collector.py", line 471, in flush_data
    |     tuples.append((l1, l2))
    |                   ^^^^^^^^
    | ResourceWarning: unclosed <socket.socket fd=1220, family=23, type=1, proto=0, laddr=('::1', 52534, 0, 0), raddr=('::1', 5434, 0, 0)>
    | 
    | The above exception was the direct cause of the following exception:
    | 
    | Traceback (most recent call last):
    |   File "C:\Users\James\Documents\Github\GHrepos\SCCMScripts\TaskMan-v2\backend-api\.venv\Lib\site-packages\_pytest\unraisableexception.py", line 67, in collect_unraisable
    |     warnings.warn(pytest.PytestUnraisableExceptionWarning(msg))
    | pytest.PytestUnraisableExceptionWarning: Exception ignored in: <socket.socket fd=1220, family=23, type=1, proto=0, laddr=('::1', 52534, 0, 0), raddr=('::1', 5434, 0, 0)>
Enable tracemalloc to get traceback where the object was allocated.
See https://docs.pytest.org/en/stable/how-to/capture-warnings.html#resource-warnings for more info.
    +---------------- 9 ----------------
    | Traceback (most recent call last):
    |   File "C:\Users\James\AppData\Local\Programs\Python\Python311\Lib\asyncio\proactor_events.py", line 116, in __del__
    |     _warn(f"unclosed transport {self!r}", ResourceWarning, source=self)
    | ResourceWarning: unclosed transport <_ProactorSocketTransport fd=1220 read=<_OverlappedFuture cancelled>>
    | 
    | The above exception was the direct cause of the following exception:
    | 
    | Traceback (most recent call last):
    |   File "C:\Users\James\Documents\Github\GHrepos\SCCMScripts\TaskMan-v2\backend-api\.venv\Lib\site-packages\_pytest\unraisableexception.py", line 67, in collect_unraisable
    |     warnings.warn(pytest.PytestUnraisableExceptionWarning(msg))
    | pytest.PytestUnraisableExceptionWarning: Exception ignored in: <function _ProactorBasePipeTransport.__del__ at 0x0000024D63449B20>
Enable tracemalloc to get traceback where the object was allocated.
See https://docs.pytest.org/en/stable/how-to/capture-warnings.html#resource-warnings for more info.
    +---------------- 10 ----------------
    | Traceback (most recent call last):
    |   File "C:\Users\James\AppData\Local\Programs\Python\Python311\Lib\warnings.py", line 538, in _warn_unawaited_coroutine
    |     warn(msg, category=RuntimeWarning, stacklevel=2, source=coro)
    | RuntimeWarning: coroutine 'Connection._cancel' was never awaited
    | 
    | The above exception was the direct cause of the following exception:
    | 
    | Traceback (most recent call last):
    |   File "C:\Users\James\Documents\Github\GHrepos\SCCMScripts\TaskMan-v2\backend-api\.venv\Lib\site-packages\_pytest\unraisableexception.py", line 67, in collect_unraisable
    |     warnings.warn(pytest.PytestUnraisableExceptionWarning(msg))
    | pytest.PytestUnraisableExceptionWarning: Exception ignored in: <coroutine object Connection._cancel at 0x0000024D68C8F040>
Enable tracemalloc to get traceback where the object was allocated.
See https://docs.pytest.org/en/stable/how-to/capture-warnings.html#resource-warnings for more info.
    +---------------- 11 ----------------
    | Traceback (most recent call last):
    |   File "C:\Users\James\AppData\Local\Programs\Python\Python311\Lib\asyncio\proactor_events.py", line 116, in __del__
    |     _warn(f"unclosed transport {self!r}", ResourceWarning, source=self)
    | ResourceWarning: unclosed transport <_ProactorSocketTransport fd=-1 read=<_OverlappedFuture cancelled>>
    | 
    | The above exception was the direct cause of the following exception:
    | 
    | Traceback (most recent call last):
    |   File "C:\Users\James\Documents\Github\GHrepos\SCCMScripts\TaskMan-v2\backend-api\.venv\Lib\site-packages\_pytest\unraisableexception.py", line 67, in collect_unraisable
    |     warnings.warn(pytest.PytestUnraisableExceptionWarning(msg))
    | pytest.PytestUnraisableExceptionWarning: Exception ignored in: <function _ProactorBasePipeTransport.__del__ at 0x0000024D63449B20>
Enable tracemalloc to get traceback where the object was allocated.
See https://docs.pytest.org/en/stable/how-to/capture-warnings.html#resource-warnings for more info.
    +---------------- 12 ----------------
    | Traceback (most recent call last):
    |   File "C:\Users\James\Documents\Github\GHrepos\SCCMScripts\TaskMan-v2\backend-api\.venv\Lib\site-packages\coverage\collector.py", line 471, in flush_data
    |     tuples.append((l1, l2))
    |                   ^^^^^^^^
    | ResourceWarning: unclosed <socket.socket fd=1052, family=23, type=1, proto=0, laddr=('::1', 52531, 0, 0), raddr=('::1', 5434, 0, 0)>
    | 
    | The above exception was the direct cause of the following exception:
    | 
    | Traceback (most recent call last):
    |   File "C:\Users\James\Documents\Github\GHrepos\SCCMScripts\TaskMan-v2\backend-api\.venv\Lib\site-packages\_pytest\unraisableexception.py", line 67, in collect_unraisable
    |     warnings.warn(pytest.PytestUnraisableExceptionWarning(msg))
    | pytest.PytestUnraisableExceptionWarning: Exception ignored in: <socket.socket fd=1052, family=23, type=1, proto=0, laddr=('::1', 52531, 0, 0), raddr=('::1', 5434, 0, 0)>
Enable tracemalloc to get traceback where the object was allocated.
See https://docs.pytest.org/en/stable/how-to/capture-warnings.html#resource-warnings for more info.
    +---------------- 13 ----------------
    | Traceback (most recent call last):
    |   File "C:\Users\James\AppData\Local\Programs\Python\Python311\Lib\warnings.py", line 538, in _warn_unawaited_coroutine
    |     warn(msg, category=RuntimeWarning, stacklevel=2, source=coro)
    | RuntimeWarning: coroutine 'Connection._cancel' was never awaited
    | 
    | The above exception was the direct cause of the following exception:
    | 
    | Traceback (most recent call last):
    |   File "C:\Users\James\Documents\Github\GHrepos\SCCMScripts\TaskMan-v2\backend-api\.venv\Lib\site-packages\_pytest\unraisableexception.py", line 67, in collect_unraisable
    |     warnings.warn(pytest.PytestUnraisableExceptionWarning(msg))
    | pytest.PytestUnraisableExceptionWarning: Exception ignored in: <coroutine object Connection._cancel at 0x0000024D68C8F740>
Enable tracemalloc to get traceback where the object was allocated.
See https://docs.pytest.org/en/stable/how-to/capture-warnings.html#resource-warnings for more info.
    +---------------- 14 ----------------
    | Traceback (most recent call last):
    |   File "C:\Users\James\Documents\Github\GHrepos\SCCMScripts\TaskMan-v2\backend-api\.venv\Lib\site-packages\coverage\collector.py", line 471, in flush_data
    |     tuples.append((l1, l2))
    |                   ^^^^^^^^
    | ResourceWarning: unclosed <socket.socket fd=1012, family=23, type=1, proto=0, laddr=('::1', 52528, 0, 0), raddr=('::1', 5434, 0, 0)>
    | 
    | The above exception was the direct cause of the following exception:
    | 
    | Traceback (most recent call last):
    |   File "C:\Users\James\Documents\Github\GHrepos\SCCMScripts\TaskMan-v2\backend-api\.venv\Lib\site-packages\_pytest\unraisableexception.py", line 67, in collect_unraisable
    |     warnings.warn(pytest.PytestUnraisableExceptionWarning(msg))
    | pytest.PytestUnraisableExceptionWarning: Exception ignored in: <socket.socket fd=1012, family=23, type=1, proto=0, laddr=('::1', 52528, 0, 0), raddr=('::1', 5434, 0, 0)>
Enable tracemalloc to get traceback where the object was allocated.
See https://docs.pytest.org/en/stable/how-to/capture-warnings.html#resource-warnings for more info.
    +---------------- 15 ----------------
    | Traceback (most recent call last):
    |   File "C:\Users\James\AppData\Local\Programs\Python\Python311\Lib\asyncio\proactor_events.py", line 116, in __del__
    |     _warn(f"unclosed transport {self!r}", ResourceWarning, source=self)
    | ResourceWarning: unclosed transport <_ProactorSocketTransport fd=1012 read=<_OverlappedFuture cancelled>>
    | 
    | The above exception was the direct cause of the following exception:
    | 
    | Traceback (most recent call last):
    |   File "C:\Users\James\Documents\Github\GHrepos\SCCMScripts\TaskMan-v2\backend-api\.venv\Lib\site-packages\_pytest\unraisableexception.py", line 67, in collect_unraisable
    |     warnings.warn(pytest.PytestUnraisableExceptionWarning(msg))
    | pytest.PytestUnraisableExceptionWarning: Exception ignored in: <function _ProactorBasePipeTransport.__del__ at 0x0000024D63449B20>
Enable tracemalloc to get traceback where the object was allocated.
See https://docs.pytest.org/en/stable/how-to/capture-warnings.html#resource-warnings for more info.
    +---------------- ... ----------------
    | and 9 more exceptions
    +------------------------------------
